Log file open, 06/05/20 20:09:27
LogWindows: Failed to load 'aqProf.dll' (GetLastError=126)
LogWindows: File 'aqProf.dll' does not exist
LogWindows: Failed to load 'VtuneApi.dll' (GetLastError=126)
LogWindows: File 'VtuneApi.dll' does not exist
LogWindows: Failed to load 'VtuneApi32e.dll' (GetLastError=126)
LogWindows: File 'VtuneApi32e.dll' does not exist
LogConsoleResponse: Display: Failed to find resolution value strings in scalability ini. Falling back to default.
LogInit: Display: Running engine for game: Project
LogPlatformFile: Not using cached read wrapper
LogTaskGraph: Started task graph with 5 named threads and 11 total threads with 3 sets of task threads.
LogStats: Stats thread started at 0.508280
LogD3D11RHI: Loaded GFSDK_Aftermath_Lib.x64.dll
LogICUInternationalization: ICU TimeZone Detection - Raw Offset: -5:00, Platform Override: ''
LogPluginManager: Mounting plugin Paper2D
LogPluginManager: Mounting plugin AISupport
LogPluginManager: Mounting plugin LightPropagationVolume
LogPluginManager: Mounting plugin ActorLayerUtilities
LogPluginManager: Mounting plugin AnimationSharing
LogPluginManager: Mounting plugin CLionSourceCodeAccess
LogPluginManager: Mounting plugin CodeLiteSourceCodeAccess
LogPluginManager: Mounting plugin GitSourceControl
LogPluginManager: Mounting plugin KDevelopSourceCodeAccess
LogPluginManager: Mounting plugin NullSourceCodeAccess
LogPluginManager: Mounting plugin PerforceSourceControl
LogPluginManager: Mounting plugin PlasticSourceControl
LogPluginManager: Mounting plugin SubversionSourceControl
LogPluginManager: Mounting plugin UObjectPlugin
LogPluginManager: Mounting plugin VisualStudioCodeSourceCodeAccess
LogPluginManager: Mounting plugin VisualStudioSourceCodeAccess
LogPluginManager: Mounting plugin XCodeSourceCodeAccess
LogPluginManager: Mounting plugin AssetManagerEditor
LogPluginManager: Mounting plugin CryptoKeys
LogPluginManager: Mounting plugin CurveEditorTools
LogPluginManager: Mounting plugin DataValidation
LogPluginManager: Mounting plugin FacialAnimation
LogPluginManager: Mounting plugin GameplayTagsEditor
LogPluginManager: Mounting plugin MacGraphicsSwitching
LogPluginManager: Mounting plugin MaterialAnalyzer
LogPluginManager: Mounting plugin MobileLauncherProfileWizard
LogPluginManager: Mounting plugin PluginBrowser
LogPluginManager: Mounting plugin SpeedTreeImporter
LogPluginManager: Mounting plugin DatasmithContent
LogPluginManager: Mounting plugin VariantManagerContent
LogPluginManager: Mounting plugin AlembicImporter
LogPluginManager: Mounting plugin AutomationUtils
LogPluginManager: Mounting plugin BackChannel
LogPluginManager: Mounting plugin CharacterAI
LogPluginManager: Mounting plugin GeometryCache
LogPluginManager: Mounting plugin PlatformCrypto
LogPluginManager: Mounting plugin ProxyLODPlugin
LogPluginManager: Mounting plugin SkeletalReduction
LogPluginManager: Mounting plugin MagicLeap
LogPluginManager: Mounting plugin MagicLeapMedia
LogPluginManager: Mounting plugin MLSDK
LogPluginManager: Mounting plugin AndroidMedia
LogPluginManager: Mounting plugin AvfMedia
LogPluginManager: Mounting plugin ImgMedia
LogPluginManager: Mounting plugin MediaCompositing
LogPluginManager: Mounting plugin MediaPlayerEditor
LogPluginManager: Mounting plugin WebMMedia
LogPluginManager: Mounting plugin WmfMedia
LogPluginManager: Mounting plugin TcpMessaging
LogPluginManager: Mounting plugin UdpMessaging
LogPluginManager: Mounting plugin ActorSequence
LogPluginManager: Mounting plugin LevelSequenceEditor
LogPluginManager: Mounting plugin MatineeToLevelSequence
LogPluginManager: Mounting plugin NetcodeUnitTest
LogPluginManager: Mounting plugin NUTUnrealEngine4
LogPluginManager: Mounting plugin OnlineSubsystemGooglePlay
LogPluginManager: Mounting plugin OnlineSubsystemIOS
LogPluginManager: Mounting plugin OnlineSubsystem
LogPluginManager: Mounting plugin OnlineSubsystemNull
LogPluginManager: Mounting plugin OnlineSubsystemUtils
LogPluginManager: Mounting plugin LauncherChunkInstaller
LogPluginManager: Mounting plugin AndroidDeviceProfileSelector
LogPluginManager: Mounting plugin AndroidMoviePlayer
LogPluginManager: Mounting plugin AndroidPermission
LogPluginManager: Mounting plugin AppleImageUtils
LogPluginManager: Mounting plugin AppleMoviePlayer
LogPluginManager: Mounting plugin ArchVisCharacter
LogPluginManager: Mounting plugin AssetTags
LogPluginManager: Mounting plugin AudioCapture
LogPluginManager: Mounting plugin CableComponent
LogPluginManager: Mounting plugin CustomMeshComponent
LogPluginManager: Mounting plugin EditableMesh
LogPluginManager: Mounting plugin ExampleDeviceProfileSelector
LogPluginManager: Mounting plugin GoogleCloudMessaging
LogPluginManager: Mounting plugin IOSDeviceProfileSelector
LogPluginManager: Mounting plugin LinuxDeviceProfileSelector
LogPluginManager: Mounting plugin LocationServicesBPLibrary
LogPluginManager: Mounting plugin MobilePatchingUtils
LogPluginManager: Mounting plugin OculusVR
LogPluginManager: Mounting plugin PhysXVehicles
LogPluginManager: Mounting plugin PostSplashScreen
LogPluginManager: Mounting plugin ProceduralMeshComponent
LogPluginManager: Mounting plugin RuntimePhysXCooking
LogPluginManager: Mounting plugin SignificanceManager
LogPluginManager: Mounting plugin SteamVR
LogPluginManager: Mounting plugin WebMMoviePlayer
LogPluginManager: Mounting plugin WindowsMoviePlayer
LogPluginManager: Mounting plugin ScreenshotTools
LogInit: Using libcurl 7.55.1-DEV
LogInit:  - built for x86_64-pc-win32
LogInit:  - supports SSL with OpenSSL/1.1.1
LogInit:  - supports HTTP deflate (compression) using libz 1.2.8
LogInit:  - other features:
LogInit:      CURL_VERSION_SSL
LogInit:      CURL_VERSION_LIBZ
LogInit:      CURL_VERSION_IPV6
LogInit:      CURL_VERSION_ASYNCHDNS
LogInit:      CURL_VERSION_LARGEFILE
LogInit:      CURL_VERSION_IDN
LogInit:  CurlRequestOptions (configurable via config and command line):
LogInit:  - bVerifyPeer = true  - Libcurl will verify peer certificate
LogInit:  - bUseHttpProxy = false  - Libcurl will NOT use HTTP proxy
LogInit:  - bDontReuseConnections = false  - Libcurl will reuse connections
LogInit:  - MaxHostConnections = 16  - Libcurl will limit the number of connections to a host
LogInit:  - LocalHostAddr = Default
LogInit:  - BufferSize = 65536
LogOnline: OSS: Creating online subsystem instance for: NULL
LogInit: WinSock: version 1.1 (2.2), MaxSocks=32767, MaxUdp=65467
LogOnline: OSS: TryLoadSubsystemAndSetDefault: Loaded subsystem for module [NULL]
LogInit: Build: ++UE4+Release-4.24-CL-11590370
LogInit: Engine Version: 4.24.3-11590370+++UE4+Release-4.24
LogInit: Compatible Engine Version: 4.24.0-10570792+++UE4+Release-4.24
LogInit: Net CL: 10570792
LogInit: OS: Windows 10 (Release 1909) (), CPU: Intel(R) Core(TM) i7-7500U CPU @ 2.70GHz, GPU: Intel(R) HD Graphics 620
LogInit: Compiled (64-bit): Feb 24 2020 15:39:18
LogInit: Compiled with Visual C++: 19.16.27032.01
LogInit: Build Configuration: Development
LogInit: Branch Name: ++UE4+Release-4.24
LogInit: Command Line:  -skipcompile
LogInit: Base Directory: C:/Program Files/Epic Games/UE_4.24/Engine/Binaries/Win64/
LogInit: Installed Engine Build: 1
LogDevObjectVersion: Number of dev versions registered: 25
LogDevObjectVersion:   Dev-Blueprints (B0D832E4-1F89-4F0D-ACCF-7EB736FD4AA2): 10
LogDevObjectVersion:   Dev-Build (E1C64328-A22C-4D53-A36C-8E866417BD8C): 0
LogDevObjectVersion:   Dev-Core (375EC13C-06E4-48FB-B500-84F0262A717E): 3
LogDevObjectVersion:   Dev-Editor (E4B068ED-F494-42E9-A231-DA0B2E46BB41): 37
LogDevObjectVersion:   Dev-Framework (CFFC743F-43B0-4480-9391-14DF171D2073): 36
LogDevObjectVersion:   Dev-Mobile (B02B49B5-BB20-44E9-A304-32B752E40360): 2
LogDevObjectVersion:   Dev-Networking (A4E4105C-59A1-49B5-A7C5-40C4547EDFEE): 0
LogDevObjectVersion:   Dev-Online (39C831C9-5AE6-47DC-9A44-9C173E1C8E7C): 0
LogDevObjectVersion:   Dev-Physics (78F01B33-EBEA-4F98-B9B4-84EACCB95AA2): 2
LogDevObjectVersion:   Dev-Platform (6631380F-2D4D-43E0-8009-CF276956A95A): 0
LogDevObjectVersion:   Dev-Rendering (12F88B9F-8875-4AFC-A67C-D90C383ABD29): 36
LogDevObjectVersion:   Dev-Sequencer (7B5AE74C-D270-4C10-A958-57980B212A5A): 11
LogDevObjectVersion:   Dev-VR (D7296918-1DD6-4BDD-9DE2-64A83CC13884): 2
LogDevObjectVersion:   Dev-LoadTimes (C2A15278-BFE7-4AFE-6C17-90FF531DF755): 1
LogDevObjectVersion:   Private-Geometry (6EACA3D4-40EC-4CC1-B786-8BED09428FC5): 3
LogDevObjectVersion:   Dev-AnimPhys (29E575DD-E0A3-4627-9D10-D276232CDCEA): 17
LogDevObjectVersion:   Dev-Anim (AF43A65D-7FD3-4947-9873-3E8ED9C1BB05): 2
LogDevObjectVersion:   Dev-ReflectionCapture (6B266CEC-1EC7-4B8F-A30B-E4D90942FC07): 1
LogDevObjectVersion:   Dev-Automation (0DF73D61-A23F-47EA-B727-89E90C41499A): 1
LogDevObjectVersion:   FortniteMain (601D1886-AC64-4F84-AA16-D3DE0DEAC7D6): 31
LogDevObjectVersion:   Dev-Enterprise (9DFFBCD6-494F-0158-E221-12823C92A888): 8
LogDevObjectVersion:   Dev-Niagara (F2AED0AC-9AFE-416F-8664-AA7FFA26D6FC): 1
LogDevObjectVersion:   Dev-Destruction (174F1F0B-B4C6-45A5-B13F-2EE8D0FB917D): 9
LogDevObjectVersion:   Dev-Physics-Ext (35F94A83-E258-406C-A318-09F59610247C): 8
LogDevObjectVersion:   Dev-CineCamera (B2E18506-4273-CFC2-A54E-F4BB758BBA07): 1
LogInit: Presizing for max 25165824 objects, including 0 objects not considered by GC, pre-allocating 0 bytes for permanent pool.
LogInit: Object subsystem initialized
LogConfig: Setting CVar [[con.DebugEarlyDefault:1]]
LogConfig: Setting CVar [[r.setres:1280x720]]
[2020.06.06-00.09.27:931][  0]LogConfig: Setting CVar [[r.VSync:0]]
[2020.06.06-00.09.27:931][  0]LogConfig: Setting CVar [[r.RHICmdBypass:0]]
[2020.06.06-00.09.27:931][  0]LogConfig: Applying CVar settings from Section [/Script/Engine.RendererSettings] File [C:/Users/julia/Documents/Project_UE4/ProjectUE4Game/Project/Saved/Config/Windows/Engine.ini]
[2020.06.06-00.09.27:931][  0]LogConfig: Setting CVar [[r.GPUCrashDebugging:0]]
[2020.06.06-00.09.27:931][  0]LogConfig: Applying CVar settings from Section [/Script/Engine.RendererOverrideSettings] File [C:/Users/julia/Documents/Project_UE4/ProjectUE4Game/Project/Saved/Config/Windows/Engine.ini]
[2020.06.06-00.09.27:931][  0]LogConfig: Applying CVar settings from Section [/Script/Engine.StreamingSettings] File [C:/Users/julia/Documents/Project_UE4/ProjectUE4Game/Project/Saved/Config/Windows/Engine.ini]
[2020.06.06-00.09.27:931][  0]LogConfig: Setting CVar [[s.MinBulkDataSizeForAsyncLoading:131072]]
[2020.06.06-00.09.27:931][  0]LogConfig: Setting CVar [[s.AsyncLoadingThreadEnabled:0]]
[2020.06.06-00.09.27:931][  0]LogConfig: Setting CVar [[s.EventDrivenLoaderEnabled:1]]
[2020.06.06-00.09.27:931][  0]LogConfig: Setting CVar [[s.WarnIfTimeLimitExceeded:0]]
[2020.06.06-00.09.27:931][  0]LogConfig: Setting CVar [[s.TimeLimitExceededMultiplier:1.5]]
[2020.06.06-00.09.27:931][  0]LogConfig: Setting CVar [[s.TimeLimitExceededMinTime:0.005]]
[2020.06.06-00.09.27:931][  0]LogConfig: Setting CVar [[s.UseBackgroundLevelStreaming:1]]
[2020.06.06-00.09.27:931][  0]LogConfig: Setting CVar [[s.PriorityAsyncLoadingExtraTime:15.0]]
[2020.06.06-00.09.27:931][  0]LogConfig: Setting CVar [[s.LevelStreamingActorsUpdateTimeLimit:5.0]]
[2020.06.06-00.09.27:931][  0]LogConfig: Setting CVar [[s.PriorityLevelStreamingActorsUpdateExtraTime:5.0]]
[2020.06.06-00.09.27:931][  0]LogConfig: Setting CVar [[s.LevelStreamingComponentsRegistrationGranularity:10]]
[2020.06.06-00.09.27:931][  0]LogConfig: Setting CVar [[s.UnregisterComponentsTimeLimit:1.0]]
[2020.06.06-00.09.27:931][  0]LogConfig: Setting CVar [[s.LevelStreamingComponentsUnregistrationGranularity:5]]
[2020.06.06-00.09.27:931][  0]LogConfig: Setting CVar [[s.FlushStreamingOnExit:1]]
[2020.06.06-00.09.27:931][  0]LogConfig: Applying CVar settings from Section [/Script/Engine.GarbageCollectionSettings] File [C:/Users/julia/Documents/Project_UE4/ProjectUE4Game/Project/Saved/Config/Windows/Engine.ini]
[2020.06.06-00.09.27:931][  0]LogConfig: Setting CVar [[gc.MaxObjectsNotConsideredByGC:1]]
[2020.06.06-00.09.27:932][  0]LogConfig: Setting CVar [[gc.SizeOfPermanentObjectPool:0]]
[2020.06.06-00.09.27:932][  0]LogConfig: Setting CVar [[gc.FlushStreamingOnGC:0]]
[2020.06.06-00.09.27:932][  0]LogConfig: Setting CVar [[gc.NumRetriesBeforeForcingGC:10]]
[2020.06.06-00.09.27:932][  0]LogConfig: Setting CVar [[gc.AllowParallelGC:1]]
[2020.06.06-00.09.27:932][  0]LogConfig: Setting CVar [[gc.TimeBetweenPurgingPendingKillObjects:61.1]]
[2020.06.06-00.09.27:932][  0]LogConfig: Setting CVar [[gc.MaxObjectsInEditor:25165824]]
[2020.06.06-00.09.27:932][  0]LogConfig: Setting CVar [[gc.IncrementalBeginDestroyEnabled:1]]
[2020.06.06-00.09.27:932][  0]LogConfig: Setting CVar [[gc.CreateGCClusters:1]]
[2020.06.06-00.09.27:932][  0]LogConfig: Setting CVar [[gc.MinGCClusterSize:5]]
[2020.06.06-00.09.27:932][  0]LogConfig: Setting CVar [[gc.ActorClusteringEnabled:0]]
[2020.06.06-00.09.27:932][  0]LogConfig: Setting CVar [[gc.BlueprintClusteringEnabled:0]]
[2020.06.06-00.09.27:932][  0]LogConfig: Setting CVar [[gc.UseDisregardForGCOnDedicatedServers:0]]
[2020.06.06-00.09.27:932][  0]LogConfig: Applying CVar settings from Section [/Script/Engine.NetworkSettings] File [C:/Users/julia/Documents/Project_UE4/ProjectUE4Game/Project/Saved/Config/Windows/Engine.ini]
[2020.06.06-00.09.27:932][  0]LogConfig: Applying CVar settings from Section [/Script/UnrealEd.CookerSettings] File [C:/Users/julia/Documents/Project_UE4/ProjectUE4Game/Project/Saved/Config/Windows/Engine.ini]
[2020.06.06-00.09.27:936][  0]LogConfig: Applying CVar settings from Section [ViewDistanceQuality@3] File [C:/Users/julia/Documents/Project_UE4/ProjectUE4Game/Project/Saved/Config/Windows/Scalability.ini]
[2020.06.06-00.09.27:936][  0]LogConfig: Setting CVar [[r.SkeletalMeshLODBias:0]]
[2020.06.06-00.09.27:936][  0]LogConfig: Setting CVar [[r.ViewDistanceScale:1.0]]
[2020.06.06-00.09.27:936][  0]LogConfig: Applying CVar settings from Section [AntiAliasingQuality@3] File [C:/Users/julia/Documents/Project_UE4/ProjectUE4Game/Project/Saved/Config/Windows/Scalability.ini]
[2020.06.06-00.09.27:936][  0]LogConfig: Setting CVar [[r.PostProcessAAQuality:4]]
[2020.06.06-00.09.27:936][  0]LogConfig: Applying CVar settings from Section [ShadowQuality@3] File [C:/Users/julia/Documents/Project_UE4/ProjectUE4Game/Project/Saved/Config/Windows/Scalability.ini]
[2020.06.06-00.09.27:936][  0]LogConfig: Setting CVar [[r.LightFunctionQuality:1]]
[2020.06.06-00.09.27:936][  0]LogConfig: Setting CVar [[r.ShadowQuality:5]]
[2020.06.06-00.09.27:936][  0]LogConfig: Setting CVar [[r.Shadow.CSM.MaxCascades:10]]
[2020.06.06-00.09.27:936][  0]LogConfig: Setting CVar [[r.Shadow.MaxResolution:2048]]
[2020.06.06-00.09.27:936][  0]LogConfig: Setting CVar [[r.Shadow.MaxCSMResolution:2048]]
[2020.06.06-00.09.27:936][  0]LogConfig: Setting CVar [[r.Shadow.RadiusThreshold:0.01]]
[2020.06.06-00.09.27:936][  0]LogConfig: Setting CVar [[r.Shadow.DistanceScale:1.0]]
[2020.06.06-00.09.27:936][  0]LogConfig: Setting CVar [[r.Shadow.CSM.TransitionScale:1.0]]
[2020.06.06-00.09.27:936][  0]LogConfig: Setting CVar [[r.Shadow.PreShadowResolutionFactor:1.0]]
[2020.06.06-00.09.27:936][  0]LogConfig: Setting CVar [[r.DistanceFieldShadowing:1]]
[2020.06.06-00.09.27:936][  0]LogConfig: Setting CVar [[r.DistanceFieldAO:1]]
[2020.06.06-00.09.27:936][  0]LogConfig: Setting CVar [[r.AOQuality:2]]
[2020.06.06-00.09.27:936][  0]LogConfig: Setting CVar [[r.VolumetricFog:1]]
[2020.06.06-00.09.27:936][  0]LogConfig: Setting CVar [[r.VolumetricFog.GridPixelSize:8]]
[2020.06.06-00.09.27:936][  0]LogConfig: Setting CVar [[r.VolumetricFog.GridSizeZ:128]]
[2020.06.06-00.09.27:936][  0]LogConfig: Setting CVar [[r.VolumetricFog.HistoryMissSupersampleCount:4]]
[2020.06.06-00.09.27:936][  0]LogConfig: Setting CVar [[r.LightMaxDrawDistanceScale:1]]
[2020.06.06-00.09.27:936][  0]LogConfig: Setting CVar [[r.CapsuleShadows:1]]
[2020.06.06-00.09.27:936][  0]LogConfig: Applying CVar settings from Section [PostProcessQuality@3] File [C:/Users/julia/Documents/Project_UE4/ProjectUE4Game/Project/Saved/Config/Windows/Scalability.ini]
[2020.06.06-00.09.27:936][  0]LogConfig: Setting CVar [[r.MotionBlurQuality:4]]
[2020.06.06-00.09.27:936][  0]LogConfig: Setting CVar [[r.AmbientOcclusionMipLevelFactor:0.4]]
[2020.06.06-00.09.27:936][  0]LogConfig: Setting CVar [[r.AmbientOcclusionMaxQuality:100]]
[2020.06.06-00.09.27:936][  0]LogConfig: Setting CVar [[r.AmbientOcclusionLevels:-1]]
[2020.06.06-00.09.27:936][  0]LogConfig: Setting CVar [[r.AmbientOcclusionRadiusScale:1.0]]
[2020.06.06-00.09.27:936][  0]LogConfig: Setting CVar [[r.DepthOfFieldQuality:2]]
[2020.06.06-00.09.27:936][  0]LogConfig: Setting CVar [[r.RenderTargetPoolMin:400]]
[2020.06.06-00.09.27:936][  0]LogConfig: Setting CVar [[r.LensFlareQuality:2]]
[2020.06.06-00.09.27:936][  0]LogConfig: Setting CVar [[r.SceneColorFringeQuality:1]]
[2020.06.06-00.09.27:936][  0]LogConfig: Setting CVar [[r.EyeAdaptationQuality:2]]
[2020.06.06-00.09.27:936][  0]LogConfig: Setting CVar [[r.BloomQuality:5]]
[2020.06.06-00.09.27:936][  0]LogConfig: Setting CVar [[r.FastBlurThreshold:100]]
[2020.06.06-00.09.27:936][  0]LogConfig: Setting CVar [[r.Upscale.Quality:3]]
[2020.06.06-00.09.27:936][  0]LogConfig: Setting CVar [[r.Tonemapper.GrainQuantization:1]]
[2020.06.06-00.09.27:936][  0]LogConfig: Setting CVar [[r.LightShaftQuality:1]]
[2020.06.06-00.09.27:936][  0]LogConfig: Setting CVar [[r.Filter.SizeScale:1]]
[2020.06.06-00.09.27:936][  0]LogConfig: Setting CVar [[r.Tonemapper.Quality:5]]
[2020.06.06-00.09.27:936][  0]LogConfig: Setting CVar [[r.DOF.Gather.AccumulatorQuality:1        ; higher gathering accumulator quality]]
[2020.06.06-00.09.27:936][  0]LogConfig: Setting CVar [[r.DOF.Gather.PostfilterMethod:1          ; Median3x3 postfilering method]]
[2020.06.06-00.09.27:936][  0]LogConfig: Setting CVar [[r.DOF.Gather.EnableBokehSettings:0       ; no bokeh simulation when gathering]]
[2020.06.06-00.09.27:936][  0]LogConfig: Setting CVar [[r.DOF.Gather.RingCount:4                 ; medium number of samples when gathering]]
[2020.06.06-00.09.27:936][  0]LogConfig: Setting CVar [[r.DOF.Scatter.ForegroundCompositing:1    ; additive foreground scattering]]
[2020.06.06-00.09.27:936][  0]LogConfig: Setting CVar [[r.DOF.Scatter.BackgroundCompositing:2    ; additive background scattering]]
[2020.06.06-00.09.27:936][  0]LogConfig: Setting CVar [[r.DOF.Scatter.EnableBokehSettings:1      ; bokeh simulation when scattering]]
[2020.06.06-00.09.27:936][  0]LogConfig: Setting CVar [[r.DOF.Scatter.MaxSpriteRatio:0.1         ; only a maximum of 10% of scattered bokeh]]
[2020.06.06-00.09.27:937][  0]LogConfig: Setting CVar [[r.DOF.Recombine.Quality:1                ; cheap slight out of focus]]
[2020.06.06-00.09.27:937][  0]LogConfig: Setting CVar [[r.DOF.Recombine.EnableBokehSettings:0    ; no bokeh simulation on slight out of focus]]
[2020.06.06-00.09.27:937][  0]LogConfig: Setting CVar [[r.DOF.TemporalAAQuality:1                ; more stable temporal accumulation]]
[2020.06.06-00.09.27:937][  0]LogConfig: Setting CVar [[r.DOF.Kernel.MaxForegroundRadius:0.025]]
[2020.06.06-00.09.27:937][  0]LogConfig: Setting CVar [[r.DOF.Kernel.MaxBackgroundRadius:0.025]]
[2020.06.06-00.09.27:937][  0]LogConfig: Applying CVar settings from Section [TextureQuality@3] File [C:/Users/julia/Documents/Project_UE4/ProjectUE4Game/Project/Saved/Config/Windows/Scalability.ini]
[2020.06.06-00.09.27:937][  0]LogConfig: Setting CVar [[r.Streaming.MipBias:0]]
[2020.06.06-00.09.27:937][  0]LogConfig: Setting CVar [[r.Streaming.AmortizeCPUToGPUCopy:0]]
[2020.06.06-00.09.27:937][  0]LogConfig: Setting CVar [[r.Streaming.MaxNumTexturesToStreamPerFrame:0]]
[2020.06.06-00.09.27:937][  0]LogConfig: Setting CVar [[r.Streaming.Boost:1]]
[2020.06.06-00.09.27:937][  0]LogConfig: Setting CVar [[r.MaxAnisotropy:8]]
[2020.06.06-00.09.27:937][  0]LogConfig: Setting CVar [[r.VT.MaxAnisotropy:8]]
[2020.06.06-00.09.27:937][  0]LogConfig: Setting CVar [[r.Streaming.LimitPoolSizeToVRAM:0]]
[2020.06.06-00.09.27:937][  0]LogConfig: Setting CVar [[r.Streaming.PoolSize:1000]]
[2020.06.06-00.09.27:937][  0]LogConfig: Setting CVar [[r.Streaming.MaxEffectiveScreenSize:0]]
[2020.06.06-00.09.27:937][  0]LogConfig: Applying CVar settings from Section [EffectsQuality@3] File [C:/Users/julia/Documents/Project_UE4/ProjectUE4Game/Project/Saved/Config/Windows/Scalability.ini]
[2020.06.06-00.09.27:937][  0]LogConfig: Setting CVar [[r.TranslucencyLightingVolumeDim:64]]
[2020.06.06-00.09.27:937][  0]LogConfig: Setting CVar [[r.RefractionQuality:2]]
[2020.06.06-00.09.27:937][  0]LogConfig: Setting CVar [[r.SSR.Quality:3]]
[2020.06.06-00.09.27:937][  0]LogConfig: Setting CVar [[r.SSR.HalfResSceneColor:0]]
[2020.06.06-00.09.27:937][  0]LogConfig: Setting CVar [[r.SceneColorFormat:4]]
[2020.06.06-00.09.27:937][  0]LogConfig: Setting CVar [[r.DetailMode:2]]
[2020.06.06-00.09.27:937][  0]LogConfig: Setting CVar [[r.TranslucencyVolumeBlur:1]]
[2020.06.06-00.09.27:937][  0]LogConfig: Setting CVar [[r.MaterialQualityLevel:1 ; High quality]]
[2020.06.06-00.09.27:937][  0]LogConfig: Setting CVar [[r.SSS.Scale:1]]
[2020.06.06-00.09.27:937][  0]LogConfig: Setting CVar [[r.SSS.SampleSet:2]]
[2020.06.06-00.09.27:937][  0]LogConfig: Setting CVar [[r.SSS.Quality:1]]
[2020.06.06-00.09.27:937][  0]LogConfig: Setting CVar [[r.SSS.HalfRes:1]]
[2020.06.06-00.09.27:937][  0]LogConfig: Setting CVar [[r.SSGI.Quality:3]]
[2020.06.06-00.09.27:937][  0]LogConfig: Setting CVar [[r.EmitterSpawnRateScale:1.0]]
[2020.06.06-00.09.27:937][  0]LogConfig: Setting CVar [[r.ParticleLightQuality:2]]
[2020.06.06-00.09.27:937][  0]LogConfig: Setting CVar [[r.SkyAtmosphere.AerialPerspectiveLUT.FastApplyOnOpaque:1 ; Always have FastSkyLUT 1 in this case to avoid wrong sky]]
[2020.06.06-00.09.27:937][  0]LogConfig: Setting CVar [[r.SkyAtmosphere.AerialPerspectiveLUT.SampleCountPerSlice:1]]
[2020.06.06-00.09.27:937][  0]LogConfig: Setting CVar [[r.SkyAtmosphere.AerialPerspectiveLUT.DepthResolution:16.0]]
[2020.06.06-00.09.27:937][  0]LogConfig: Setting CVar [[r.SkyAtmosphere.FastSkyLUT:1]]
[2020.06.06-00.09.27:937][  0]LogConfig: Setting CVar [[r.SkyAtmosphere.FastSkyLUT.SampleCountMin:4.0]]
[2020.06.06-00.09.27:937][  0]LogConfig: Setting CVar [[r.SkyAtmosphere.FastSkyLUT.SampleCountMax:32.0]]
[2020.06.06-00.09.27:937][  0]LogConfig: Setting CVar [[r.SkyAtmosphere.SampleCountMin:4.0]]
[2020.06.06-00.09.27:937][  0]LogConfig: Setting CVar [[r.SkyAtmosphere.SampleCountMax:32.0]]
[2020.06.06-00.09.27:937][  0]LogConfig: Setting CVar [[r.SkyAtmosphere.TransmittanceLUT.UseSmallFormat:0]]
[2020.06.06-00.09.27:937][  0]LogConfig: Setting CVar [[r.SkyAtmosphere.TransmittanceLUT.SampleCount:10.0]]
[2020.06.06-00.09.27:937][  0]LogConfig: Setting CVar [[r.SkyAtmosphere.MultiScatteringLUT.SampleCount:15.0]]
[2020.06.06-00.09.27:937][  0]LogConfig: Applying CVar settings from Section [FoliageQuality@3] File [C:/Users/julia/Documents/Project_UE4/ProjectUE4Game/Project/Saved/Config/Windows/Scalability.ini]
[2020.06.06-00.09.27:937][  0]LogConfig: Setting CVar [[foliage.DensityScale:1.0]]
[2020.06.06-00.09.27:937][  0]LogConfig: Setting CVar [[grass.DensityScale:1.0]]
[2020.06.06-00.09.27:937][  0]LogConfig: Applying CVar settings from Section [ShadingQuality@3] File [C:/Users/julia/Documents/Project_UE4/ProjectUE4Game/Project/Saved/Config/Windows/Scalability.ini]
[2020.06.06-00.09.27:937][  0]LogConfig: Setting CVar [[r.HairStrands.SkyLighting.SampleCount:16]]
[2020.06.06-00.09.27:937][  0]LogConfig: Setting CVar [[r.HairStrands.SkyLighting.JitterIntegration:0]]
[2020.06.06-00.09.27:937][  0]LogConfig: Setting CVar [[r.HairStrands.SkyAO.SampleCount:16]]
[2020.06.06-00.09.27:937][  0]LogInit: Selected Device Profile: [Windows]
[2020.06.06-00.09.27:937][  0]LogInit: Applying CVar settings loaded from the selected device profile: [Windows]
[2020.06.06-00.09.27:949][  0]LogHAL: Display: Platform has ~ 8 GB [8465596416 / 8589934592 / 8], which maps to Default [LargestMinGB=32, LargerMinGB=12, DefaultMinGB=8, SmallerMinGB=6, SmallestMinGB=0)
[2020.06.06-00.09.27:949][  0]LogInit: Going up to parent DeviceProfile []
[2020.06.06-00.09.27:949][  0]LogConfig: Applying CVar settings from Section [ViewDistanceQuality@3] File [C:/Users/julia/Documents/Project_UE4/ProjectUE4Game/Project/Saved/Config/Windows/Scalability.ini]
[2020.06.06-00.09.27:949][  0]LogConfig: Setting CVar [[r.SkeletalMeshLODBias:0]]
[2020.06.06-00.09.27:949][  0]LogConfig: Setting CVar [[r.ViewDistanceScale:1.0]]
[2020.06.06-00.09.27:949][  0]LogConfig: Applying CVar settings from Section [AntiAliasingQuality@3] File [C:/Users/julia/Documents/Project_UE4/ProjectUE4Game/Project/Saved/Config/Windows/Scalability.ini]
[2020.06.06-00.09.27:949][  0]LogConfig: Setting CVar [[r.PostProcessAAQuality:4]]
[2020.06.06-00.09.27:949][  0]LogConfig: Applying CVar settings from Section [ShadowQuality@3] File [C:/Users/julia/Documents/Project_UE4/ProjectUE4Game/Project/Saved/Config/Windows/Scalability.ini]
[2020.06.06-00.09.27:949][  0]LogConfig: Setting CVar [[r.LightFunctionQuality:1]]
[2020.06.06-00.09.27:949][  0]LogConfig: Setting CVar [[r.ShadowQuality:5]]
[2020.06.06-00.09.27:949][  0]LogConfig: Setting CVar [[r.Shadow.CSM.MaxCascades:10]]
[2020.06.06-00.09.27:949][  0]LogConfig: Setting CVar [[r.Shadow.MaxResolution:2048]]
[2020.06.06-00.09.27:949][  0]LogConfig: Setting CVar [[r.Shadow.MaxCSMResolution:2048]]
[2020.06.06-00.09.27:949][  0]LogConfig: Setting CVar [[r.Shadow.RadiusThreshold:0.01]]
[2020.06.06-00.09.27:949][  0]LogConfig: Setting CVar [[r.Shadow.DistanceScale:1.0]]
[2020.06.06-00.09.27:950][  0]LogConfig: Setting CVar [[r.Shadow.CSM.TransitionScale:1.0]]
[2020.06.06-00.09.27:950][  0]LogConfig: Setting CVar [[r.Shadow.PreShadowResolutionFactor:1.0]]
[2020.06.06-00.09.27:950][  0]LogConfig: Setting CVar [[r.DistanceFieldShadowing:1]]
[2020.06.06-00.09.27:950][  0]LogConfig: Setting CVar [[r.DistanceFieldAO:1]]
[2020.06.06-00.09.27:950][  0]LogConfig: Setting CVar [[r.AOQuality:2]]
[2020.06.06-00.09.27:950][  0]LogConfig: Setting CVar [[r.VolumetricFog:1]]
[2020.06.06-00.09.27:950][  0]LogConfig: Setting CVar [[r.VolumetricFog.GridPixelSize:8]]
[2020.06.06-00.09.27:950][  0]LogConfig: Setting CVar [[r.VolumetricFog.GridSizeZ:128]]
[2020.06.06-00.09.27:950][  0]LogConfig: Setting CVar [[r.VolumetricFog.HistoryMissSupersampleCount:4]]
[2020.06.06-00.09.27:950][  0]LogConfig: Setting CVar [[r.LightMaxDrawDistanceScale:1]]
[2020.06.06-00.09.27:950][  0]LogConfig: Setting CVar [[r.CapsuleShadows:1]]
[2020.06.06-00.09.27:950][  0]LogConfig: Applying CVar settings from Section [PostProcessQuality@3] File [C:/Users/julia/Documents/Project_UE4/ProjectUE4Game/Project/Saved/Config/Windows/Scalability.ini]
[2020.06.06-00.09.27:950][  0]LogConfig: Setting CVar [[r.MotionBlurQuality:4]]
[2020.06.06-00.09.27:950][  0]LogConfig: Setting CVar [[r.AmbientOcclusionMipLevelFactor:0.4]]
[2020.06.06-00.09.27:950][  0]LogConfig: Setting CVar [[r.AmbientOcclusionMaxQuality:100]]
[2020.06.06-00.09.27:950][  0]LogConfig: Setting CVar [[r.AmbientOcclusionLevels:-1]]
[2020.06.06-00.09.27:950][  0]LogConfig: Setting CVar [[r.AmbientOcclusionRadiusScale:1.0]]
[2020.06.06-00.09.27:950][  0]LogConfig: Setting CVar [[r.DepthOfFieldQuality:2]]
[2020.06.06-00.09.27:950][  0]LogConfig: Setting CVar [[r.RenderTargetPoolMin:400]]
[2020.06.06-00.09.27:950][  0]LogConfig: Setting CVar [[r.LensFlareQuality:2]]
[2020.06.06-00.09.27:950][  0]LogConfig: Setting CVar [[r.SceneColorFringeQuality:1]]
[2020.06.06-00.09.27:950][  0]LogConfig: Setting CVar [[r.EyeAdaptationQuality:2]]
[2020.06.06-00.09.27:950][  0]LogConfig: Setting CVar [[r.BloomQuality:5]]
[2020.06.06-00.09.27:950][  0]LogConfig: Setting CVar [[r.FastBlurThreshold:100]]
[2020.06.06-00.09.27:950][  0]LogConfig: Setting CVar [[r.Upscale.Quality:3]]
[2020.06.06-00.09.27:950][  0]LogConfig: Setting CVar [[r.Tonemapper.GrainQuantization:1]]
[2020.06.06-00.09.27:950][  0]LogConfig: Setting CVar [[r.LightShaftQuality:1]]
[2020.06.06-00.09.27:950][  0]LogConfig: Setting CVar [[r.Filter.SizeScale:1]]
[2020.06.06-00.09.27:950][  0]LogConfig: Setting CVar [[r.Tonemapper.Quality:5]]
[2020.06.06-00.09.27:950][  0]LogConfig: Setting CVar [[r.DOF.Gather.AccumulatorQuality:1        ; higher gathering accumulator quality]]
[2020.06.06-00.09.27:950][  0]LogConfig: Setting CVar [[r.DOF.Gather.PostfilterMethod:1          ; Median3x3 postfilering method]]
[2020.06.06-00.09.27:950][  0]LogConfig: Setting CVar [[r.DOF.Gather.EnableBokehSettings:0       ; no bokeh simulation when gathering]]
[2020.06.06-00.09.27:950][  0]LogConfig: Setting CVar [[r.DOF.Gather.RingCount:4                 ; medium number of samples when gathering]]
[2020.06.06-00.09.27:950][  0]LogConfig: Setting CVar [[r.DOF.Scatter.ForegroundCompositing:1    ; additive foreground scattering]]
[2020.06.06-00.09.27:950][  0]LogConfig: Setting CVar [[r.DOF.Scatter.BackgroundCompositing:2    ; additive background scattering]]
[2020.06.06-00.09.27:950][  0]LogConfig: Setting CVar [[r.DOF.Scatter.EnableBokehSettings:1      ; bokeh simulation when scattering]]
[2020.06.06-00.09.27:950][  0]LogConfig: Setting CVar [[r.DOF.Scatter.MaxSpriteRatio:0.1         ; only a maximum of 10% of scattered bokeh]]
[2020.06.06-00.09.27:950][  0]LogConfig: Setting CVar [[r.DOF.Recombine.Quality:1                ; cheap slight out of focus]]
[2020.06.06-00.09.27:950][  0]LogConfig: Setting CVar [[r.DOF.Recombine.EnableBokehSettings:0    ; no bokeh simulation on slight out of focus]]
[2020.06.06-00.09.27:950][  0]LogConfig: Setting CVar [[r.DOF.TemporalAAQuality:1                ; more stable temporal accumulation]]
[2020.06.06-00.09.27:950][  0]LogConfig: Setting CVar [[r.DOF.Kernel.MaxForegroundRadius:0.025]]
[2020.06.06-00.09.27:950][  0]LogConfig: Setting CVar [[r.DOF.Kernel.MaxBackgroundRadius:0.025]]
[2020.06.06-00.09.27:950][  0]LogConfig: Applying CVar settings from Section [TextureQuality@3] File [C:/Users/julia/Documents/Project_UE4/ProjectUE4Game/Project/Saved/Config/Windows/Scalability.ini]
[2020.06.06-00.09.27:950][  0]LogConfig: Setting CVar [[r.Streaming.MipBias:0]]
[2020.06.06-00.09.27:950][  0]LogConfig: Setting CVar [[r.Streaming.AmortizeCPUToGPUCopy:0]]
[2020.06.06-00.09.27:950][  0]LogConfig: Setting CVar [[r.Streaming.MaxNumTexturesToStreamPerFrame:0]]
[2020.06.06-00.09.27:950][  0]LogConfig: Setting CVar [[r.Streaming.Boost:1]]
[2020.06.06-00.09.27:950][  0]LogConfig: Setting CVar [[r.MaxAnisotropy:8]]
[2020.06.06-00.09.27:950][  0]LogConfig: Setting CVar [[r.VT.MaxAnisotropy:8]]
[2020.06.06-00.09.27:950][  0]LogConfig: Setting CVar [[r.Streaming.LimitPoolSizeToVRAM:0]]
[2020.06.06-00.09.27:950][  0]LogConfig: Setting CVar [[r.Streaming.PoolSize:1000]]
[2020.06.06-00.09.27:950][  0]LogConfig: Setting CVar [[r.Streaming.MaxEffectiveScreenSize:0]]
[2020.06.06-00.09.27:950][  0]LogConfig: Applying CVar settings from Section [EffectsQuality@3] File [C:/Users/julia/Documents/Project_UE4/ProjectUE4Game/Project/Saved/Config/Windows/Scalability.ini]
[2020.06.06-00.09.27:950][  0]LogConfig: Setting CVar [[r.TranslucencyLightingVolumeDim:64]]
[2020.06.06-00.09.27:950][  0]LogConfig: Setting CVar [[r.RefractionQuality:2]]
[2020.06.06-00.09.27:950][  0]LogConfig: Setting CVar [[r.SSR.Quality:3]]
[2020.06.06-00.09.27:950][  0]LogConfig: Setting CVar [[r.SSR.HalfResSceneColor:0]]
[2020.06.06-00.09.27:950][  0]LogConfig: Setting CVar [[r.SceneColorFormat:4]]
[2020.06.06-00.09.27:950][  0]LogConfig: Setting CVar [[r.DetailMode:2]]
[2020.06.06-00.09.27:950][  0]LogConfig: Setting CVar [[r.TranslucencyVolumeBlur:1]]
[2020.06.06-00.09.27:950][  0]LogConfig: Setting CVar [[r.MaterialQualityLevel:1 ; High quality]]
[2020.06.06-00.09.27:950][  0]LogConfig: Setting CVar [[r.SSS.Scale:1]]
[2020.06.06-00.09.27:950][  0]LogConfig: Setting CVar [[r.SSS.SampleSet:2]]
[2020.06.06-00.09.27:950][  0]LogConfig: Setting CVar [[r.SSS.Quality:1]]
[2020.06.06-00.09.27:950][  0]LogConfig: Setting CVar [[r.SSS.HalfRes:1]]
[2020.06.06-00.09.27:950][  0]LogConfig: Setting CVar [[r.SSGI.Quality:3]]
[2020.06.06-00.09.27:950][  0]LogConfig: Setting CVar [[r.EmitterSpawnRateScale:1.0]]
[2020.06.06-00.09.27:950][  0]LogConfig: Setting CVar [[r.ParticleLightQuality:2]]
[2020.06.06-00.09.27:950][  0]LogConfig: Setting CVar [[r.SkyAtmosphere.AerialPerspectiveLUT.FastApplyOnOpaque:1 ; Always have FastSkyLUT 1 in this case to avoid wrong sky]]
[2020.06.06-00.09.27:950][  0]LogConfig: Setting CVar [[r.SkyAtmosphere.AerialPerspectiveLUT.SampleCountPerSlice:1]]
[2020.06.06-00.09.27:950][  0]LogConfig: Setting CVar [[r.SkyAtmosphere.AerialPerspectiveLUT.DepthResolution:16.0]]
[2020.06.06-00.09.27:950][  0]LogConfig: Setting CVar [[r.SkyAtmosphere.FastSkyLUT:1]]
[2020.06.06-00.09.27:951][  0]LogConfig: Setting CVar [[r.SkyAtmosphere.FastSkyLUT.SampleCountMin:4.0]]
[2020.06.06-00.09.27:951][  0]LogConfig: Setting CVar [[r.SkyAtmosphere.FastSkyLUT.SampleCountMax:32.0]]
[2020.06.06-00.09.27:951][  0]LogConfig: Setting CVar [[r.SkyAtmosphere.SampleCountMin:4.0]]
[2020.06.06-00.09.27:951][  0]LogConfig: Setting CVar [[r.SkyAtmosphere.SampleCountMax:32.0]]
[2020.06.06-00.09.27:951][  0]LogConfig: Setting CVar [[r.SkyAtmosphere.TransmittanceLUT.UseSmallFormat:0]]
[2020.06.06-00.09.27:951][  0]LogConfig: Setting CVar [[r.SkyAtmosphere.TransmittanceLUT.SampleCount:10.0]]
[2020.06.06-00.09.27:951][  0]LogConfig: Setting CVar [[r.SkyAtmosphere.MultiScatteringLUT.SampleCount:15.0]]
[2020.06.06-00.09.27:951][  0]LogConfig: Applying CVar settings from Section [FoliageQuality@3] File [C:/Users/julia/Documents/Project_UE4/ProjectUE4Game/Project/Saved/Config/Windows/Scalability.ini]
[2020.06.06-00.09.27:951][  0]LogConfig: Setting CVar [[foliage.DensityScale:1.0]]
[2020.06.06-00.09.27:951][  0]LogConfig: Setting CVar [[grass.DensityScale:1.0]]
[2020.06.06-00.09.27:951][  0]LogConfig: Applying CVar settings from Section [ShadingQuality@3] File [C:/Users/julia/Documents/Project_UE4/ProjectUE4Game/Project/Saved/Config/Windows/Scalability.ini]
[2020.06.06-00.09.27:951][  0]LogConfig: Setting CVar [[r.HairStrands.SkyLighting.SampleCount:16]]
[2020.06.06-00.09.27:951][  0]LogConfig: Setting CVar [[r.HairStrands.SkyLighting.JitterIntegration:0]]
[2020.06.06-00.09.27:951][  0]LogConfig: Setting CVar [[r.HairStrands.SkyAO.SampleCount:16]]
[2020.06.06-00.09.27:951][  0]LogConfig: Applying CVar settings from Section [Startup] File [../../../Engine/Config/ConsoleVariables.ini]
[2020.06.06-00.09.27:952][  0]LogConfig: Setting CVar [[net.UseAdaptiveNetUpdateFrequency:0]]
[2020.06.06-00.09.27:952][  0]LogConfig: Setting CVar [[p.chaos.AllowCreatePhysxBodies:1]]
[2020.06.06-00.09.27:952][  0]LogConfig: Applying CVar settings from Section [ConsoleVariables] File [C:/Users/julia/Documents/Project_UE4/ProjectUE4Game/Project/Saved/Config/Windows/Engine.ini]
[2020.06.06-00.09.27:953][  0]LogInit: Computer: DESKTOP-GANUJ25
[2020.06.06-00.09.27:954][  0]LogInit: User: julia
[2020.06.06-00.09.27:954][  0]LogInit: CPU Page size=4096, Cores=2
[2020.06.06-00.09.27:954][  0]LogInit: High frequency timer resolution =10.000000 MHz
[2020.06.06-00.09.27:954][  0]LogMemory: Memory total: Physical=7.9GB (8GB approx)
[2020.06.06-00.09.27:954][  0]LogMemory: Platform Memory Stats for Windows
[2020.06.06-00.09.27:954][  0]LogMemory: Process Physical Memory: 106.74 MB used, 106.74 MB peak
[2020.06.06-00.09.27:954][  0]LogMemory: Process Virtual Memory: 103.44 MB used, 103.44 MB peak
[2020.06.06-00.09.27:954][  0]LogMemory: Physical Memory: 5736.83 MB used,  2336.59 MB free, 8073.42 MB total
[2020.06.06-00.09.27:954][  0]LogMemory: Virtual Memory: 5121.19 MB used,  134212608.00 MB free, 134217728.00 MB total
[2020.06.06-00.09.27:959][  0]LogWindows: WindowsPlatformFeatures enabled
[2020.06.06-00.09.28:083][  0]LogInit: Using OS detected language (en-US).
[2020.06.06-00.09.28:083][  0]LogInit: Using OS detected locale (en-CA).
[2020.06.06-00.09.28:086][  0]LogTextLocalizationManager: No specific localization for 'en-US' exists, so the 'en' localization will be used.
[2020.06.06-00.09.28:428][  0]LogInit: Setting process to per monitor DPI aware
[2020.06.06-00.09.28:585][  0]LogSlate: New Slate User Created.  User Index 0, Is Virtual User: 0
[2020.06.06-00.09.28:585][  0]LogSlate: Slate User Registered.  User Index 0, Is Virtual User: 0
[2020.06.06-00.09.32:572][  0]LogHMD: Failed to initialize OpenVR with code 110
[2020.06.06-00.09.32:572][  0]LogD3D11RHI: D3D11 min allowed feature level: 11_0
[2020.06.06-00.09.32:572][  0]LogD3D11RHI: D3D11 max allowed feature level: 11_0
[2020.06.06-00.09.32:572][  0]LogD3D11RHI: D3D11 adapters:
[2020.06.06-00.09.32:796][  0]LogD3D11RHI:    0. 'NVIDIA GeForce 920MX' (Feature Level 11_0)
[2020.06.06-00.09.32:796][  0]LogD3D11RHI:       2010/0/4036 MB DedicatedVideo/DedicatedSystem/SharedSystem, Outputs:1, VendorId:0x10de
[2020.06.06-00.09.32:836][  0]LogD3D11RHI:    1. 'Intel(R) HD Graphics 620' (Feature Level 11_0)
[2020.06.06-00.09.32:836][  0]LogD3D11RHI:       128/0/4036 MB DedicatedVideo/DedicatedSystem/SharedSystem, Outputs:0, VendorId:0x8086
[2020.06.06-00.09.32:843][  0]LogD3D11RHI:    2. 'Microsoft Basic Render Driver' (Feature Level 11_0)
[2020.06.06-00.09.32:843][  0]LogD3D11RHI:       0/0/4036 MB DedicatedVideo/DedicatedSystem/SharedSystem, Outputs:0, VendorId:0x1414
[2020.06.06-00.09.32:843][  0]LogD3D11RHI: Chosen D3D11 Adapter: 0
[2020.06.06-00.09.32:882][  0]LogD3D11RHI: Creating new Direct3DDevice
[2020.06.06-00.09.32:882][  0]LogD3D11RHI:     GPU DeviceId: 0x134f (for the marketing name, search the web for "GPU Device Id")
[2020.06.06-00.09.32:882][  0]LogWindows: EnumDisplayDevices:
[2020.06.06-00.09.32:882][  0]LogWindows:    0. 'Intel(R) HD Graphics 620' (P:1 D:1)
[2020.06.06-00.09.32:882][  0]LogWindows:    1. 'Intel(R) HD Graphics 620' (P:0 D:0)
[2020.06.06-00.09.32:884][  0]LogWindows:    2. 'Intel(R) HD Graphics 620' (P:0 D:0)
[2020.06.06-00.09.32:884][  0]LogWindows: DebugString: PrimaryIsNotTheChoosenAdapter PrimaryIsNotTheChoosenAdapter PrimaryIsNotTheChoosenAdapter FoundDriverCount:0 
[2020.06.06-00.09.32:884][  0]LogD3D11RHI:     Adapter Name: NVIDIA GeForce 920MX
[2020.06.06-00.09.32:884][  0]LogD3D11RHI:   Driver Version: Unknown (internal:Unknown, unified:Unknown)
[2020.06.06-00.09.32:884][  0]LogD3D11RHI:      Driver Date: Unknown
[2020.06.06-00.09.32:884][  0]LogRHI: Texture pool is 1407 MB (70% of 2010 MB)
[2020.06.06-00.09.32:929][  0]LogD3D11RHI: RHI has support for 64 bit atomics
[2020.06.06-00.09.32:929][  0]LogD3D11RHI: Async texture creation enabled
[2020.06.06-00.09.32:952][  0]LogD3D11RHI: GPU Timing Frequency: 1000.000000 (Debug: 2 2)
[2020.06.06-00.09.33:323][  0]LogTargetPlatformManager: Display: Loaded TargetPlatform 'AllDesktop'
[2020.06.06-00.09.33:368][  0]LogTargetPlatformManager: Display: Loaded TargetPlatform 'Android'
[2020.06.06-00.09.33:368][  0]LogTargetPlatformManager: Display: Loaded TargetPlatform 'Android_ASTC'
[2020.06.06-00.09.33:368][  0]LogTargetPlatformManager: Display: Loaded TargetPlatform 'Android_ATC'
[2020.06.06-00.09.33:368][  0]LogTargetPlatformManager: Display: Loaded TargetPlatform 'Android_DXT'
[2020.06.06-00.09.33:368][  0]LogTargetPlatformManager: Display: Loaded TargetPlatform 'Android_ETC1'
[2020.06.06-00.09.33:368][  0]LogTargetPlatformManager: Display: Loaded TargetPlatform 'Android_ETC1a'
[2020.06.06-00.09.33:368][  0]LogTargetPlatformManager: Display: Loaded TargetPlatform 'Android_ETC2'
[2020.06.06-00.09.33:369][  0]LogTargetPlatformManager: Display: Loaded TargetPlatform 'Android_PVRTC'
[2020.06.06-00.09.33:369][  0]LogTargetPlatformManager: Display: Loaded TargetPlatform 'AndroidClient'
[2020.06.06-00.09.33:369][  0]LogTargetPlatformManager: Display: Loaded TargetPlatform 'Android_ASTCClient'
[2020.06.06-00.09.33:369][  0]LogTargetPlatformManager: Display: Loaded TargetPlatform 'Android_ATCClient'
[2020.06.06-00.09.33:369][  0]LogTargetPlatformManager: Display: Loaded TargetPlatform 'Android_DXTClient'
[2020.06.06-00.09.33:369][  0]LogTargetPlatformManager: Display: Loaded TargetPlatform 'Android_ETC1Client'
[2020.06.06-00.09.33:369][  0]LogTargetPlatformManager: Display: Loaded TargetPlatform 'Android_ETC1aClient'
[2020.06.06-00.09.33:369][  0]LogTargetPlatformManager: Display: Loaded TargetPlatform 'Android_ETC2Client'
[2020.06.06-00.09.33:369][  0]LogTargetPlatformManager: Display: Loaded TargetPlatform 'Android_PVRTCClient'
[2020.06.06-00.09.33:369][  0]LogTargetPlatformManager: Display: Loaded TargetPlatform 'Android_Multi'
[2020.06.06-00.09.33:369][  0]LogTargetPlatformManager: Display: Loaded TargetPlatform 'Android_MultiClient'
[2020.06.06-00.09.33:406][  0]LogTargetPlatformManager: Display: Loaded TargetPlatform 'IOSClient'
[2020.06.06-00.09.33:406][  0]LogTargetPlatformManager: Display: Loaded TargetPlatform 'IOS'
[2020.06.06-00.09.33:417][  0]LogTargetPlatformManager: Display: Loaded TargetPlatform 'LinuxNoEditor'
[2020.06.06-00.09.33:427][  0]LogTargetPlatformManager: Display: Loaded TargetPlatform 'LinuxClient'
[2020.06.06-00.09.33:436][  0]LogTargetPlatformManager: Display: Loaded TargetPlatform 'LinuxServer'
[2020.06.06-00.09.33:446][  0]LogTargetPlatformManager: Display: Loaded TargetPlatform 'LinuxAArch64NoEditor'
[2020.06.06-00.09.33:455][  0]LogTargetPlatformManager: Display: Loaded TargetPlatform 'LinuxAArch64Client'
[2020.06.06-00.09.33:465][  0]LogTargetPlatformManager: Display: Loaded TargetPlatform 'LinuxAArch64Server'
[2020.06.06-00.09.33:499][  0]LogTargetPlatformManager: Display: Loaded TargetPlatform 'Lumin'
[2020.06.06-00.09.33:500][  0]LogTargetPlatformManager: Display: Loaded TargetPlatform 'LuminClient'
[2020.06.06-00.09.33:516][  0]LogTargetPlatformManager: Display: Loaded TargetPlatform 'TVOSClient'
[2020.06.06-00.09.33:516][  0]LogTargetPlatformManager: Display: Loaded TargetPlatform 'TVOS'
[2020.06.06-00.09.33:525][  0]LogTargetPlatformManager: Display: Loaded TargetPlatform 'WindowsNoEditor'
[2020.06.06-00.09.33:535][  0]LogTargetPlatformManager: Display: Loaded TargetPlatform 'Windows'
[2020.06.06-00.09.33:544][  0]LogTargetPlatformManager: Display: Loaded TargetPlatform 'WindowsClient'
[2020.06.06-00.09.33:553][  0]LogTargetPlatformManager: Display: Loaded TargetPlatform 'WindowsServer'
[2020.06.06-00.09.33:553][  0]LogTargetPlatformManager: Display: Building Assets For Windows
[2020.06.06-00.09.33:569][  0]LogAudioDebug: Display: Lib vorbis DLL was dynamically loaded.
[2020.06.06-00.09.33:655][  0]LogShaderCompilers: Guid format shader working directory is -28 characters bigger than the processId version (../../../../../../Users/julia/Documents/Project_UE4/ProjectUE4Game/Project/Intermediate/Shaders/WorkingDirectory/1228/).
[2020.06.06-00.09.33:655][  0]LogShaderCompilers: Cleaned the shader compiler working directory 'C:/Users/julia/AppData/Local/Temp/UnrealShaderWorkingDir/DB56AAE4422DDB949033C4887B324A4F/'.
[2020.06.06-00.09.33:657][  0]LogXGEController: Cleaning working directory: C:/Users/julia/AppData/Local/Temp/UnrealXGEWorkingDir/
[2020.06.06-00.09.33:657][  0]LogXGEController: Cannot use XGE Controller as Incredibuild is not installed on this machine.
[2020.06.06-00.09.33:657][  0]LogShaderCompilers: Cannot use XGE Shader Compiler as Incredibuild is not installed on this machine.
[2020.06.06-00.09.33:657][  0]LogShaderCompilers: Display: Using Local Shader Compiler.
[2020.06.06-00.09.36:997][  0]LogDerivedDataCache: Display: Max Cache Size: 512 MB
[2020.06.06-00.09.37:288][  0]LogDerivedDataCache: Loaded boot cache 0.29s 78MB C:/Users/julia/AppData/Local/UnrealEngine/4.24/DerivedDataCache/Boot.ddc.
[2020.06.06-00.09.37:288][  0]LogDerivedDataCache: Display: Loaded Boot cache: C:/Users/julia/AppData/Local/UnrealEngine/4.24/DerivedDataCache/Boot.ddc
[2020.06.06-00.09.37:288][  0]LogDerivedDataCache: FDerivedDataBackendGraph:  Pak pak cache file ../../../../../../Users/julia/Documents/Project_UE4/ProjectUE4Game/Project/DerivedDataCache/DDC.ddp not found, will not use a pak cache.
[2020.06.06-00.09.37:288][  0]LogDerivedDataCache: Unable to find inner node Pak for hierarchical cache Hierarchy.
[2020.06.06-00.09.37:288][  0]LogDerivedDataCache: FDerivedDataBackendGraph:  CompressedPak pak cache file ../../../../../../Users/julia/Documents/Project_UE4/ProjectUE4Game/Project/DerivedDataCache/Compressed.ddp not found, will not use a pak cache.
[2020.06.06-00.09.37:288][  0]LogDerivedDataCache: Unable to find inner node CompressedPak for hierarchical cache Hierarchy.
[2020.06.06-00.09.37:306][  0]LogDerivedDataCache: Display: Pak cache opened for reading ../../../Engine/DerivedDataCache/Compressed.ddp.
[2020.06.06-00.09.37:306][  0]LogDerivedDataCache: FDerivedDataBackendGraph:  EnterprisePak pak cache file ../../../Enterprise/DerivedDataCache/Compressed.ddp not found, will not use a pak cache.
[2020.06.06-00.09.37:306][  0]LogDerivedDataCache: Unable to find inner node EnterprisePak for hierarchical cache Hierarchy.
[2020.06.06-00.09.37:307][  0]LogDerivedDataCache: Using Local data cache path C:/Users/julia/AppData/Local/UnrealEngine/Common/DerivedDataCache: Writable
[2020.06.06-00.09.37:307][  0]LogDerivedDataCache: Shared data cache path not found in *engine.ini, will not use an Shared cache.
[2020.06.06-00.09.37:307][  0]LogDerivedDataCache: Unable to find inner node Shared for hierarchical cache Hierarchy.
[2020.06.06-00.09.37:355][  0]LogMaterial: Verifying Global Shaders for PCD3D_SM5
[2020.06.06-00.09.37:361][  0]LogSlate: Using FreeType 2.10.0
[2020.06.06-00.09.37:389][  0]LogSlate: SlateFontServices - WITH_FREETYPE: 1, WITH_HARFBUZZ: 1
[2020.06.06-00.09.37:677][  0]LogAssetRegistry: FAssetRegistry took 0.0036 seconds to start up
[2020.06.06-00.09.38:141][  0]LogInit: Selected Device Profile: [Windows]
[2020.06.06-00.09.38:590][  0]LogMeshReduction: Using QuadricMeshReduction for automatic static mesh reduction
[2020.06.06-00.09.38:590][  0]LogMeshReduction: Using SimplygonMeshReduction for automatic skeletal mesh reduction
[2020.06.06-00.09.38:590][  0]LogMeshReduction: Using ProxyLODMeshReduction for automatic mesh merging
[2020.06.06-00.09.38:590][  0]LogMeshReduction: No distributed automatic mesh merging module available
[2020.06.06-00.09.38:591][  0]LogMeshMerging: No distributed automatic mesh merging module available
[2020.06.06-00.09.38:659][  0]LogNetVersion: Project 1.0.0, NetCL: 10570792, EngineNetVer: 13, GameNetVer: 0 (Checksum: 2973166357)
[2020.06.06-00.09.43:869][  0]LogPackageLocalizationCache: Processed 10 localized package path(s) for 1 prioritized culture(s) in 0.063550 seconds
[2020.06.06-00.09.43:881][  0]LogUObjectArray: 46750 objects as part of root set at end of initial load.
[2020.06.06-00.09.43:881][  0]LogUObjectAllocator: 8137160 out of 0 bytes used by permanent object pool.
[2020.06.06-00.09.43:881][  0]LogUObjectArray: CloseDisregardForGC: 0/0 objects in disregard for GC pool
[2020.06.06-00.09.45:150][  0]LogTcpMessaging: Initializing TcpMessaging bridge
[2020.06.06-00.09.45:156][  0]LogUdpMessaging: Initializing bridge on interface 0.0.0.0:0 to multicast group 230.0.0.1:6666.
[2020.06.06-00.09.45:328][  0]SourceControl: Source control is disabled
[2020.06.06-00.09.45:328][  0]SourceControl: Source control is disabled
[2020.06.06-00.09.45:345][  0]SourceControl: Source control is disabled
[2020.06.06-00.09.45:351][  0]SourceControl: Source control is disabled
[2020.06.06-00.09.45:356][  0]SourceControl: Source control is disabled
[2020.06.06-00.09.45:615][  0]LogAndroidPermission: UAndroidPermissionCallbackProxy::GetInstance
[2020.06.06-00.09.45:635][  0]LogAudioCaptureCore: Display: No Audio Capture implementations found. Audio input will be silent.
[2020.06.06-00.09.45:635][  0]LogAudioCaptureCore: Display: No Audio Capture implementations found. Audio input will be silent.
[2020.06.06-00.09.45:857][  0]LogOcInput: OculusInput pre-init called
[2020.06.06-00.09.45:876][  0]LogWindows: Failed to load 'OVRPlugin.dll' (GetLastError=126)
[2020.06.06-00.09.45:876][  0]LogWindows: File 'OVRPlugin.dll' does not exist
[2020.06.06-00.09.46:084][  0]LogEngine: Initializing Engine...
[2020.06.06-00.09.46:088][  0]LogHMD: Failed to initialize OpenVR with code 110
[2020.06.06-00.09.46:091][  0]LogStats: UGameplayTagsManager::InitializeManager -  0.001 s
[2020.06.06-00.09.46:808][  0]LogInit: Initializing FReadOnlyCVARCache
[2020.06.06-00.09.46:828][  0]LogAIModule: Creating AISystem for world Untitled
[2020.06.06-00.09.46:841][  0]LogAudioMixer: Display: Audio Mixer Platform Settings:
[2020.06.06-00.09.46:841][  0]LogAudioMixer: Display: 	Sample Rate:						  48000
[2020.06.06-00.09.46:841][  0]LogAudioMixer: Display: 	Callback Buffer Frame Size Requested: 1024
[2020.06.06-00.09.46:841][  0]LogAudioMixer: Display: 	Callback Buffer Frame Size To Use:	  1024
[2020.06.06-00.09.46:841][  0]LogAudioMixer: Display: 	Number of buffers to queue:			  2
[2020.06.06-00.09.46:841][  0]LogAudioMixer: Display: 	Max Channels (voices):				  32
[2020.06.06-00.09.46:841][  0]LogAudioMixer: Display: 	Number of Async Source Workers:		  0
[2020.06.06-00.09.46:841][  0]LogAudio: Display: AudioDevice MaxSources: 32
[2020.06.06-00.09.46:843][  0]LogAudio: Display: Using built-in audio occlusion.
[2020.06.06-00.09.46:843][  0]LogAudioMixer: Display: Initializing audio mixer.
[2020.06.06-00.09.46:870][  0]LogAudioMixer: Display: Audio Device Output Speaker Info:
[2020.06.06-00.09.46:870][  0]LogAudioMixer: Display: Name: Speakers (2- Realtek High Definition Audio)
[2020.06.06-00.09.46:870][  0]LogAudioMixer: Display: Is Default: Yes
[2020.06.06-00.09.46:870][  0]LogAudioMixer: Display: Sample Rate: 48000
[2020.06.06-00.09.46:870][  0]LogAudioMixer: Display: Channel Count Used: 2
[2020.06.06-00.09.46:870][  0]LogAudioMixer: Display: Device Channel Count: 2
[2020.06.06-00.09.46:870][  0]LogAudioMixer: Display: Channel Order:
[2020.06.06-00.09.46:870][  0]LogAudioMixer: Display: 0: FrontLeft
[2020.06.06-00.09.46:870][  0]LogAudioMixer: Display: 1: FrontRight
[2020.06.06-00.09.47:248][  0]LogAudioMixer: Display: Using Audio Device Speakers (2- Realtek High Definition Audio)
[2020.06.06-00.09.47:252][  0]LogInit: FAudioDevice initialized.
[2020.06.06-00.09.47:253][  0]LogNetVersion: Set ProjectVersion to 1.0.0.0. Version Checksum will be recalculated on next use.
[2020.06.06-00.09.47:340][  0]LogDerivedDataCache: Saved boot cache 0.09s 78MB C:/Users/julia/AppData/Local/UnrealEngine/4.24/DerivedDataCache/Boot.ddc.
[2020.06.06-00.09.47:345][  0]LogInit: Texture streaming: Enabled
[2020.06.06-00.09.47:362][  0]LogEngineSessionManager: EngineSessionManager initialized
[2020.06.06-00.09.47:362][  0]LogEditorSessionSummary: Verbose: Initializing EditorSessionSummaryWriter for editor session tracking
[2020.06.06-00.09.47:365][  0]LogEditorSessionSummary: EditorSessionSummaryWriter initialized
[2020.06.06-00.09.47:483][  0]LogInit: Transaction tracking system initialized
[2020.06.06-00.09.47:530][  0]BlueprintLog: New page: Editor Load
[2020.06.06-00.09.47:647][  0]LocalizationService: Localization service is disabled
[2020.06.06-00.09.48:541][  0]LogFileCache: Scanning file cache for directory 'C:/Users/julia/Documents/Project_UE4/ProjectUE4Game/Project/Content/' took 0.01s
[2020.06.06-00.09.48:541][  0]LogCook: Display: Max memory allowance for cook 16384mb min free memory 0mb
[2020.06.06-00.09.48:542][  0]LogCook: Display: Mobile HDR setting 1
[2020.06.06-00.09.49:654][  0]SourceControl: Source control is disabled
[2020.06.06-00.09.49:655][  0]Cmd: MAP LOAD FILE="../../../../../../Users/julia/Documents/Project_UE4/ProjectUE4Game/Project/Content/Phil/Levels/Hub.umap" TEMPLATE=0 SHOWPROGRESS=1 FEATURELEVEL=3
[2020.06.06-00.09.49:665][  0]LightingResults: New page: Lighting Build
[2020.06.06-00.09.49:670][  0]LogWorld: UWorld::CleanupWorld for Untitled, bSessionEnded=true, bCleanupResources=true
[2020.06.06-00.09.49:671][  0]LogSlate: InvalidateAllWidgets triggered.  All widgets were invalidated
[2020.06.06-00.09.49:671][  0]MapCheck: New page: Map Check
[2020.06.06-00.09.49:671][  0]LightingResults: New page: Lighting Build
[2020.06.06-00.09.49:694][  0]LogUObjectHash: Compacting FUObjectHashTables data took   2.23ms
[2020.06.06-00.09.49:906][  0]LogLinker: Warning: While loading '../../../../../../Users/julia/Documents/Project_UE4/ProjectUE4Game/Project/Content/Phil/Levels/Hub.umap' failed to load '/Game/Phil/Levels/Hub_BuiltData': Can't find file.
[2020.06.06-00.09.49:906][  0]LogLinker: Warning: While loading '../../../../../../Users/julia/Documents/Project_UE4/ProjectUE4Game/Project/Content/Phil/Levels/Hub.umap' failed to load '/Game/Phil/Levels/Hub_BuiltData': Can't find file.
[2020.06.06-00.09.49:921][  0]LogLinker: Warning: While loading '../../../../../../Users/julia/Documents/Project_UE4/ProjectUE4Game/Project/Content/Phil/Levels/Hub.umap' failed to load '/Game/Phil/Levels/Hub_BuiltData': Can't find file.
[2020.06.06-00.09.49:921][  0]LogLinker: Warning: While loading '../../../../../../Users/julia/Documents/Project_UE4/ProjectUE4Game/Project/Content/Phil/Levels/Hub.umap' failed to load '/Game/Phil/Levels/Hub_BuiltData': Can't find file.
[2020.06.06-00.09.49:929][  0]LogLinker: Warning: While loading '../../../../../../Users/julia/Documents/Project_UE4/ProjectUE4Game/Project/Content/Phil/Levels/Hub.umap' failed to load '/Game/Phil/Levels/Hub_BuiltData': Can't find file.
[2020.06.06-00.09.49:929][  0]LoadErrors: Failed to load /Game/Phil/Levels/Hub_BuiltData.Hub_BuiltData Referenced by PersistentLevel
[2020.06.06-00.09.49:929][  0]LogLinker: Warning: While loading '../../../../../../Users/julia/Documents/Project_UE4/ProjectUE4Game/Project/Content/Phil/Levels/Hub.umap' failed to load '/Game/Phil/Levels/Hub_BuiltData': Can't find file.
[2020.06.06-00.09.49:929][  0]LoadErrors: Failed to load /Game/Phil/Levels/Hub_BuiltData.Hub_BuiltData Referenced by PersistentLevel
[2020.06.06-00.09.50:010][  0]LogAIModule: Creating AISystem for world Hub
[2020.06.06-00.09.50:050][  0]LogEditorServer: Finished looking for orphan Actors (0.000 secs)
[2020.06.06-00.09.50:080][  0]LogUObjectHash: Compacting FUObjectHashTables data took   2.50ms
[2020.06.06-00.09.50:080][  0]Cmd: MAP CHECKDEP NOCLEARLOG
[2020.06.06-00.09.50:081][  0]MapCheck: Map check complete: 0 Error(s), 0 Warning(s), took 0.215ms to complete.
[2020.06.06-00.09.50:081][  0]LogFileHelpers: Loading map 'Hub' took 0.426
[2020.06.06-00.09.50:346][  0]LogSlate: Updating window title bar state: overlay mode, drag disabled, window buttons hidden, title bar hidden
[2020.06.06-00.09.50:355][  0]LogSlate: Updating window title bar state: overlay mode, drag disabled, window buttons hidden, title bar hidden
[2020.06.06-00.09.50:363][  0]LogSlate: Updating window title bar state: overlay mode, drag disabled, window buttons hidden, title bar hidden
[2020.06.06-00.09.50:371][  0]LogSlate: Updating window title bar state: overlay mode, drag disabled, window buttons hidden, title bar hidden
[2020.06.06-00.09.50:388][  0]LogCollectionManager: Loaded 0 collections in 0.001836 seconds
[2020.06.06-00.09.50:434][  0]LogFileCache: Scanning file cache for directory 'C:/Users/julia/Documents/Project_UE4/ProjectUE4Game/Project/Saved/Collections/' took 0.00s
[2020.06.06-00.09.50:434][  0]LogFileCache: Scanning file cache for directory 'C:/Users/julia/Documents/Project_UE4/ProjectUE4Game/Project/Content/Developers/julia/Collections/' took 0.00s
[2020.06.06-00.09.50:434][  0]LogFileCache: Scanning file cache for directory 'C:/Users/julia/Documents/Project_UE4/ProjectUE4Game/Project/Content/Collections/' took 0.00s
[2020.06.06-00.09.50:434][  0]LogContentBrowser: Native class hierarchy populated in 0.0254 seconds. Added 3048 classes and 720 folders.
[2020.06.06-00.09.50:450][  0]LogContentBrowser: Native class hierarchy updated for 'WidgetCarousel' in 0.0008 seconds. Added 0 classes and 0 folders.
[2020.06.06-00.09.51:034][  0]LogContentBrowser: Native class hierarchy updated for 'AddContentDialog' in 0.0004 seconds. Added 0 classes and 0 folders.
[2020.06.06-00.09.51:042][  0]LogContentBrowser: Native class hierarchy updated for 'SceneOutliner' in 0.0004 seconds. Added 2 classes and 3 folders.
[2020.06.06-00.09.51:210][  0]LogSlate: Took 0.013129 seconds to synchronously load lazily loaded font '../../../Engine/Content/Slate/Fonts/Roboto-Regular.ttf' (155K)
[2020.06.06-00.09.51:222][  0]LogSlate: Took 0.009394 seconds to synchronously load lazily loaded font '../../../Engine/Content/Slate/Fonts/Roboto-Bold.ttf' (160K)
[2020.06.06-00.09.51:241][  0]LogSlate: Took 0.012133 seconds to synchronously load lazily loaded font '../../../Engine/Content/Editor/Slate/Fonts/FontAwesome.ttf' (139K)
[2020.06.06-00.09.51:384][  0]LogRenderer: Reallocating scene render targets to support 696x288 Format 10 NumSamples 1 (Frame:1).
[2020.06.06-00.09.51:667][  0]LogContentBrowser: Native class hierarchy updated for 'HierarchicalLODOutliner' in 0.0012 seconds. Added 0 classes and 0 folders.
[2020.06.06-00.09.51:667][  0]LogLoad: (Engine Initialization) Total time: 28.47 seconds
[2020.06.06-00.09.51:667][  0]LogLoad: (Engine Initialization) Total Blueprint compile time: 0.00 seconds
[2020.06.06-00.09.51:761][  0]LogContentStreaming: Texture pool size now 1000 MB
[2020.06.06-00.09.51:988][  0]LogSlate: Took 0.010930 seconds to synchronously load lazily loaded font '../../../Engine/Content/Slate/Fonts/Roboto-Light.ttf' (167K)
[2020.06.06-00.09.53:619][ 28]LogAssetRegistry: Asset discovery search completed in 15.9419 seconds
[2020.06.06-00.09.53:623][ 28]LogCollectionManager: Fixed up redirectors for 0 collections in 0.000010 seconds (updated 0 objects)
[2020.06.06-00.12.16:072][517]LogSlate: Window 'Message Log' being destroyed
[2020.06.06-00.12.16:077][517]LogSlate: Window 'Message Log' being destroyed
[2020.06.06-00.12.29:463][290]LogSlate: Took 0.000209 seconds to synchronously load lazily loaded font '../../../Engine/Content/Slate/Fonts/Roboto-Light.ttf' (167K)
[2020.06.06-00.12.30:615][290]LogBlueprint: Warning: Node '/Game/MilitaryWeapDark/Sound/GrenadeLauncher/GrenadeLauncher_Warning_Cue.GrenadeLauncher_Warning_Cue:SoundCueGraph_29.SoundCueGraphNode_28' missing NodeGuid because of upgrade from old package version, this can cause deterministic cooking issues please resave package.
[2020.06.06-00.12.30:615][290]LogBlueprint: Warning: Node '/Game/MilitaryWeapDark/Sound/GrenadeLauncher/GrenadeLauncher_Warning_Cue.GrenadeLauncher_Warning_Cue:SoundCueGraph_29.SoundCueGraphNode_Root_29' missing NodeGuid because of upgrade from old package version, this can cause deterministic cooking issues please resave package.
[2020.06.06-00.12.31:166][290]LogBlueprint: Warning: Node '/Game/MilitaryWeapDark/Sound/Knife/Knife_ImpactSurface_Cue.Knife_ImpactSurface_Cue:SoundCueGraph_33.SoundCueGraphNode_190' missing NodeGuid because of upgrade from old package version, this can cause deterministic cooking issues please resave package.
[2020.06.06-00.12.31:167][290]LogBlueprint: Warning: Node '/Game/MilitaryWeapDark/Sound/Knife/Knife_ImpactSurface_Cue.Knife_ImpactSurface_Cue:SoundCueGraph_33.SoundCueGraphNode_191' missing NodeGuid because of upgrade from old package version, this can cause deterministic cooking issues please resave package.
[2020.06.06-00.12.31:167][290]LogBlueprint: Warning: Node '/Game/MilitaryWeapDark/Sound/Knife/Knife_ImpactSurface_Cue.Knife_ImpactSurface_Cue:SoundCueGraph_33.SoundCueGraphNode_192' missing NodeGuid because of upgrade from old package version, this can cause deterministic cooking issues please resave package.
[2020.06.06-00.12.31:167][290]LogBlueprint: Warning: Node '/Game/MilitaryWeapDark/Sound/Knife/Knife_ImpactSurface_Cue.Knife_ImpactSurface_Cue:SoundCueGraph_33.SoundCueGraphNode_193' missing NodeGuid because of upgrade from old package version, this can cause deterministic cooking issues please resave package.
[2020.06.06-00.12.31:167][290]LogBlueprint: Warning: Node '/Game/MilitaryWeapDark/Sound/Knife/Knife_ImpactSurface_Cue.Knife_ImpactSurface_Cue:SoundCueGraph_33.SoundCueGraphNode_32' missing NodeGuid because of upgrade from old package version, this can cause deterministic cooking issues please resave package.
[2020.06.06-00.12.31:167][290]LogBlueprint: Warning: Node '/Game/MilitaryWeapDark/Sound/Knife/Knife_ImpactSurface_Cue.Knife_ImpactSurface_Cue:SoundCueGraph_33.SoundCueGraphNode_Root_33' missing NodeGuid because of upgrade from old package version, this can cause deterministic cooking issues please resave package.
[2020.06.06-00.12.31:167][290]LogBlueprint: Warning: Node '/Game/MilitaryWeapDark/Sound/Knife/KnifeB_Swing_Cue.KnifeB_Swing_Cue:SoundCueGraph_37.SoundCueGraphNode_177' missing NodeGuid because of upgrade from old package version, this can cause deterministic cooking issues please resave package.
[2020.06.06-00.12.31:167][290]LogBlueprint: Warning: Node '/Game/MilitaryWeapDark/Sound/Knife/KnifeB_Swing_Cue.KnifeB_Swing_Cue:SoundCueGraph_37.SoundCueGraphNode_178' missing NodeGuid because of upgrade from old package version, this can cause deterministic cooking issues please resave package.
[2020.06.06-00.12.31:167][290]LogBlueprint: Warning: Node '/Game/MilitaryWeapDark/Sound/Knife/KnifeB_Swing_Cue.KnifeB_Swing_Cue:SoundCueGraph_37.SoundCueGraphNode_179' missing NodeGuid because of upgrade from old package version, this can cause deterministic cooking issues please resave package.
[2020.06.06-00.12.31:167][290]LogBlueprint: Warning: Node '/Game/MilitaryWeapDark/Sound/Knife/KnifeB_Swing_Cue.KnifeB_Swing_Cue:SoundCueGraph_37.SoundCueGraphNode_180' missing NodeGuid because of upgrade from old package version, this can cause deterministic cooking issues please resave package.
[2020.06.06-00.12.31:167][290]LogBlueprint: Warning: Node '/Game/MilitaryWeapDark/Sound/Knife/KnifeB_Swing_Cue.KnifeB_Swing_Cue:SoundCueGraph_37.SoundCueGraphNode_181' missing NodeGuid because of upgrade from old package version, this can cause deterministic cooking issues please resave package.
[2020.06.06-00.12.31:167][290]LogBlueprint: Warning: Node '/Game/MilitaryWeapDark/Sound/Knife/KnifeB_Swing_Cue.KnifeB_Swing_Cue:SoundCueGraph_37.SoundCueGraphNode_182' missing NodeGuid because of upgrade from old package version, this can cause deterministic cooking issues please resave package.
[2020.06.06-00.12.31:167][290]LogBlueprint: Warning: Node '/Game/MilitaryWeapDark/Sound/Knife/KnifeB_Swing_Cue.KnifeB_Swing_Cue:SoundCueGraph_37.SoundCueGraphNode_36' missing NodeGuid because of upgrade from old package version, this can cause deterministic cooking issues please resave package.
[2020.06.06-00.12.31:167][290]LogBlueprint: Warning: Node '/Game/MilitaryWeapDark/Sound/Knife/KnifeB_Swing_Cue.KnifeB_Swing_Cue:SoundCueGraph_37.SoundCueGraphNode_Root_37' missing NodeGuid because of upgrade from old package version, this can cause deterministic cooking issues please resave package.
[2020.06.06-00.12.31:177][290]LogBlueprint: Warning: Node '/Game/MilitaryWeapDark/Sound/Knife/Knife_Raise_Cue.Knife_Raise_Cue:SoundCueGraph_35.SoundCueGraphNode_34' missing NodeGuid because of upgrade from old package version, this can cause deterministic cooking issues please resave package.
[2020.06.06-00.12.31:177][290]LogBlueprint: Warning: Node '/Game/MilitaryWeapDark/Sound/Knife/Knife_Raise_Cue.Knife_Raise_Cue:SoundCueGraph_35.SoundCueGraphNode_Root_35' missing NodeGuid because of upgrade from old package version, this can cause deterministic cooking issues please resave package.
[2020.06.06-00.12.31:204][290]LogBlueprint: Warning: Node '/Game/MilitaryWeapDark/Sound/Knife/Knife_ImpactBody_Cue.Knife_ImpactBody_Cue:SoundCueGraph_32.SoundCueGraphNode_194' missing NodeGuid because of upgrade from old package version, this can cause deterministic cooking issues please resave package.
[2020.06.06-00.12.31:205][290]LogBlueprint: Warning: Node '/Game/MilitaryWeapDark/Sound/Knife/Knife_ImpactBody_Cue.Knife_ImpactBody_Cue:SoundCueGraph_32.SoundCueGraphNode_195' missing NodeGuid because of upgrade from old package version, this can cause deterministic cooking issues please resave package.
[2020.06.06-00.12.31:205][290]LogBlueprint: Warning: Node '/Game/MilitaryWeapDark/Sound/Knife/Knife_ImpactBody_Cue.Knife_ImpactBody_Cue:SoundCueGraph_32.SoundCueGraphNode_196' missing NodeGuid because of upgrade from old package version, this can cause deterministic cooking issues please resave package.
[2020.06.06-00.12.31:205][290]LogBlueprint: Warning: Node '/Game/MilitaryWeapDark/Sound/Knife/Knife_ImpactBody_Cue.Knife_ImpactBody_Cue:SoundCueGraph_32.SoundCueGraphNode_197' missing NodeGuid because of upgrade from old package version, this can cause deterministic cooking issues please resave package.
[2020.06.06-00.12.31:205][290]LogBlueprint: Warning: Node '/Game/MilitaryWeapDark/Sound/Knife/Knife_ImpactBody_Cue.Knife_ImpactBody_Cue:SoundCueGraph_32.SoundCueGraphNode_31' missing NodeGuid because of upgrade from old package version, this can cause deterministic cooking issues please resave package.
[2020.06.06-00.12.31:205][290]LogBlueprint: Warning: Node '/Game/MilitaryWeapDark/Sound/Knife/Knife_ImpactBody_Cue.Knife_ImpactBody_Cue:SoundCueGraph_32.SoundCueGraphNode_Root_32' missing NodeGuid because of upgrade from old package version, this can cause deterministic cooking issues please resave package.
[2020.06.06-00.12.31:610][290]LogBlueprint: Warning: Node '/Game/MilitaryWeapDark/Sound/RocketLauncher/RocketLauncher_Explosion_Cue.RocketLauncher_Explosion_Cue:SoundCueGraph_46.SoundCueGraphNode_123' missing NodeGuid because of upgrade from old package version, this can cause deterministic cooking issues please resave package.
[2020.06.06-00.12.31:610][290]LogBlueprint: Warning: Node '/Game/MilitaryWeapDark/Sound/RocketLauncher/RocketLauncher_Explosion_Cue.RocketLauncher_Explosion_Cue:SoundCueGraph_46.SoundCueGraphNode_124' missing NodeGuid because of upgrade from old package version, this can cause deterministic cooking issues please resave package.
[2020.06.06-00.12.31:610][290]LogBlueprint: Warning: Node '/Game/MilitaryWeapDark/Sound/RocketLauncher/RocketLauncher_Explosion_Cue.RocketLauncher_Explosion_Cue:SoundCueGraph_46.SoundCueGraphNode_125' missing NodeGuid because of upgrade from old package version, this can cause deterministic cooking issues please resave package.
[2020.06.06-00.12.31:611][290]LogBlueprint: Warning: Node '/Game/MilitaryWeapDark/Sound/RocketLauncher/RocketLauncher_Explosion_Cue.RocketLauncher_Explosion_Cue:SoundCueGraph_46.SoundCueGraphNode_126' missing NodeGuid because of upgrade from old package version, this can cause deterministic cooking issues please resave package.
[2020.06.06-00.12.31:611][290]LogBlueprint: Warning: Node '/Game/MilitaryWeapDark/Sound/RocketLauncher/RocketLauncher_Explosion_Cue.RocketLauncher_Explosion_Cue:SoundCueGraph_46.SoundCueGraphNode_127' missing NodeGuid because of upgrade from old package version, this can cause deterministic cooking issues please resave package.
[2020.06.06-00.12.31:611][290]LogBlueprint: Warning: Node '/Game/MilitaryWeapDark/Sound/RocketLauncher/RocketLauncher_Explosion_Cue.RocketLauncher_Explosion_Cue:SoundCueGraph_46.SoundCueGraphNode_128' missing NodeGuid because of upgrade from old package version, this can cause deterministic cooking issues please resave package.
[2020.06.06-00.12.31:611][290]LogBlueprint: Warning: Node '/Game/MilitaryWeapDark/Sound/RocketLauncher/RocketLauncher_Explosion_Cue.RocketLauncher_Explosion_Cue:SoundCueGraph_46.SoundCueGraphNode_129' missing NodeGuid because of upgrade from old package version, this can cause deterministic cooking issues please resave package.
[2020.06.06-00.12.31:611][290]LogBlueprint: Warning: Node '/Game/MilitaryWeapDark/Sound/RocketLauncher/RocketLauncher_Explosion_Cue.RocketLauncher_Explosion_Cue:SoundCueGraph_46.SoundCueGraphNode_Root_46' missing NodeGuid because of upgrade from old package version, this can cause deterministic cooking issues please resave package.
[2020.06.06-00.12.31:994][290]LogBlueprint: Warning: Node '/Game/MilitaryWeapDark/Sound/GrenadeLauncher/GrenadeLauncherB_Fire_Cue.GrenadeLauncherB_Fire_Cue:SoundCueGraph_31.EdGraphNode_Comment_1' missing NodeGuid because of upgrade from old package version, this can cause deterministic cooking issues please resave package.
[2020.06.06-00.12.31:994][290]LogBlueprint: Warning: Node '/Game/MilitaryWeapDark/Sound/GrenadeLauncher/GrenadeLauncherB_Fire_Cue.GrenadeLauncherB_Fire_Cue:SoundCueGraph_31.EdGraphNode_Comment_3' missing NodeGuid because of upgrade from old package version, this can cause deterministic cooking issues please resave package.
[2020.06.06-00.12.31:995][290]LogBlueprint: Warning: Node '/Game/MilitaryWeapDark/Sound/GrenadeLauncher/GrenadeLauncherB_Fire_Cue.GrenadeLauncherB_Fire_Cue:SoundCueGraph_31.SoundCueGraphNode_168' missing NodeGuid because of upgrade from old package version, this can cause deterministic cooking issues please resave package.
[2020.06.06-00.12.31:995][290]LogBlueprint: Warning: Node '/Game/MilitaryWeapDark/Sound/GrenadeLauncher/GrenadeLauncherB_Fire_Cue.GrenadeLauncherB_Fire_Cue:SoundCueGraph_31.SoundCueGraphNode_169' missing NodeGuid because of upgrade from old package version, this can cause deterministic cooking issues please resave package.
[2020.06.06-00.12.31:995][290]LogBlueprint: Warning: Node '/Game/MilitaryWeapDark/Sound/GrenadeLauncher/GrenadeLauncherB_Fire_Cue.GrenadeLauncherB_Fire_Cue:SoundCueGraph_31.SoundCueGraphNode_170' missing NodeGuid because of upgrade from old package version, this can cause deterministic cooking issues please resave package.
[2020.06.06-00.12.31:995][290]LogBlueprint: Warning: Node '/Game/MilitaryWeapDark/Sound/GrenadeLauncher/GrenadeLauncherB_Fire_Cue.GrenadeLauncherB_Fire_Cue:SoundCueGraph_31.SoundCueGraphNode_175' missing NodeGuid because of upgrade from old package version, this can cause deterministic cooking issues please resave package.
[2020.06.06-00.12.31:995][290]LogBlueprint: Warning: Node '/Game/MilitaryWeapDark/Sound/GrenadeLauncher/GrenadeLauncherB_Fire_Cue.GrenadeLauncherB_Fire_Cue:SoundCueGraph_31.SoundCueGraphNode_30' missing NodeGuid because of upgrade from old package version, this can cause deterministic cooking issues please resave package.
[2020.06.06-00.12.31:995][290]LogBlueprint: Warning: Node '/Game/MilitaryWeapDark/Sound/GrenadeLauncher/GrenadeLauncherB_Fire_Cue.GrenadeLauncherB_Fire_Cue:SoundCueGraph_31.SoundCueGraphNode_308' missing NodeGuid because of upgrade from old package version, this can cause deterministic cooking issues please resave package.
[2020.06.06-00.12.31:995][290]LogBlueprint: Warning: Node '/Game/MilitaryWeapDark/Sound/GrenadeLauncher/GrenadeLauncherB_Fire_Cue.GrenadeLauncherB_Fire_Cue:SoundCueGraph_31.SoundCueGraphNode_309' missing NodeGuid because of upgrade from old package version, this can cause deterministic cooking issues please resave package.
[2020.06.06-00.12.31:995][290]LogBlueprint: Warning: Node '/Game/MilitaryWeapDark/Sound/GrenadeLauncher/GrenadeLauncherB_Fire_Cue.GrenadeLauncherB_Fire_Cue:SoundCueGraph_31.SoundCueGraphNode_310' missing NodeGuid because of upgrade from old package version, this can cause deterministic cooking issues please resave package.
[2020.06.06-00.12.31:995][290]LogBlueprint: Warning: Node '/Game/MilitaryWeapDark/Sound/GrenadeLauncher/GrenadeLauncherB_Fire_Cue.GrenadeLauncherB_Fire_Cue:SoundCueGraph_31.SoundCueGraphNode_311' missing NodeGuid because of upgrade from old package version, this can cause deterministic cooking issues please resave package.
[2020.06.06-00.12.31:995][290]LogBlueprint: Warning: Node '/Game/MilitaryWeapDark/Sound/GrenadeLauncher/GrenadeLauncherB_Fire_Cue.GrenadeLauncherB_Fire_Cue:SoundCueGraph_31.SoundCueGraphNode_312' missing NodeGuid because of upgrade from old package version, this can cause deterministic cooking issues please resave package.
[2020.06.06-00.12.31:995][290]LogBlueprint: Warning: Node '/Game/MilitaryWeapDark/Sound/GrenadeLauncher/GrenadeLauncherB_Fire_Cue.GrenadeLauncherB_Fire_Cue:SoundCueGraph_31.SoundCueGraphNode_8' missing NodeGuid because of upgrade from old package version, this can cause deterministic cooking issues please resave package.
[2020.06.06-00.12.31:995][290]LogBlueprint: Warning: Node '/Game/MilitaryWeapDark/Sound/GrenadeLauncher/GrenadeLauncherB_Fire_Cue.GrenadeLauncherB_Fire_Cue:SoundCueGraph_31.SoundCueGraphNode_90' missing NodeGuid because of upgrade from old package version, this can cause deterministic cooking issues please resave package.
[2020.06.06-00.12.31:995][290]LogBlueprint: Warning: Node '/Game/MilitaryWeapDark/Sound/GrenadeLauncher/GrenadeLauncherB_Fire_Cue.GrenadeLauncherB_Fire_Cue:SoundCueGraph_31.SoundCueGraphNode_Root_31' missing NodeGuid because of upgrade from old package version, this can cause deterministic cooking issues please resave package.
[2020.06.06-00.12.32:130][290]LogAIModule: Creating AISystem for world TestMap
[2020.06.06-00.12.32:148][290]LogAssetEditorSubsystem: Opening Asset editor for World /Game/Julian/JLevels/TestMap.TestMap
[2020.06.06-00.12.32:225][290]LogUObjectHash: Compacting FUObjectHashTables data took   4.29ms
[2020.06.06-00.12.32:231][290]Cmd: MAP LOAD FILE="../../../../../../Users/julia/Documents/Project_UE4/ProjectUE4Game/Project/Content/Julian/JLevels/TestMap.umap" TEMPLATE=0 SHOWPROGRESS=1 FEATURELEVEL=3
[2020.06.06-00.12.32:231][290]LightingResults: New page: Lighting Build
[2020.06.06-00.12.32:232][290]LoadErrors: New page: Loading map: TestMap.umap
[2020.06.06-00.12.32:233][290]LogWorld: UWorld::CleanupWorld for Hub, bSessionEnded=true, bCleanupResources=true
[2020.06.06-00.12.32:235][290]LogSlate: InvalidateAllWidgets triggered.  All widgets were invalidated
[2020.06.06-00.12.32:235][290]MapCheck: New page: Map Check
[2020.06.06-00.12.32:235][290]LightingResults: New page: Lighting Build
[2020.06.06-00.12.32:285][290]LogUObjectHash: Compacting FUObjectHashTables data took   3.53ms
[2020.06.06-00.12.32:533][290]LogEditorServer: Finished looking for orphan Actors (0.000 secs)
[2020.06.06-00.12.32:573][290]LogUObjectHash: Compacting FUObjectHashTables data took   2.11ms
[2020.06.06-00.12.32:650][290]Cmd: MAP CHECKDEP NOCLEARLOG
[2020.06.06-00.12.32:651][290]MapCheck: Map check complete: 0 Error(s), 0 Warning(s), took 0.198ms to complete.
[2020.06.06-00.12.32:651][290]LogFileHelpers: Loading map 'TestMap' took 0.424
[2020.06.06-00.12.35:661][446]LogTemp: Repeating last play command: Selected Viewport
[2020.06.06-00.12.35:741][446]LogPlayLevel: PlayLevel: No blueprints needed recompiling
[2020.06.06-00.12.35:743][446]PIE: New page: PIE session: TestMap (Jun. 5, 2020, 4:12:35 p.m.)
[2020.06.06-00.12.35:745][446]LogOnline: OSS: Creating online subsystem instance for: NULL
[2020.06.06-00.12.35:748][446]LogOnline: OSS: TryLoadSubsystemAndSetDefault: Loaded subsystem for module [NULL]
[2020.06.06-00.12.35:750][446]LogPlayLevel: Creating play world package: /Game/Julian/JLevels/UEDPIE_0_TestMap
[2020.06.06-00.12.35:773][446]LogPlayLevel: PIE: StaticDuplicateObject took: (0.022056s)
[2020.06.06-00.12.35:775][446]LogAIModule: Creating AISystem for world TestMap
[2020.06.06-00.12.35:776][446]LogPlayLevel: PIE: World Init took: (0.003731s)
[2020.06.06-00.12.35:777][446]LogPlayLevel: PIE: Created PIE world by copying editor world from /Game/Julian/JLevels/TestMap.TestMap to /Game/Julian/JLevels/UEDPIE_0_TestMap.TestMap (0.026869s)
[2020.06.06-00.12.35:831][446]LogUObjectHash: Compacting FUObjectHashTables data took   3.55ms
[2020.06.06-00.12.35:833][446]LogAudioMixer: Display: Audio Mixer Platform Settings:
[2020.06.06-00.12.35:834][446]LogAudioMixer: Display: 	Sample Rate:						  48000
[2020.06.06-00.12.35:834][446]LogAudioMixer: Display: 	Callback Buffer Frame Size Requested: 1024
[2020.06.06-00.12.35:834][446]LogAudioMixer: Display: 	Callback Buffer Frame Size To Use:	  1024
[2020.06.06-00.12.35:834][446]LogAudioMixer: Display: 	Number of buffers to queue:			  2
[2020.06.06-00.12.35:834][446]LogAudioMixer: Display: 	Max Channels (voices):				  32
[2020.06.06-00.12.35:834][446]LogAudioMixer: Display: 	Number of Async Source Workers:		  0
[2020.06.06-00.12.35:834][446]LogAudio: Display: AudioDevice MaxSources: 32
[2020.06.06-00.12.35:835][446]LogAudio: Display: Using built-in audio occlusion.
[2020.06.06-00.12.35:835][446]LogAudioMixer: Display: Initializing audio mixer.
[2020.06.06-00.12.35:843][446]LogAudioMixer: Display: Audio Device Output Speaker Info:
[2020.06.06-00.12.35:843][446]LogAudioMixer: Display: Name: Speakers (2- Realtek High Definition Audio)
[2020.06.06-00.12.35:843][446]LogAudioMixer: Display: Is Default: Yes
[2020.06.06-00.12.35:843][446]LogAudioMixer: Display: Sample Rate: 48000
[2020.06.06-00.12.35:843][446]LogAudioMixer: Display: Channel Count Used: 2
[2020.06.06-00.12.35:843][446]LogAudioMixer: Display: Device Channel Count: 2
[2020.06.06-00.12.35:843][446]LogAudioMixer: Display: Channel Order:
[2020.06.06-00.12.35:843][446]LogAudioMixer: Display: 0: FrontLeft
[2020.06.06-00.12.35:843][446]LogAudioMixer: Display: 1: FrontRight
[2020.06.06-00.12.36:022][446]LogAudioMixer: Display: Using Audio Device Speakers (2- Realtek High Definition Audio)
[2020.06.06-00.12.36:025][446]LogInit: FAudioDevice initialized.
[2020.06.06-00.12.36:051][446]LogLoad: Game class is 'BP_JGameModeBase_C'
[2020.06.06-00.12.36:070][446]LogWorld: Bringing World /Game/Julian/JLevels/UEDPIE_0_TestMap.TestMap up for play (max tick rate 60) at 2020.06.05-20.12.36
[2020.06.06-00.12.36:098][446]LogWorld: Bringing up level for play took: 0.036816
[2020.06.06-00.12.36:101][446]LogOnline: OSS: Creating online subsystem instance for: :Context_1
[2020.06.06-00.12.36:130][446]LogContentBrowser: Native class hierarchy updated for 'MovieSceneCapture' in 0.0014 seconds. Added 20 classes and 0 folders.
[2020.06.06-00.12.36:179][446]PIE: Play in editor start time for /Game/Julian/JLevels/UEDPIE_0_TestMap 0.802
[2020.06.06-00.13.08:440][333]LogTemp: Warning: CollectibleOverlapEnd
[2020.06.06-00.13.21:042][ 83]LogTemp: Warning: CollectibleOverlapEnd
[2020.06.06-00.13.21:042][ 83]LogTemp: Warning: CollectibleOverlapEnd
[2020.06.06-00.13.21:042][ 83]LogTemp: Warning: CollectibleOverlapEnd
[2020.06.06-00.13.23:022][198]LogTemp: Warning: CollectibleOverlapEnd
[2020.06.06-00.13.23:022][198]LogTemp: Warning: CollectibleOverlapEnd
[2020.06.06-00.13.35:002][909]LogAudioMixer: Display: No commands were queued while flushing the source manager.
[2020.06.06-00.13.35:002][909]LogAudioMixer: Display: No commands were queued while flushing the source manager.
[2020.06.06-00.13.35:008][909]LogSlate: Updating window title bar state: overlay mode, drag disabled, window buttons hidden, title bar hidden
[2020.06.06-00.13.35:008][909]LogWorld: BeginTearingDown for /Game/Julian/JLevels/UEDPIE_0_TestMap
[2020.06.06-00.13.35:009][909]LogAudioMixer: Display: No commands were queued while flushing the source manager.
[2020.06.06-00.13.35:011][909]LogWorld: UWorld::CleanupWorld for TestMap, bSessionEnded=true, bCleanupResources=true
[2020.06.06-00.13.35:012][909]LogSlate: InvalidateAllWidgets triggered.  All widgets were invalidated
[2020.06.06-00.13.35:021][909]LogPlayLevel: Display: Shutting down PIE online subsystems
[2020.06.06-00.13.35:029][909]LogSlate: InvalidateAllWidgets triggered.  All widgets were invalidated
[2020.06.06-00.13.35:053][909]LogAudioMixer: Display: No commands were queued while flushing the source manager.
[2020.06.06-00.13.35:059][909]LogSlate: Updating window title bar state: overlay mode, drag disabled, window buttons hidden, title bar hidden
[2020.06.06-00.13.35:062][909]LogUObjectHash: Compacting FUObjectHashTables data took   2.02ms
[2020.06.06-00.13.35:120][911]LogPlayLevel: Display: Destroying online subsystem :Context_1
[2020.06.06-00.13.41:847][297]LogUObjectHash: Compacting FUObjectHashTables data took   0.74ms
[2020.06.06-00.13.51:680][787]LogAssetEditorSubsystem: Opening Asset editor for Blueprint /Game/Julian/Enemies/Mutant/BP_JFollowEnemy.BP_JFollowEnemy
[2020.06.06-00.13.51:977][787]LogContentBrowser: Native class hierarchy updated for 'BlueprintGraph' in 0.0023 seconds. Added 121 classes and 0 folders.
[2020.06.06-00.13.53:189][787]LogSlate: Took 0.007756 seconds to synchronously load lazily loaded font '../../../Engine/Content/Slate/Fonts/Roboto-BoldCondensed.ttf' (158K)
[2020.06.06-00.13.54:397][842]LogSlate: Took 0.018976 seconds to synchronously load lazily loaded font '../../../Engine/Content/Slate/Fonts/Roboto-Italic.ttf' (157K)
[2020.06.06-00.13.55:381][892]LogRenderer: Reallocating scene render targets to support 704x392 Format 10 NumSamples 1 (Frame:1).
[2020.06.06-00.16.20:569][ 80]BlueprintLog: New page: Compile BP_JFollowEnemy
[2020.06.06-00.16.21:025][ 80]LogUObjectHash: Compacting FUObjectHashTables data took   4.19ms
[2020.06.06-00.16.21:206][ 80]LogSavePackage: Moving '../../../../../../Users/julia/Documents/Project_UE4/ProjectUE4Game/Project/Saved/BP_JFollowEnemyA5EAD16D49BB77B4F69DECA41DC364A4.tmp' to '../../../../../../Users/julia/Documents/Project_UE4/ProjectUE4Game/Project/Content/Julian/Enemies/Mutant/BP_JFollowEnemy.uasset'
[2020.06.06-00.16.21:228][ 80]AssetCheck: New page: Asset Save: BP_JFollowEnemy
[2020.06.06-00.16.21:228][ 80]LogContentValidation: Display: Validating Blueprint /Game/Julian/Enemies/Mutant/BP_JFollowEnemy.BP_JFollowEnemy
[2020.06.06-00.16.21:847][111]LogSavePackage: Moving '../../../../../../Users/julia/Documents/Project_UE4/ProjectUE4Game/Project/Saved/BP_JFollowEnemy6AB2E12246CEB83D4D0333979D144AFD.tmp' to '../../../../../../Users/julia/Documents/Project_UE4/ProjectUE4Game/Project/Content/Julian/Enemies/Mutant/BP_JFollowEnemy.uasset'
[2020.06.06-00.16.21:864][111]AssetCheck: New page: Asset Save: BP_JFollowEnemy
[2020.06.06-00.16.21:864][111]LogContentValidation: Display: Validating Blueprint /Game/Julian/Enemies/Mutant/BP_JFollowEnemy.BP_JFollowEnemy
[2020.06.06-00.17.35:519][232]BlueprintLog: New page: Compile BP_JFollowEnemy
[2020.06.06-00.17.35:951][232]LogUObjectHash: Compacting FUObjectHashTables data took   4.05ms
[2020.06.06-00.17.36:098][232]LogSavePackage: Moving '../../../../../../Users/julia/Documents/Project_UE4/ProjectUE4Game/Project/Saved/BP_JFollowEnemyD3E45EEA44A66CFAD3759FABE8E4A467.tmp' to '../../../../../../Users/julia/Documents/Project_UE4/ProjectUE4Game/Project/Content/Julian/Enemies/Mutant/BP_JFollowEnemy.uasset'
[2020.06.06-00.17.36:113][232]AssetCheck: New page: Asset Save: BP_JFollowEnemy
[2020.06.06-00.17.36:113][232]LogContentValidation: Display: Validating Blueprint /Game/Julian/Enemies/Mutant/BP_JFollowEnemy.BP_JFollowEnemy
[2020.06.06-00.17.36:712][262]LogSavePackage: Moving '../../../../../../Users/julia/Documents/Project_UE4/ProjectUE4Game/Project/Saved/BP_JFollowEnemy484040FA4209CF170DD13B8D85505A76.tmp' to '../../../../../../Users/julia/Documents/Project_UE4/ProjectUE4Game/Project/Content/Julian/Enemies/Mutant/BP_JFollowEnemy.uasset'
[2020.06.06-00.17.36:729][262]AssetCheck: New page: Asset Save: BP_JFollowEnemy
[2020.06.06-00.17.36:729][262]LogContentValidation: Display: Validating Blueprint /Game/Julian/Enemies/Mutant/BP_JFollowEnemy.BP_JFollowEnemy
[2020.06.06-00.17.39:400][373]LogUObjectHash: Compacting FUObjectHashTables data took   3.62ms
[2020.06.06-00.17.40:909][373]LogSlate: Window 'Save Content' being destroyed
[2020.06.06-00.17.41:000][373]LogUObjectHash: Compacting FUObjectHashTables data took   1.84ms
[2020.06.06-00.17.41:102][373]LogSavePackage: Moving '../../../../../../Users/julia/Documents/Project_UE4/ProjectUE4Game/Project/Saved/TestMapC50CD0D44138A977A3D1DABE7C0F2BC1.tmp' to '../../../../../../Users/julia/Documents/Project_UE4/ProjectUE4Game/Project/Content/Julian/JLevels/TestMap.umap'
[2020.06.06-00.17.41:170][373]LogFileHelpers: Saving map 'TestMap' took 0.225
[2020.06.06-00.17.41:189][373]AssetCheck: New page: Asset Save: TestMap
[2020.06.06-00.17.41:189][373]LogContentValidation: Display: Validating World /Game/Julian/JLevels/TestMap.TestMap
[2020.06.06-00.17.42:954][459]LogTemp: Repeating last play command: Selected Viewport
[2020.06.06-00.17.42:989][459]LogPlayLevel: PlayLevel: No blueprints needed recompiling
[2020.06.06-00.17.42:989][459]PIE: New page: PIE session: TestMap (Jun. 5, 2020, 4:17:42 p.m.)
[2020.06.06-00.17.42:989][459]LogPlayLevel: Creating play world package: /Game/Julian/JLevels/UEDPIE_0_TestMap
[2020.06.06-00.17.42:998][459]LogPlayLevel: PIE: StaticDuplicateObject took: (0.008995s)
[2020.06.06-00.17.42:999][459]LogAIModule: Creating AISystem for world TestMap
[2020.06.06-00.17.42:999][459]LogPlayLevel: PIE: World Init took: (0.001234s)
[2020.06.06-00.17.42:999][459]LogPlayLevel: PIE: Created PIE world by copying editor world from /Game/Julian/JLevels/TestMap.TestMap to /Game/Julian/JLevels/UEDPIE_0_TestMap.TestMap (0.010424s)
[2020.06.06-00.17.43:038][459]LogUObjectHash: Compacting FUObjectHashTables data took   3.25ms
[2020.06.06-00.17.43:040][459]LogAudioMixer: Display: Audio Mixer Platform Settings:
[2020.06.06-00.17.43:040][459]LogAudioMixer: Display: 	Sample Rate:						  48000
[2020.06.06-00.17.43:040][459]LogAudioMixer: Display: 	Callback Buffer Frame Size Requested: 1024
[2020.06.06-00.17.43:040][459]LogAudioMixer: Display: 	Callback Buffer Frame Size To Use:	  1024
[2020.06.06-00.17.43:040][459]LogAudioMixer: Display: 	Number of buffers to queue:			  2
[2020.06.06-00.17.43:040][459]LogAudioMixer: Display: 	Max Channels (voices):				  32
[2020.06.06-00.17.43:040][459]LogAudioMixer: Display: 	Number of Async Source Workers:		  0
[2020.06.06-00.17.43:040][459]LogAudio: Display: AudioDevice MaxSources: 32
[2020.06.06-00.17.43:040][459]LogAudio: Display: Using built-in audio occlusion.
[2020.06.06-00.17.43:040][459]LogAudioMixer: Display: Initializing audio mixer.
[2020.06.06-00.17.43:045][459]LogAudioMixer: Display: Audio Device Output Speaker Info:
[2020.06.06-00.17.43:045][459]LogAudioMixer: Display: Name: Speakers (2- Realtek High Definition Audio)
[2020.06.06-00.17.43:045][459]LogAudioMixer: Display: Is Default: Yes
[2020.06.06-00.17.43:045][459]LogAudioMixer: Display: Sample Rate: 48000
[2020.06.06-00.17.43:045][459]LogAudioMixer: Display: Channel Count Used: 2
[2020.06.06-00.17.43:045][459]LogAudioMixer: Display: Device Channel Count: 2
[2020.06.06-00.17.43:045][459]LogAudioMixer: Display: Channel Order:
[2020.06.06-00.17.43:045][459]LogAudioMixer: Display: 0: FrontLeft
[2020.06.06-00.17.43:045][459]LogAudioMixer: Display: 1: FrontRight
[2020.06.06-00.17.43:164][459]LogAudioMixer: Display: Using Audio Device Speakers (2- Realtek High Definition Audio)
[2020.06.06-00.17.43:165][459]LogInit: FAudioDevice initialized.
[2020.06.06-00.17.43:172][459]LogLoad: Game class is 'BP_JGameModeBase_C'
[2020.06.06-00.17.43:175][459]LogWorld: Bringing World /Game/Julian/JLevels/UEDPIE_0_TestMap.TestMap up for play (max tick rate 60) at 2020.06.05-20.17.43
[2020.06.06-00.17.43:176][459]LogWorld: Bringing up level for play took: 0.003453
[2020.06.06-00.17.43:176][459]LogOnline: OSS: Creating online subsystem instance for: :Context_9
[2020.06.06-00.17.43:181][459]PIE: Play in editor start time for /Game/Julian/JLevels/UEDPIE_0_TestMap -0.195
[2020.06.06-00.18.03:744][667]LogAudioMixer: Display: No commands were queued while flushing the source manager.
[2020.06.06-00.18.03:744][667]LogAudioMixer: Display: No commands were queued while flushing the source manager.
[2020.06.06-00.18.03:745][667]LogSlate: Updating window title bar state: overlay mode, drag disabled, window buttons hidden, title bar hidden
[2020.06.06-00.18.03:745][667]LogWorld: BeginTearingDown for /Game/Julian/JLevels/UEDPIE_0_TestMap
[2020.06.06-00.18.03:745][667]LogAudioMixer: Display: No commands were queued while flushing the source manager.
[2020.06.06-00.18.03:746][667]LogWorld: UWorld::CleanupWorld for TestMap, bSessionEnded=true, bCleanupResources=true
[2020.06.06-00.18.03:747][667]LogSlate: InvalidateAllWidgets triggered.  All widgets were invalidated
[2020.06.06-00.18.03:759][667]LogPlayLevel: Display: Shutting down PIE online subsystems
[2020.06.06-00.18.03:765][667]LogSlate: InvalidateAllWidgets triggered.  All widgets were invalidated
[2020.06.06-00.18.03:808][667]LogAudioMixer: Display: No commands were queued while flushing the source manager.
[2020.06.06-00.18.03:812][667]LogSlate: Updating window title bar state: overlay mode, drag disabled, window buttons hidden, title bar hidden
[2020.06.06-00.18.03:818][667]LogUObjectHash: Compacting FUObjectHashTables data took   4.21ms
[2020.06.06-00.18.03:874][669]LogPlayLevel: Display: Destroying online subsystem :Context_9
[2020.06.06-00.18.05:713][758]LogUObjectHash: Compacting FUObjectHashTables data took   1.18ms
[2020.06.06-00.19.09:747][157]LogAssetEditorSubsystem: Opening Asset editor for Blueprint /Game/Julian/Enemies/Mutant2/BP_Mutant2.BP_Mutant2
[2020.06.06-00.19.12:301][213]LogSlate: Window 'BP_Mutant2' being destroyed
[2020.06.06-00.19.12:388][213]LogWorld: UWorld::CleanupWorld for World_7, bSessionEnded=true, bCleanupResources=true
[2020.06.06-00.19.12:388][213]LogSlate: InvalidateAllWidgets triggered.  All widgets were invalidated
[2020.06.06-00.19.12:519][213]LogAssetEditorSubsystem: Opening Asset editor for Blueprint /Game/Julian/Enemies/Mutant2/BP_Mutant2.BP_Mutant2
[2020.06.06-00.20.53:450][152]BlueprintLog: New page: Compile BP_Mutant2
[2020.06.06-00.20.53:851][152]LogUObjectHash: Compacting FUObjectHashTables data took   3.98ms
[2020.06.06-00.20.53:994][152]LogSavePackage: Moving '../../../../../../Users/julia/Documents/Project_UE4/ProjectUE4Game/Project/Saved/BP_Mutant203ACAB984BED7BC624EA1E8379C8FE6B.tmp' to '../../../../../../Users/julia/Documents/Project_UE4/ProjectUE4Game/Project/Content/Julian/Enemies/Mutant2/BP_Mutant2.uasset'
[2020.06.06-00.20.54:010][152]AssetCheck: New page: Asset Save: BP_Mutant2
[2020.06.06-00.20.54:010][152]LogContentValidation: Display: Validating Blueprint /Game/Julian/Enemies/Mutant2/BP_Mutant2.BP_Mutant2
[2020.06.06-00.20.55:084][186]LogSavePackage: Moving '../../../../../../Users/julia/Documents/Project_UE4/ProjectUE4Game/Project/Saved/BP_Mutant26063B65041CF50BA29A0A6915B81D0B6.tmp' to '../../../../../../Users/julia/Documents/Project_UE4/ProjectUE4Game/Project/Content/Julian/Enemies/Mutant2/BP_Mutant2.uasset'
[2020.06.06-00.20.55:101][186]AssetCheck: New page: Asset Save: BP_Mutant2
[2020.06.06-00.20.55:101][186]LogContentValidation: Display: Validating Blueprint /Game/Julian/Enemies/Mutant2/BP_Mutant2.BP_Mutant2
[2020.06.06-00.22.33:053][359]BlueprintLog: New page: Compile BP_Mutant2
[2020.06.06-00.22.33:477][359]LogUObjectHash: Compacting FUObjectHashTables data took   4.45ms
[2020.06.06-00.22.33:660][359]LogSavePackage: Moving '../../../../../../Users/julia/Documents/Project_UE4/ProjectUE4Game/Project/Saved/BP_Mutant2B94CE118464DDE5A8D5CEC8B28A2767E.tmp' to '../../../../../../Users/julia/Documents/Project_UE4/ProjectUE4Game/Project/Content/Julian/Enemies/Mutant2/BP_Mutant2.uasset'
[2020.06.06-00.22.33:676][359]AssetCheck: New page: Asset Save: BP_Mutant2
[2020.06.06-00.22.33:676][359]LogContentValidation: Display: Validating Blueprint /Game/Julian/Enemies/Mutant2/BP_Mutant2.BP_Mutant2
[2020.06.06-00.22.34:425][379]LogSavePackage: Moving '../../../../../../Users/julia/Documents/Project_UE4/ProjectUE4Game/Project/Saved/BP_Mutant273FFC11349A517501A2D74916858097C.tmp' to '../../../../../../Users/julia/Documents/Project_UE4/ProjectUE4Game/Project/Content/Julian/Enemies/Mutant2/BP_Mutant2.uasset'
[2020.06.06-00.22.34:448][379]AssetCheck: New page: Asset Save: BP_Mutant2
[2020.06.06-00.22.34:448][379]LogContentValidation: Display: Validating Blueprint /Game/Julian/Enemies/Mutant2/BP_Mutant2.BP_Mutant2
[2020.06.06-00.22.44:487][727]LogSlate: Window 'BP_Mutant2' being destroyed
[2020.06.06-00.22.46:784][812]LogUObjectHash: Compacting FUObjectHashTables data took   3.83ms
