Log file open, 05/07/20 14:45:50
LogWindows: Failed to load 'aqProf.dll' (GetLastError=126)
LogWindows: File 'aqProf.dll' does not exist
LogWindows: Failed to load 'VtuneApi.dll' (GetLastError=126)
LogWindows: File 'VtuneApi.dll' does not exist
LogWindows: Failed to load 'VtuneApi32e.dll' (GetLastError=126)
LogWindows: File 'VtuneApi32e.dll' does not exist
LogConsoleResponse: Display: Failed to find resolution value strings in scalability ini. Falling back to default.
LogInit: Display: Running engine for game: Project
LogPlatformFile: Not using cached read wrapper
LogTaskGraph: Started task graph with 5 named threads and 11 total threads with 3 sets of task threads.
LogStats: Stats thread started at 0.713324
LogD3D11RHI: Loaded GFSDK_Aftermath_Lib.x64.dll
LogICUInternationalization: ICU TimeZone Detection - Raw Offset: -5:00, Platform Override: ''
LogPluginManager: Mounting plugin Paper2D
LogPluginManager: Mounting plugin AISupport
LogPluginManager: Mounting plugin LightPropagationVolume
LogPluginManager: Mounting plugin ActorLayerUtilities
LogPluginManager: Mounting plugin AnimationSharing
LogPluginManager: Mounting plugin CLionSourceCodeAccess
LogPluginManager: Mounting plugin CodeLiteSourceCodeAccess
LogPluginManager: Mounting plugin GitSourceControl
LogPluginManager: Mounting plugin KDevelopSourceCodeAccess
LogPluginManager: Mounting plugin NullSourceCodeAccess
LogPluginManager: Mounting plugin PerforceSourceControl
LogPluginManager: Mounting plugin PlasticSourceControl
LogPluginManager: Mounting plugin SubversionSourceControl
LogPluginManager: Mounting plugin UObjectPlugin
LogPluginManager: Mounting plugin VisualStudioCodeSourceCodeAccess
LogPluginManager: Mounting plugin VisualStudioSourceCodeAccess
LogPluginManager: Mounting plugin XCodeSourceCodeAccess
LogPluginManager: Mounting plugin AssetManagerEditor
LogPluginManager: Mounting plugin CryptoKeys
LogPluginManager: Mounting plugin CurveEditorTools
LogPluginManager: Mounting plugin DataValidation
LogPluginManager: Mounting plugin FacialAnimation
LogPluginManager: Mounting plugin GameplayTagsEditor
LogPluginManager: Mounting plugin MacGraphicsSwitching
LogPluginManager: Mounting plugin MaterialAnalyzer
LogPluginManager: Mounting plugin MobileLauncherProfileWizard
LogPluginManager: Mounting plugin PluginBrowser
LogPluginManager: Mounting plugin SpeedTreeImporter
LogPluginManager: Mounting plugin DatasmithContent
LogPluginManager: Mounting plugin VariantManagerContent
LogPluginManager: Mounting plugin AlembicImporter
LogPluginManager: Mounting plugin AutomationUtils
LogPluginManager: Mounting plugin BackChannel
LogPluginManager: Mounting plugin CharacterAI
LogPluginManager: Mounting plugin GeometryCache
LogPluginManager: Mounting plugin PlatformCrypto
LogPluginManager: Mounting plugin ProxyLODPlugin
LogPluginManager: Mounting plugin SkeletalReduction
LogPluginManager: Mounting plugin MagicLeap
LogPluginManager: Mounting plugin MagicLeapMedia
LogPluginManager: Mounting plugin MLSDK
LogPluginManager: Mounting plugin AndroidMedia
LogPluginManager: Mounting plugin AvfMedia
LogPluginManager: Mounting plugin ImgMedia
LogPluginManager: Mounting plugin MediaCompositing
LogPluginManager: Mounting plugin MediaPlayerEditor
LogPluginManager: Mounting plugin WebMMedia
LogPluginManager: Mounting plugin WmfMedia
LogPluginManager: Mounting plugin TcpMessaging
LogPluginManager: Mounting plugin UdpMessaging
LogPluginManager: Mounting plugin ActorSequence
LogPluginManager: Mounting plugin LevelSequenceEditor
LogPluginManager: Mounting plugin MatineeToLevelSequence
LogPluginManager: Mounting plugin NetcodeUnitTest
LogPluginManager: Mounting plugin NUTUnrealEngine4
LogPluginManager: Mounting plugin OnlineSubsystemGooglePlay
LogPluginManager: Mounting plugin OnlineSubsystemIOS
LogPluginManager: Mounting plugin OnlineSubsystem
LogPluginManager: Mounting plugin OnlineSubsystemNull
LogPluginManager: Mounting plugin OnlineSubsystemUtils
LogPluginManager: Mounting plugin LauncherChunkInstaller
LogPluginManager: Mounting plugin AndroidDeviceProfileSelector
LogPluginManager: Mounting plugin AndroidMoviePlayer
LogPluginManager: Mounting plugin AndroidPermission
LogPluginManager: Mounting plugin AppleImageUtils
LogPluginManager: Mounting plugin AppleMoviePlayer
LogPluginManager: Mounting plugin ArchVisCharacter
LogPluginManager: Mounting plugin AssetTags
LogPluginManager: Mounting plugin AudioCapture
LogPluginManager: Mounting plugin CableComponent
LogPluginManager: Mounting plugin CustomMeshComponent
LogPluginManager: Mounting plugin EditableMesh
LogPluginManager: Mounting plugin ExampleDeviceProfileSelector
LogPluginManager: Mounting plugin GoogleCloudMessaging
LogPluginManager: Mounting plugin IOSDeviceProfileSelector
LogPluginManager: Mounting plugin LinuxDeviceProfileSelector
LogPluginManager: Mounting plugin LocationServicesBPLibrary
LogPluginManager: Mounting plugin MobilePatchingUtils
LogPluginManager: Mounting plugin OculusVR
LogPluginManager: Mounting plugin PhysXVehicles
LogPluginManager: Mounting plugin PostSplashScreen
LogPluginManager: Mounting plugin ProceduralMeshComponent
LogPluginManager: Mounting plugin RuntimePhysXCooking
LogPluginManager: Mounting plugin SignificanceManager
LogPluginManager: Mounting plugin SteamVR
LogPluginManager: Mounting plugin WebMMoviePlayer
LogPluginManager: Mounting plugin WindowsMoviePlayer
LogPluginManager: Mounting plugin ScreenshotTools
LogInit: Using libcurl 7.55.1-DEV
LogInit:  - built for x86_64-pc-win32
LogInit:  - supports SSL with OpenSSL/1.1.1
LogInit:  - supports HTTP deflate (compression) using libz 1.2.8
LogInit:  - other features:
LogInit:      CURL_VERSION_SSL
LogInit:      CURL_VERSION_LIBZ
LogInit:      CURL_VERSION_IPV6
LogInit:      CURL_VERSION_ASYNCHDNS
LogInit:      CURL_VERSION_LARGEFILE
LogInit:      CURL_VERSION_IDN
LogInit:  CurlRequestOptions (configurable via config and command line):
LogInit:  - bVerifyPeer = true  - Libcurl will verify peer certificate
LogInit:  - bUseHttpProxy = false  - Libcurl will NOT use HTTP proxy
LogInit:  - bDontReuseConnections = false  - Libcurl will reuse connections
LogInit:  - MaxHostConnections = 16  - Libcurl will limit the number of connections to a host
LogInit:  - LocalHostAddr = Default
LogInit:  - BufferSize = 65536
LogOnline: OSS: Creating online subsystem instance for: NULL
LogInit: WinSock: version 1.1 (2.2), MaxSocks=32767, MaxUdp=65467
LogOnline: OSS: TryLoadSubsystemAndSetDefault: Loaded subsystem for module [NULL]
LogInit: Build: ++UE4+Release-4.24-CL-11590370
LogInit: Engine Version: 4.24.3-11590370+++UE4+Release-4.24
LogInit: Compatible Engine Version: 4.24.0-10570792+++UE4+Release-4.24
LogInit: Net CL: 10570792
LogInit: OS: Windows 10 (Release 1909) (), CPU: Intel(R) Core(TM) i7-7500U CPU @ 2.70GHz, GPU: Intel(R) HD Graphics 620
LogInit: Compiled (64-bit): Feb 24 2020 15:39:18
LogInit: Compiled with Visual C++: 19.16.27032.01
LogInit: Build Configuration: Development
LogInit: Branch Name: ++UE4+Release-4.24
LogInit: Command Line:  -skipcompile
LogInit: Base Directory: C:/Program Files/Epic Games/UE_4.24/Engine/Binaries/Win64/
LogInit: Installed Engine Build: 1
LogDevObjectVersion: Number of dev versions registered: 25
LogDevObjectVersion:   Dev-Blueprints (B0D832E4-1F89-4F0D-ACCF-7EB736FD4AA2): 10
LogDevObjectVersion:   Dev-Build (E1C64328-A22C-4D53-A36C-8E866417BD8C): 0
LogDevObjectVersion:   Dev-Core (375EC13C-06E4-48FB-B500-84F0262A717E): 3
LogDevObjectVersion:   Dev-Editor (E4B068ED-F494-42E9-A231-DA0B2E46BB41): 37
LogDevObjectVersion:   Dev-Framework (CFFC743F-43B0-4480-9391-14DF171D2073): 36
LogDevObjectVersion:   Dev-Mobile (B02B49B5-BB20-44E9-A304-32B752E40360): 2
LogDevObjectVersion:   Dev-Networking (A4E4105C-59A1-49B5-A7C5-40C4547EDFEE): 0
LogDevObjectVersion:   Dev-Online (39C831C9-5AE6-47DC-9A44-9C173E1C8E7C): 0
LogDevObjectVersion:   Dev-Physics (78F01B33-EBEA-4F98-B9B4-84EACCB95AA2): 2
LogDevObjectVersion:   Dev-Platform (6631380F-2D4D-43E0-8009-CF276956A95A): 0
LogDevObjectVersion:   Dev-Rendering (12F88B9F-8875-4AFC-A67C-D90C383ABD29): 36
LogDevObjectVersion:   Dev-Sequencer (7B5AE74C-D270-4C10-A958-57980B212A5A): 11
LogDevObjectVersion:   Dev-VR (D7296918-1DD6-4BDD-9DE2-64A83CC13884): 2
LogDevObjectVersion:   Dev-LoadTimes (C2A15278-BFE7-4AFE-6C17-90FF531DF755): 1
LogDevObjectVersion:   Private-Geometry (6EACA3D4-40EC-4CC1-B786-8BED09428FC5): 3
LogDevObjectVersion:   Dev-AnimPhys (29E575DD-E0A3-4627-9D10-D276232CDCEA): 17
LogDevObjectVersion:   Dev-Anim (AF43A65D-7FD3-4947-9873-3E8ED9C1BB05): 2
LogDevObjectVersion:   Dev-ReflectionCapture (6B266CEC-1EC7-4B8F-A30B-E4D90942FC07): 1
LogDevObjectVersion:   Dev-Automation (0DF73D61-A23F-47EA-B727-89E90C41499A): 1
LogDevObjectVersion:   FortniteMain (601D1886-AC64-4F84-AA16-D3DE0DEAC7D6): 31
LogDevObjectVersion:   Dev-Enterprise (9DFFBCD6-494F-0158-E221-12823C92A888): 8
LogDevObjectVersion:   Dev-Niagara (F2AED0AC-9AFE-416F-8664-AA7FFA26D6FC): 1
LogDevObjectVersion:   Dev-Destruction (174F1F0B-B4C6-45A5-B13F-2EE8D0FB917D): 9
LogDevObjectVersion:   Dev-Physics-Ext (35F94A83-E258-406C-A318-09F59610247C): 8
LogDevObjectVersion:   Dev-CineCamera (B2E18506-4273-CFC2-A54E-F4BB758BBA07): 1
LogInit: Presizing for max 25165824 objects, including 0 objects not considered by GC, pre-allocating 0 bytes for permanent pool.
LogInit: Object subsystem initialized
LogConfig: Setting CVar [[con.DebugEarlyDefault:1]]
LogConfig: Setting CVar [[r.setres:1280x720]]
[2020.05.07-18.45.51:935][  0]LogConfig: Setting CVar [[r.VSync:0]]
[2020.05.07-18.45.51:935][  0]LogConfig: Setting CVar [[r.RHICmdBypass:0]]
[2020.05.07-18.45.51:936][  0]LogConfig: Applying CVar settings from Section [/Script/Engine.RendererSettings] File [C:/Users/julia/Documents/UnrealEngineProject/ProjectUE4Game/Project/Saved/Config/Windows/Engine.ini]
[2020.05.07-18.45.51:936][  0]LogConfig: Setting CVar [[r.GPUCrashDebugging:0]]
[2020.05.07-18.45.51:936][  0]LogConfig: Applying CVar settings from Section [/Script/Engine.RendererOverrideSettings] File [C:/Users/julia/Documents/UnrealEngineProject/ProjectUE4Game/Project/Saved/Config/Windows/Engine.ini]
[2020.05.07-18.45.51:936][  0]LogConfig: Applying CVar settings from Section [/Script/Engine.StreamingSettings] File [C:/Users/julia/Documents/UnrealEngineProject/ProjectUE4Game/Project/Saved/Config/Windows/Engine.ini]
[2020.05.07-18.45.51:936][  0]LogConfig: Setting CVar [[s.MinBulkDataSizeForAsyncLoading:131072]]
[2020.05.07-18.45.51:936][  0]LogConfig: Setting CVar [[s.AsyncLoadingThreadEnabled:0]]
[2020.05.07-18.45.51:936][  0]LogConfig: Setting CVar [[s.EventDrivenLoaderEnabled:1]]
[2020.05.07-18.45.51:937][  0]LogConfig: Setting CVar [[s.WarnIfTimeLimitExceeded:0]]
[2020.05.07-18.45.51:937][  0]LogConfig: Setting CVar [[s.TimeLimitExceededMultiplier:1.5]]
[2020.05.07-18.45.51:937][  0]LogConfig: Setting CVar [[s.TimeLimitExceededMinTime:0.005]]
[2020.05.07-18.45.51:937][  0]LogConfig: Setting CVar [[s.UseBackgroundLevelStreaming:1]]
[2020.05.07-18.45.51:937][  0]LogConfig: Setting CVar [[s.PriorityAsyncLoadingExtraTime:15.0]]
[2020.05.07-18.45.51:937][  0]LogConfig: Setting CVar [[s.LevelStreamingActorsUpdateTimeLimit:5.0]]
[2020.05.07-18.45.51:937][  0]LogConfig: Setting CVar [[s.PriorityLevelStreamingActorsUpdateExtraTime:5.0]]
[2020.05.07-18.45.51:937][  0]LogConfig: Setting CVar [[s.LevelStreamingComponentsRegistrationGranularity:10]]
[2020.05.07-18.45.51:937][  0]LogConfig: Setting CVar [[s.UnregisterComponentsTimeLimit:1.0]]
[2020.05.07-18.45.51:937][  0]LogConfig: Setting CVar [[s.LevelStreamingComponentsUnregistrationGranularity:5]]
[2020.05.07-18.45.51:937][  0]LogConfig: Setting CVar [[s.FlushStreamingOnExit:1]]
[2020.05.07-18.45.51:938][  0]LogConfig: Applying CVar settings from Section [/Script/Engine.GarbageCollectionSettings] File [C:/Users/julia/Documents/UnrealEngineProject/ProjectUE4Game/Project/Saved/Config/Windows/Engine.ini]
[2020.05.07-18.45.51:938][  0]LogConfig: Setting CVar [[gc.MaxObjectsNotConsideredByGC:1]]
[2020.05.07-18.45.51:938][  0]LogConfig: Setting CVar [[gc.SizeOfPermanentObjectPool:0]]
[2020.05.07-18.45.51:938][  0]LogConfig: Setting CVar [[gc.FlushStreamingOnGC:0]]
[2020.05.07-18.45.51:938][  0]LogConfig: Setting CVar [[gc.NumRetriesBeforeForcingGC:10]]
[2020.05.07-18.45.51:938][  0]LogConfig: Setting CVar [[gc.AllowParallelGC:1]]
[2020.05.07-18.45.51:938][  0]LogConfig: Setting CVar [[gc.TimeBetweenPurgingPendingKillObjects:61.1]]
[2020.05.07-18.45.51:938][  0]LogConfig: Setting CVar [[gc.MaxObjectsInEditor:25165824]]
[2020.05.07-18.45.51:938][  0]LogConfig: Setting CVar [[gc.IncrementalBeginDestroyEnabled:1]]
[2020.05.07-18.45.51:938][  0]LogConfig: Setting CVar [[gc.CreateGCClusters:1]]
[2020.05.07-18.45.51:939][  0]LogConfig: Setting CVar [[gc.MinGCClusterSize:5]]
[2020.05.07-18.45.51:939][  0]LogConfig: Setting CVar [[gc.ActorClusteringEnabled:0]]
[2020.05.07-18.45.51:939][  0]LogConfig: Setting CVar [[gc.BlueprintClusteringEnabled:0]]
[2020.05.07-18.45.51:939][  0]LogConfig: Setting CVar [[gc.UseDisregardForGCOnDedicatedServers:0]]
[2020.05.07-18.45.51:939][  0]LogConfig: Applying CVar settings from Section [/Script/Engine.NetworkSettings] File [C:/Users/julia/Documents/UnrealEngineProject/ProjectUE4Game/Project/Saved/Config/Windows/Engine.ini]
[2020.05.07-18.45.51:939][  0]LogConfig: Applying CVar settings from Section [/Script/UnrealEd.CookerSettings] File [C:/Users/julia/Documents/UnrealEngineProject/ProjectUE4Game/Project/Saved/Config/Windows/Engine.ini]
[2020.05.07-18.45.51:955][  0]LogConfig: Applying CVar settings from Section [ViewDistanceQuality@3] File [C:/Users/julia/Documents/UnrealEngineProject/ProjectUE4Game/Project/Saved/Config/Windows/Scalability.ini]
[2020.05.07-18.45.51:955][  0]LogConfig: Setting CVar [[r.SkeletalMeshLODBias:0]]
[2020.05.07-18.45.51:955][  0]LogConfig: Setting CVar [[r.ViewDistanceScale:1.0]]
[2020.05.07-18.45.51:956][  0]LogConfig: Applying CVar settings from Section [AntiAliasingQuality@3] File [C:/Users/julia/Documents/UnrealEngineProject/ProjectUE4Game/Project/Saved/Config/Windows/Scalability.ini]
[2020.05.07-18.45.51:956][  0]LogConfig: Setting CVar [[r.PostProcessAAQuality:4]]
[2020.05.07-18.45.51:957][  0]LogConfig: Applying CVar settings from Section [ShadowQuality@3] File [C:/Users/julia/Documents/UnrealEngineProject/ProjectUE4Game/Project/Saved/Config/Windows/Scalability.ini]
[2020.05.07-18.45.51:957][  0]LogConfig: Setting CVar [[r.LightFunctionQuality:1]]
[2020.05.07-18.45.51:957][  0]LogConfig: Setting CVar [[r.ShadowQuality:5]]
[2020.05.07-18.45.51:957][  0]LogConfig: Setting CVar [[r.Shadow.CSM.MaxCascades:10]]
[2020.05.07-18.45.51:957][  0]LogConfig: Setting CVar [[r.Shadow.MaxResolution:2048]]
[2020.05.07-18.45.51:959][  0]LogConfig: Setting CVar [[r.Shadow.MaxCSMResolution:2048]]
[2020.05.07-18.45.51:959][  0]LogConfig: Setting CVar [[r.Shadow.RadiusThreshold:0.01]]
[2020.05.07-18.45.51:959][  0]LogConfig: Setting CVar [[r.Shadow.DistanceScale:1.0]]
[2020.05.07-18.45.51:959][  0]LogConfig: Setting CVar [[r.Shadow.CSM.TransitionScale:1.0]]
[2020.05.07-18.45.51:960][  0]LogConfig: Setting CVar [[r.Shadow.PreShadowResolutionFactor:1.0]]
[2020.05.07-18.45.51:960][  0]LogConfig: Setting CVar [[r.DistanceFieldShadowing:1]]
[2020.05.07-18.45.51:960][  0]LogConfig: Setting CVar [[r.DistanceFieldAO:1]]
[2020.05.07-18.45.51:960][  0]LogConfig: Setting CVar [[r.AOQuality:2]]
[2020.05.07-18.45.51:960][  0]LogConfig: Setting CVar [[r.VolumetricFog:1]]
[2020.05.07-18.45.51:960][  0]LogConfig: Setting CVar [[r.VolumetricFog.GridPixelSize:8]]
[2020.05.07-18.45.51:960][  0]LogConfig: Setting CVar [[r.VolumetricFog.GridSizeZ:128]]
[2020.05.07-18.45.51:960][  0]LogConfig: Setting CVar [[r.VolumetricFog.HistoryMissSupersampleCount:4]]
[2020.05.07-18.45.51:961][  0]LogConfig: Setting CVar [[r.LightMaxDrawDistanceScale:1]]
[2020.05.07-18.45.51:961][  0]LogConfig: Setting CVar [[r.CapsuleShadows:1]]
[2020.05.07-18.45.51:961][  0]LogConfig: Applying CVar settings from Section [PostProcessQuality@3] File [C:/Users/julia/Documents/UnrealEngineProject/ProjectUE4Game/Project/Saved/Config/Windows/Scalability.ini]
[2020.05.07-18.45.51:961][  0]LogConfig: Setting CVar [[r.MotionBlurQuality:4]]
[2020.05.07-18.45.51:962][  0]LogConfig: Setting CVar [[r.AmbientOcclusionMipLevelFactor:0.4]]
[2020.05.07-18.45.51:962][  0]LogConfig: Setting CVar [[r.AmbientOcclusionMaxQuality:100]]
[2020.05.07-18.45.51:962][  0]LogConfig: Setting CVar [[r.AmbientOcclusionLevels:-1]]
[2020.05.07-18.45.51:962][  0]LogConfig: Setting CVar [[r.AmbientOcclusionRadiusScale:1.0]]
[2020.05.07-18.45.51:962][  0]LogConfig: Setting CVar [[r.DepthOfFieldQuality:2]]
[2020.05.07-18.45.51:965][  0]LogConfig: Setting CVar [[r.RenderTargetPoolMin:400]]
[2020.05.07-18.45.51:965][  0]LogConfig: Setting CVar [[r.LensFlareQuality:2]]
[2020.05.07-18.45.51:965][  0]LogConfig: Setting CVar [[r.SceneColorFringeQuality:1]]
[2020.05.07-18.45.51:966][  0]LogConfig: Setting CVar [[r.EyeAdaptationQuality:2]]
[2020.05.07-18.45.51:966][  0]LogConfig: Setting CVar [[r.BloomQuality:5]]
[2020.05.07-18.45.51:966][  0]LogConfig: Setting CVar [[r.FastBlurThreshold:100]]
[2020.05.07-18.45.51:966][  0]LogConfig: Setting CVar [[r.Upscale.Quality:3]]
[2020.05.07-18.45.51:967][  0]LogConfig: Setting CVar [[r.Tonemapper.GrainQuantization:1]]
[2020.05.07-18.45.51:967][  0]LogConfig: Setting CVar [[r.LightShaftQuality:1]]
[2020.05.07-18.45.51:967][  0]LogConfig: Setting CVar [[r.Filter.SizeScale:1]]
[2020.05.07-18.45.51:967][  0]LogConfig: Setting CVar [[r.Tonemapper.Quality:5]]
[2020.05.07-18.45.51:968][  0]LogConfig: Setting CVar [[r.DOF.Gather.AccumulatorQuality:1        ; higher gathering accumulator quality]]
[2020.05.07-18.45.51:968][  0]LogConfig: Setting CVar [[r.DOF.Gather.PostfilterMethod:1          ; Median3x3 postfilering method]]
[2020.05.07-18.45.51:968][  0]LogConfig: Setting CVar [[r.DOF.Gather.EnableBokehSettings:0       ; no bokeh simulation when gathering]]
[2020.05.07-18.45.51:968][  0]LogConfig: Setting CVar [[r.DOF.Gather.RingCount:4                 ; medium number of samples when gathering]]
[2020.05.07-18.45.51:970][  0]LogConfig: Setting CVar [[r.DOF.Scatter.ForegroundCompositing:1    ; additive foreground scattering]]
[2020.05.07-18.45.51:970][  0]LogConfig: Setting CVar [[r.DOF.Scatter.BackgroundCompositing:2    ; additive background scattering]]
[2020.05.07-18.45.51:970][  0]LogConfig: Setting CVar [[r.DOF.Scatter.EnableBokehSettings:1      ; bokeh simulation when scattering]]
[2020.05.07-18.45.51:970][  0]LogConfig: Setting CVar [[r.DOF.Scatter.MaxSpriteRatio:0.1         ; only a maximum of 10% of scattered bokeh]]
[2020.05.07-18.45.51:970][  0]LogConfig: Setting CVar [[r.DOF.Recombine.Quality:1                ; cheap slight out of focus]]
[2020.05.07-18.45.51:971][  0]LogConfig: Setting CVar [[r.DOF.Recombine.EnableBokehSettings:0    ; no bokeh simulation on slight out of focus]]
[2020.05.07-18.45.51:971][  0]LogConfig: Setting CVar [[r.DOF.TemporalAAQuality:1                ; more stable temporal accumulation]]
[2020.05.07-18.45.51:971][  0]LogConfig: Setting CVar [[r.DOF.Kernel.MaxForegroundRadius:0.025]]
[2020.05.07-18.45.51:971][  0]LogConfig: Setting CVar [[r.DOF.Kernel.MaxBackgroundRadius:0.025]]
[2020.05.07-18.45.51:975][  0]LogConfig: Applying CVar settings from Section [TextureQuality@3] File [C:/Users/julia/Documents/UnrealEngineProject/ProjectUE4Game/Project/Saved/Config/Windows/Scalability.ini]
[2020.05.07-18.45.51:975][  0]LogConfig: Setting CVar [[r.Streaming.MipBias:0]]
[2020.05.07-18.45.51:975][  0]LogConfig: Setting CVar [[r.Streaming.AmortizeCPUToGPUCopy:0]]
[2020.05.07-18.45.51:975][  0]LogConfig: Setting CVar [[r.Streaming.MaxNumTexturesToStreamPerFrame:0]]
[2020.05.07-18.45.51:976][  0]LogConfig: Setting CVar [[r.Streaming.Boost:1]]
[2020.05.07-18.45.51:976][  0]LogConfig: Setting CVar [[r.MaxAnisotropy:8]]
[2020.05.07-18.45.51:976][  0]LogConfig: Setting CVar [[r.VT.MaxAnisotropy:8]]
[2020.05.07-18.45.51:976][  0]LogConfig: Setting CVar [[r.Streaming.LimitPoolSizeToVRAM:0]]
[2020.05.07-18.45.51:976][  0]LogConfig: Setting CVar [[r.Streaming.PoolSize:1000]]
[2020.05.07-18.45.51:976][  0]LogConfig: Setting CVar [[r.Streaming.MaxEffectiveScreenSize:0]]
[2020.05.07-18.45.51:977][  0]LogConfig: Applying CVar settings from Section [EffectsQuality@3] File [C:/Users/julia/Documents/UnrealEngineProject/ProjectUE4Game/Project/Saved/Config/Windows/Scalability.ini]
[2020.05.07-18.45.51:977][  0]LogConfig: Setting CVar [[r.TranslucencyLightingVolumeDim:64]]
[2020.05.07-18.45.51:977][  0]LogConfig: Setting CVar [[r.RefractionQuality:2]]
[2020.05.07-18.45.51:977][  0]LogConfig: Setting CVar [[r.SSR.Quality:3]]
[2020.05.07-18.45.51:977][  0]LogConfig: Setting CVar [[r.SSR.HalfResSceneColor:0]]
[2020.05.07-18.45.51:977][  0]LogConfig: Setting CVar [[r.SceneColorFormat:4]]
[2020.05.07-18.45.51:977][  0]LogConfig: Setting CVar [[r.DetailMode:2]]
[2020.05.07-18.45.51:977][  0]LogConfig: Setting CVar [[r.TranslucencyVolumeBlur:1]]
[2020.05.07-18.45.51:977][  0]LogConfig: Setting CVar [[r.MaterialQualityLevel:1 ; High quality]]
[2020.05.07-18.45.51:977][  0]LogConfig: Setting CVar [[r.SSS.Scale:1]]
[2020.05.07-18.45.51:977][  0]LogConfig: Setting CVar [[r.SSS.SampleSet:2]]
[2020.05.07-18.45.51:977][  0]LogConfig: Setting CVar [[r.SSS.Quality:1]]
[2020.05.07-18.45.51:977][  0]LogConfig: Setting CVar [[r.SSS.HalfRes:1]]
[2020.05.07-18.45.51:978][  0]LogConfig: Setting CVar [[r.SSGI.Quality:3]]
[2020.05.07-18.45.51:978][  0]LogConfig: Setting CVar [[r.EmitterSpawnRateScale:1.0]]
[2020.05.07-18.45.51:978][  0]LogConfig: Setting CVar [[r.ParticleLightQuality:2]]
[2020.05.07-18.45.51:978][  0]LogConfig: Setting CVar [[r.SkyAtmosphere.AerialPerspectiveLUT.FastApplyOnOpaque:1 ; Always have FastSkyLUT 1 in this case to avoid wrong sky]]
[2020.05.07-18.45.51:981][  0]LogConfig: Setting CVar [[r.SkyAtmosphere.AerialPerspectiveLUT.SampleCountPerSlice:1]]
[2020.05.07-18.45.51:982][  0]LogConfig: Setting CVar [[r.SkyAtmosphere.AerialPerspectiveLUT.DepthResolution:16.0]]
[2020.05.07-18.45.51:982][  0]LogConfig: Setting CVar [[r.SkyAtmosphere.FastSkyLUT:1]]
[2020.05.07-18.45.51:982][  0]LogConfig: Setting CVar [[r.SkyAtmosphere.FastSkyLUT.SampleCountMin:4.0]]
[2020.05.07-18.45.51:982][  0]LogConfig: Setting CVar [[r.SkyAtmosphere.FastSkyLUT.SampleCountMax:32.0]]
[2020.05.07-18.45.51:982][  0]LogConfig: Setting CVar [[r.SkyAtmosphere.SampleCountMin:4.0]]
[2020.05.07-18.45.51:982][  0]LogConfig: Setting CVar [[r.SkyAtmosphere.SampleCountMax:32.0]]
[2020.05.07-18.45.51:982][  0]LogConfig: Setting CVar [[r.SkyAtmosphere.TransmittanceLUT.UseSmallFormat:0]]
[2020.05.07-18.45.51:982][  0]LogConfig: Setting CVar [[r.SkyAtmosphere.TransmittanceLUT.SampleCount:10.0]]
[2020.05.07-18.45.51:982][  0]LogConfig: Setting CVar [[r.SkyAtmosphere.MultiScatteringLUT.SampleCount:15.0]]
[2020.05.07-18.45.51:982][  0]LogConfig: Applying CVar settings from Section [FoliageQuality@3] File [C:/Users/julia/Documents/UnrealEngineProject/ProjectUE4Game/Project/Saved/Config/Windows/Scalability.ini]
[2020.05.07-18.45.51:983][  0]LogConfig: Setting CVar [[foliage.DensityScale:1.0]]
[2020.05.07-18.45.51:983][  0]LogConfig: Setting CVar [[grass.DensityScale:1.0]]
[2020.05.07-18.45.51:983][  0]LogConfig: Applying CVar settings from Section [ShadingQuality@3] File [C:/Users/julia/Documents/UnrealEngineProject/ProjectUE4Game/Project/Saved/Config/Windows/Scalability.ini]
[2020.05.07-18.45.51:983][  0]LogConfig: Setting CVar [[r.HairStrands.SkyLighting.SampleCount:16]]
[2020.05.07-18.45.51:983][  0]LogConfig: Setting CVar [[r.HairStrands.SkyLighting.JitterIntegration:0]]
[2020.05.07-18.45.51:983][  0]LogConfig: Setting CVar [[r.HairStrands.SkyAO.SampleCount:16]]
[2020.05.07-18.45.51:983][  0]LogInit: Selected Device Profile: [Windows]
[2020.05.07-18.45.51:984][  0]LogInit: Applying CVar settings loaded from the selected device profile: [Windows]
[2020.05.07-18.45.51:989][  0]LogHAL: Display: Platform has ~ 8 GB [8465596416 / 8589934592 / 8], which maps to Default [LargestMinGB=32, LargerMinGB=12, DefaultMinGB=8, SmallerMinGB=6, SmallestMinGB=0)
[2020.05.07-18.45.51:989][  0]LogInit: Going up to parent DeviceProfile []
[2020.05.07-18.45.51:989][  0]LogConfig: Applying CVar settings from Section [ViewDistanceQuality@3] File [C:/Users/julia/Documents/UnrealEngineProject/ProjectUE4Game/Project/Saved/Config/Windows/Scalability.ini]
[2020.05.07-18.45.51:989][  0]LogConfig: Setting CVar [[r.SkeletalMeshLODBias:0]]
[2020.05.07-18.45.51:989][  0]LogConfig: Setting CVar [[r.ViewDistanceScale:1.0]]
[2020.05.07-18.45.51:989][  0]LogConfig: Applying CVar settings from Section [AntiAliasingQuality@3] File [C:/Users/julia/Documents/UnrealEngineProject/ProjectUE4Game/Project/Saved/Config/Windows/Scalability.ini]
[2020.05.07-18.45.51:989][  0]LogConfig: Setting CVar [[r.PostProcessAAQuality:4]]
[2020.05.07-18.45.51:989][  0]LogConfig: Applying CVar settings from Section [ShadowQuality@3] File [C:/Users/julia/Documents/UnrealEngineProject/ProjectUE4Game/Project/Saved/Config/Windows/Scalability.ini]
[2020.05.07-18.45.51:989][  0]LogConfig: Setting CVar [[r.LightFunctionQuality:1]]
[2020.05.07-18.45.51:990][  0]LogConfig: Setting CVar [[r.ShadowQuality:5]]
[2020.05.07-18.45.51:990][  0]LogConfig: Setting CVar [[r.Shadow.CSM.MaxCascades:10]]
[2020.05.07-18.45.51:990][  0]LogConfig: Setting CVar [[r.Shadow.MaxResolution:2048]]
[2020.05.07-18.45.51:990][  0]LogConfig: Setting CVar [[r.Shadow.MaxCSMResolution:2048]]
[2020.05.07-18.45.51:990][  0]LogConfig: Setting CVar [[r.Shadow.RadiusThreshold:0.01]]
[2020.05.07-18.45.51:990][  0]LogConfig: Setting CVar [[r.Shadow.DistanceScale:1.0]]
[2020.05.07-18.45.51:990][  0]LogConfig: Setting CVar [[r.Shadow.CSM.TransitionScale:1.0]]
[2020.05.07-18.45.51:991][  0]LogConfig: Setting CVar [[r.Shadow.PreShadowResolutionFactor:1.0]]
[2020.05.07-18.45.51:991][  0]LogConfig: Setting CVar [[r.DistanceFieldShadowing:1]]
[2020.05.07-18.45.51:991][  0]LogConfig: Setting CVar [[r.DistanceFieldAO:1]]
[2020.05.07-18.45.51:991][  0]LogConfig: Setting CVar [[r.AOQuality:2]]
[2020.05.07-18.45.51:991][  0]LogConfig: Setting CVar [[r.VolumetricFog:1]]
[2020.05.07-18.45.51:991][  0]LogConfig: Setting CVar [[r.VolumetricFog.GridPixelSize:8]]
[2020.05.07-18.45.51:991][  0]LogConfig: Setting CVar [[r.VolumetricFog.GridSizeZ:128]]
[2020.05.07-18.45.51:991][  0]LogConfig: Setting CVar [[r.VolumetricFog.HistoryMissSupersampleCount:4]]
[2020.05.07-18.45.51:991][  0]LogConfig: Setting CVar [[r.LightMaxDrawDistanceScale:1]]
[2020.05.07-18.45.51:991][  0]LogConfig: Setting CVar [[r.CapsuleShadows:1]]
[2020.05.07-18.45.51:991][  0]LogConfig: Applying CVar settings from Section [PostProcessQuality@3] File [C:/Users/julia/Documents/UnrealEngineProject/ProjectUE4Game/Project/Saved/Config/Windows/Scalability.ini]
[2020.05.07-18.45.51:992][  0]LogConfig: Setting CVar [[r.MotionBlurQuality:4]]
[2020.05.07-18.45.51:992][  0]LogConfig: Setting CVar [[r.AmbientOcclusionMipLevelFactor:0.4]]
[2020.05.07-18.45.51:992][  0]LogConfig: Setting CVar [[r.AmbientOcclusionMaxQuality:100]]
[2020.05.07-18.45.51:992][  0]LogConfig: Setting CVar [[r.AmbientOcclusionLevels:-1]]
[2020.05.07-18.45.51:992][  0]LogConfig: Setting CVar [[r.AmbientOcclusionRadiusScale:1.0]]
[2020.05.07-18.45.51:993][  0]LogConfig: Setting CVar [[r.DepthOfFieldQuality:2]]
[2020.05.07-18.45.51:993][  0]LogConfig: Setting CVar [[r.RenderTargetPoolMin:400]]
[2020.05.07-18.45.51:993][  0]LogConfig: Setting CVar [[r.LensFlareQuality:2]]
[2020.05.07-18.45.51:993][  0]LogConfig: Setting CVar [[r.SceneColorFringeQuality:1]]
[2020.05.07-18.45.51:994][  0]LogConfig: Setting CVar [[r.EyeAdaptationQuality:2]]
[2020.05.07-18.45.51:994][  0]LogConfig: Setting CVar [[r.BloomQuality:5]]
[2020.05.07-18.45.51:994][  0]LogConfig: Setting CVar [[r.FastBlurThreshold:100]]
[2020.05.07-18.45.51:994][  0]LogConfig: Setting CVar [[r.Upscale.Quality:3]]
[2020.05.07-18.45.51:994][  0]LogConfig: Setting CVar [[r.Tonemapper.GrainQuantization:1]]
[2020.05.07-18.45.51:994][  0]LogConfig: Setting CVar [[r.LightShaftQuality:1]]
[2020.05.07-18.45.51:994][  0]LogConfig: Setting CVar [[r.Filter.SizeScale:1]]
[2020.05.07-18.45.51:994][  0]LogConfig: Setting CVar [[r.Tonemapper.Quality:5]]
[2020.05.07-18.45.51:994][  0]LogConfig: Setting CVar [[r.DOF.Gather.AccumulatorQuality:1        ; higher gathering accumulator quality]]
[2020.05.07-18.45.51:994][  0]LogConfig: Setting CVar [[r.DOF.Gather.PostfilterMethod:1          ; Median3x3 postfilering method]]
[2020.05.07-18.45.51:994][  0]LogConfig: Setting CVar [[r.DOF.Gather.EnableBokehSettings:0       ; no bokeh simulation when gathering]]
[2020.05.07-18.45.51:994][  0]LogConfig: Setting CVar [[r.DOF.Gather.RingCount:4                 ; medium number of samples when gathering]]
[2020.05.07-18.45.51:995][  0]LogConfig: Setting CVar [[r.DOF.Scatter.ForegroundCompositing:1    ; additive foreground scattering]]
[2020.05.07-18.45.51:995][  0]LogConfig: Setting CVar [[r.DOF.Scatter.BackgroundCompositing:2    ; additive background scattering]]
[2020.05.07-18.45.51:995][  0]LogConfig: Setting CVar [[r.DOF.Scatter.EnableBokehSettings:1      ; bokeh simulation when scattering]]
[2020.05.07-18.45.51:995][  0]LogConfig: Setting CVar [[r.DOF.Scatter.MaxSpriteRatio:0.1         ; only a maximum of 10% of scattered bokeh]]
[2020.05.07-18.45.51:995][  0]LogConfig: Setting CVar [[r.DOF.Recombine.Quality:1                ; cheap slight out of focus]]
[2020.05.07-18.45.51:995][  0]LogConfig: Setting CVar [[r.DOF.Recombine.EnableBokehSettings:0    ; no bokeh simulation on slight out of focus]]
[2020.05.07-18.45.51:996][  0]LogConfig: Setting CVar [[r.DOF.TemporalAAQuality:1                ; more stable temporal accumulation]]
[2020.05.07-18.45.51:996][  0]LogConfig: Setting CVar [[r.DOF.Kernel.MaxForegroundRadius:0.025]]
[2020.05.07-18.45.51:996][  0]LogConfig: Setting CVar [[r.DOF.Kernel.MaxBackgroundRadius:0.025]]
[2020.05.07-18.45.51:997][  0]LogConfig: Applying CVar settings from Section [TextureQuality@3] File [C:/Users/julia/Documents/UnrealEngineProject/ProjectUE4Game/Project/Saved/Config/Windows/Scalability.ini]
[2020.05.07-18.45.51:997][  0]LogConfig: Setting CVar [[r.Streaming.MipBias:0]]
[2020.05.07-18.45.51:997][  0]LogConfig: Setting CVar [[r.Streaming.AmortizeCPUToGPUCopy:0]]
[2020.05.07-18.45.51:997][  0]LogConfig: Setting CVar [[r.Streaming.MaxNumTexturesToStreamPerFrame:0]]
[2020.05.07-18.45.51:997][  0]LogConfig: Setting CVar [[r.Streaming.Boost:1]]
[2020.05.07-18.45.51:997][  0]LogConfig: Setting CVar [[r.MaxAnisotropy:8]]
[2020.05.07-18.45.51:997][  0]LogConfig: Setting CVar [[r.VT.MaxAnisotropy:8]]
[2020.05.07-18.45.51:997][  0]LogConfig: Setting CVar [[r.Streaming.LimitPoolSizeToVRAM:0]]
[2020.05.07-18.45.51:997][  0]LogConfig: Setting CVar [[r.Streaming.PoolSize:1000]]
[2020.05.07-18.45.52:026][  0]LogConfig: Setting CVar [[r.Streaming.MaxEffectiveScreenSize:0]]
[2020.05.07-18.45.52:036][  0]LogConfig: Applying CVar settings from Section [EffectsQuality@3] File [C:/Users/julia/Documents/UnrealEngineProject/ProjectUE4Game/Project/Saved/Config/Windows/Scalability.ini]
[2020.05.07-18.45.52:037][  0]LogConfig: Setting CVar [[r.TranslucencyLightingVolumeDim:64]]
[2020.05.07-18.45.52:037][  0]LogConfig: Setting CVar [[r.RefractionQuality:2]]
[2020.05.07-18.45.52:038][  0]LogConfig: Setting CVar [[r.SSR.Quality:3]]
[2020.05.07-18.45.52:038][  0]LogConfig: Setting CVar [[r.SSR.HalfResSceneColor:0]]
[2020.05.07-18.45.52:039][  0]LogConfig: Setting CVar [[r.SceneColorFormat:4]]
[2020.05.07-18.45.52:040][  0]LogConfig: Setting CVar [[r.DetailMode:2]]
[2020.05.07-18.45.52:050][  0]LogConfig: Setting CVar [[r.TranslucencyVolumeBlur:1]]
[2020.05.07-18.45.52:076][  0]LogConfig: Setting CVar [[r.MaterialQualityLevel:1 ; High quality]]
[2020.05.07-18.45.52:097][  0]LogConfig: Setting CVar [[r.SSS.Scale:1]]
[2020.05.07-18.45.52:097][  0]LogConfig: Setting CVar [[r.SSS.SampleSet:2]]
[2020.05.07-18.45.52:097][  0]LogConfig: Setting CVar [[r.SSS.Quality:1]]
[2020.05.07-18.45.52:097][  0]LogConfig: Setting CVar [[r.SSS.HalfRes:1]]
[2020.05.07-18.45.52:097][  0]LogConfig: Setting CVar [[r.SSGI.Quality:3]]
[2020.05.07-18.45.52:097][  0]LogConfig: Setting CVar [[r.EmitterSpawnRateScale:1.0]]
[2020.05.07-18.45.52:097][  0]LogConfig: Setting CVar [[r.ParticleLightQuality:2]]
[2020.05.07-18.45.52:097][  0]LogConfig: Setting CVar [[r.SkyAtmosphere.AerialPerspectiveLUT.FastApplyOnOpaque:1 ; Always have FastSkyLUT 1 in this case to avoid wrong sky]]
[2020.05.07-18.45.52:097][  0]LogConfig: Setting CVar [[r.SkyAtmosphere.AerialPerspectiveLUT.SampleCountPerSlice:1]]
[2020.05.07-18.45.52:097][  0]LogConfig: Setting CVar [[r.SkyAtmosphere.AerialPerspectiveLUT.DepthResolution:16.0]]
[2020.05.07-18.45.52:097][  0]LogConfig: Setting CVar [[r.SkyAtmosphere.FastSkyLUT:1]]
[2020.05.07-18.45.52:098][  0]LogConfig: Setting CVar [[r.SkyAtmosphere.FastSkyLUT.SampleCountMin:4.0]]
[2020.05.07-18.45.52:110][  0]LogConfig: Setting CVar [[r.SkyAtmosphere.FastSkyLUT.SampleCountMax:32.0]]
[2020.05.07-18.45.52:120][  0]LogConfig: Setting CVar [[r.SkyAtmosphere.SampleCountMin:4.0]]
[2020.05.07-18.45.52:121][  0]LogConfig: Setting CVar [[r.SkyAtmosphere.SampleCountMax:32.0]]
[2020.05.07-18.45.52:121][  0]LogConfig: Setting CVar [[r.SkyAtmosphere.TransmittanceLUT.UseSmallFormat:0]]
[2020.05.07-18.45.52:122][  0]LogConfig: Setting CVar [[r.SkyAtmosphere.TransmittanceLUT.SampleCount:10.0]]
[2020.05.07-18.45.52:122][  0]LogConfig: Setting CVar [[r.SkyAtmosphere.MultiScatteringLUT.SampleCount:15.0]]
[2020.05.07-18.45.52:123][  0]LogConfig: Applying CVar settings from Section [FoliageQuality@3] File [C:/Users/julia/Documents/UnrealEngineProject/ProjectUE4Game/Project/Saved/Config/Windows/Scalability.ini]
[2020.05.07-18.45.52:124][  0]LogConfig: Setting CVar [[foliage.DensityScale:1.0]]
[2020.05.07-18.45.52:124][  0]LogConfig: Setting CVar [[grass.DensityScale:1.0]]
[2020.05.07-18.45.52:125][  0]LogConfig: Applying CVar settings from Section [ShadingQuality@3] File [C:/Users/julia/Documents/UnrealEngineProject/ProjectUE4Game/Project/Saved/Config/Windows/Scalability.ini]
[2020.05.07-18.45.52:125][  0]LogConfig: Setting CVar [[r.HairStrands.SkyLighting.SampleCount:16]]
[2020.05.07-18.45.52:126][  0]LogConfig: Setting CVar [[r.HairStrands.SkyLighting.JitterIntegration:0]]
[2020.05.07-18.45.52:126][  0]LogConfig: Setting CVar [[r.HairStrands.SkyAO.SampleCount:16]]
[2020.05.07-18.45.52:126][  0]LogConfig: Applying CVar settings from Section [Startup] File [../../../Engine/Config/ConsoleVariables.ini]
[2020.05.07-18.45.52:127][  0]LogConfig: Setting CVar [[net.UseAdaptiveNetUpdateFrequency:0]]
[2020.05.07-18.45.52:133][  0]LogConfig: Setting CVar [[p.chaos.AllowCreatePhysxBodies:1]]
[2020.05.07-18.45.52:133][  0]LogConfig: Applying CVar settings from Section [ConsoleVariables] File [C:/Users/julia/Documents/UnrealEngineProject/ProjectUE4Game/Project/Saved/Config/Windows/Engine.ini]
[2020.05.07-18.45.52:133][  0]LogInit: Computer: DESKTOP-GANUJ25
[2020.05.07-18.45.52:135][  0]LogInit: User: julia
[2020.05.07-18.45.52:136][  0]LogInit: CPU Page size=4096, Cores=2
[2020.05.07-18.45.52:136][  0]LogInit: High frequency timer resolution =10.000000 MHz
[2020.05.07-18.45.52:137][  0]LogMemory: Memory total: Physical=7.9GB (8GB approx)
[2020.05.07-18.45.52:140][  0]LogMemory: Platform Memory Stats for Windows
[2020.05.07-18.45.52:140][  0]LogMemory: Process Physical Memory: 105.43 MB used, 105.44 MB peak
[2020.05.07-18.45.52:141][  0]LogMemory: Process Virtual Memory: 99.53 MB used, 99.53 MB peak
[2020.05.07-18.45.52:141][  0]LogMemory: Physical Memory: 5793.88 MB used,  2279.54 MB free, 8073.42 MB total
[2020.05.07-18.45.52:141][  0]LogMemory: Virtual Memory: 5117.18 MB used,  134212608.00 MB free, 134217728.00 MB total
[2020.05.07-18.45.52:168][  0]LogWindows: WindowsPlatformFeatures enabled
[2020.05.07-18.45.52:844][  0]LogInit: Using OS detected language (en-US).
[2020.05.07-18.45.52:845][  0]LogInit: Using OS detected locale (en-CA).
[2020.05.07-18.45.52:846][  0]LogTextLocalizationManager: No specific localization for 'en-US' exists, so the 'en' localization will be used.
[2020.05.07-18.45.53:204][  0]LogInit: Setting process to per monitor DPI aware
[2020.05.07-18.45.53:424][  0]LogSlate: New Slate User Created.  User Index 0, Is Virtual User: 0
[2020.05.07-18.45.53:424][  0]LogSlate: Slate User Registered.  User Index 0, Is Virtual User: 0
[2020.05.07-18.45.54:252][  0]LogHMD: Failed to initialize OpenVR with code 110
[2020.05.07-18.45.54:252][  0]LogD3D11RHI: D3D11 min allowed feature level: 11_0
[2020.05.07-18.45.54:252][  0]LogD3D11RHI: D3D11 max allowed feature level: 11_0
[2020.05.07-18.45.54:252][  0]LogD3D11RHI: D3D11 adapters:
[2020.05.07-18.45.54:439][  0]LogD3D11RHI:    0. 'NVIDIA GeForce 920MX' (Feature Level 11_0)
[2020.05.07-18.45.54:439][  0]LogD3D11RHI:       2010/0/4036 MB DedicatedVideo/DedicatedSystem/SharedSystem, Outputs:1, VendorId:0x10de
[2020.05.07-18.45.54:527][  0]LogD3D11RHI:    1. 'Intel(R) HD Graphics 620' (Feature Level 11_0)
[2020.05.07-18.45.54:527][  0]LogD3D11RHI:       128/0/4036 MB DedicatedVideo/DedicatedSystem/SharedSystem, Outputs:0, VendorId:0x8086
[2020.05.07-18.45.54:541][  0]LogD3D11RHI:    2. 'Microsoft Basic Render Driver' (Feature Level 11_0)
[2020.05.07-18.45.54:541][  0]LogD3D11RHI:       0/0/4036 MB DedicatedVideo/DedicatedSystem/SharedSystem, Outputs:0, VendorId:0x1414
[2020.05.07-18.45.54:541][  0]LogD3D11RHI: Chosen D3D11 Adapter: 0
[2020.05.07-18.45.54:602][  0]LogD3D11RHI: Creating new Direct3DDevice
[2020.05.07-18.45.54:602][  0]LogD3D11RHI:     GPU DeviceId: 0x134f (for the marketing name, search the web for "GPU Device Id")
[2020.05.07-18.45.54:602][  0]LogWindows: EnumDisplayDevices:
[2020.05.07-18.45.54:602][  0]LogWindows:    0. 'Intel(R) HD Graphics 620' (P:1 D:1)
[2020.05.07-18.45.54:603][  0]LogWindows:    1. 'Intel(R) HD Graphics 620' (P:0 D:0)
[2020.05.07-18.45.54:604][  0]LogWindows:    2. 'Intel(R) HD Graphics 620' (P:0 D:0)
[2020.05.07-18.45.54:604][  0]LogWindows: DebugString: PrimaryIsNotTheChoosenAdapter PrimaryIsNotTheChoosenAdapter PrimaryIsNotTheChoosenAdapter FoundDriverCount:0 
[2020.05.07-18.45.54:604][  0]LogD3D11RHI:     Adapter Name: NVIDIA GeForce 920MX
[2020.05.07-18.45.54:604][  0]LogD3D11RHI:   Driver Version: Unknown (internal:Unknown, unified:Unknown)
[2020.05.07-18.45.54:604][  0]LogD3D11RHI:      Driver Date: Unknown
[2020.05.07-18.45.54:605][  0]LogRHI: Texture pool is 1407 MB (70% of 2010 MB)
[2020.05.07-18.45.54:711][  0]LogD3D11RHI: RHI has support for 64 bit atomics
[2020.05.07-18.45.54:712][  0]LogD3D11RHI: Async texture creation enabled
[2020.05.07-18.45.54:729][  0]LogD3D11RHI: GPU Timing Frequency: 1000.000000 (Debug: 2 1)
[2020.05.07-18.45.55:267][  0]LogTargetPlatformManager: Display: Loaded TargetPlatform 'AllDesktop'
[2020.05.07-18.45.55:342][  0]LogTargetPlatformManager: Display: Loaded TargetPlatform 'Android'
[2020.05.07-18.45.55:342][  0]LogTargetPlatformManager: Display: Loaded TargetPlatform 'Android_ASTC'
[2020.05.07-18.45.55:343][  0]LogTargetPlatformManager: Display: Loaded TargetPlatform 'Android_ATC'
[2020.05.07-18.45.55:343][  0]LogTargetPlatformManager: Display: Loaded TargetPlatform 'Android_DXT'
[2020.05.07-18.45.55:343][  0]LogTargetPlatformManager: Display: Loaded TargetPlatform 'Android_ETC1'
[2020.05.07-18.45.55:343][  0]LogTargetPlatformManager: Display: Loaded TargetPlatform 'Android_ETC1a'
[2020.05.07-18.45.55:343][  0]LogTargetPlatformManager: Display: Loaded TargetPlatform 'Android_ETC2'
[2020.05.07-18.45.55:343][  0]LogTargetPlatformManager: Display: Loaded TargetPlatform 'Android_PVRTC'
[2020.05.07-18.45.55:344][  0]LogTargetPlatformManager: Display: Loaded TargetPlatform 'AndroidClient'
[2020.05.07-18.45.55:345][  0]LogTargetPlatformManager: Display: Loaded TargetPlatform 'Android_ASTCClient'
[2020.05.07-18.45.55:345][  0]LogTargetPlatformManager: Display: Loaded TargetPlatform 'Android_ATCClient'
[2020.05.07-18.45.55:345][  0]LogTargetPlatformManager: Display: Loaded TargetPlatform 'Android_DXTClient'
[2020.05.07-18.45.55:346][  0]LogTargetPlatformManager: Display: Loaded TargetPlatform 'Android_ETC1Client'
[2020.05.07-18.45.55:346][  0]LogTargetPlatformManager: Display: Loaded TargetPlatform 'Android_ETC1aClient'
[2020.05.07-18.45.55:346][  0]LogTargetPlatformManager: Display: Loaded TargetPlatform 'Android_ETC2Client'
[2020.05.07-18.45.55:346][  0]LogTargetPlatformManager: Display: Loaded TargetPlatform 'Android_PVRTCClient'
[2020.05.07-18.45.55:347][  0]LogTargetPlatformManager: Display: Loaded TargetPlatform 'Android_Multi'
[2020.05.07-18.45.55:347][  0]LogTargetPlatformManager: Display: Loaded TargetPlatform 'Android_MultiClient'
[2020.05.07-18.45.55:404][  0]LogTargetPlatformManager: Display: Loaded TargetPlatform 'IOSClient'
[2020.05.07-18.45.55:404][  0]LogTargetPlatformManager: Display: Loaded TargetPlatform 'IOS'
[2020.05.07-18.45.55:422][  0]LogTargetPlatformManager: Display: Loaded TargetPlatform 'LinuxNoEditor'
[2020.05.07-18.45.55:441][  0]LogTargetPlatformManager: Display: Loaded TargetPlatform 'LinuxClient'
[2020.05.07-18.45.55:457][  0]LogTargetPlatformManager: Display: Loaded TargetPlatform 'LinuxServer'
[2020.05.07-18.45.55:475][  0]LogTargetPlatformManager: Display: Loaded TargetPlatform 'LinuxAArch64NoEditor'
[2020.05.07-18.45.55:495][  0]LogTargetPlatformManager: Display: Loaded TargetPlatform 'LinuxAArch64Client'
[2020.05.07-18.45.55:512][  0]LogTargetPlatformManager: Display: Loaded TargetPlatform 'LinuxAArch64Server'
[2020.05.07-18.45.55:562][  0]LogTargetPlatformManager: Display: Loaded TargetPlatform 'Lumin'
[2020.05.07-18.45.55:562][  0]LogTargetPlatformManager: Display: Loaded TargetPlatform 'LuminClient'
[2020.05.07-18.45.55:592][  0]LogTargetPlatformManager: Display: Loaded TargetPlatform 'TVOSClient'
[2020.05.07-18.45.55:592][  0]LogTargetPlatformManager: Display: Loaded TargetPlatform 'TVOS'
[2020.05.07-18.45.55:610][  0]LogTargetPlatformManager: Display: Loaded TargetPlatform 'WindowsNoEditor'
[2020.05.07-18.45.55:628][  0]LogTargetPlatformManager: Display: Loaded TargetPlatform 'Windows'
[2020.05.07-18.45.55:645][  0]LogTargetPlatformManager: Display: Loaded TargetPlatform 'WindowsClient'
[2020.05.07-18.45.55:664][  0]LogTargetPlatformManager: Display: Loaded TargetPlatform 'WindowsServer'
[2020.05.07-18.45.55:664][  0]LogTargetPlatformManager: Display: Building Assets For Windows
[2020.05.07-18.45.55:701][  0]LogAudioDebug: Display: Lib vorbis DLL was dynamically loaded.
[2020.05.07-18.45.55:812][  0]LogShaderCompilers: Guid format shader working directory is -36 characters bigger than the processId version (../../../../../../Users/julia/Documents/UnrealEngineProject/ProjectUE4Game/Project/Intermediate/Shaders/WorkingDirectory/4200/).
[2020.05.07-18.45.55:813][  0]LogShaderCompilers: Cleaned the shader compiler working directory 'C:/Users/julia/AppData/Local/Temp/UnrealShaderWorkingDir/35714BE2418E0882DFE17681C798C2C8/'.
[2020.05.07-18.45.55:814][  0]LogXGEController: Cleaning working directory: C:/Users/julia/AppData/Local/Temp/UnrealXGEWorkingDir/
[2020.05.07-18.45.55:814][  0]LogXGEController: Cannot use XGE Controller as Incredibuild is not installed on this machine.
[2020.05.07-18.45.55:814][  0]LogShaderCompilers: Cannot use XGE Shader Compiler as Incredibuild is not installed on this machine.
[2020.05.07-18.45.55:814][  0]LogShaderCompilers: Display: Using Local Shader Compiler.
[2020.05.07-18.45.57:133][  0]LogDerivedDataCache: Display: Max Cache Size: 512 MB
[2020.05.07-18.45.57:223][  0]LogDerivedDataCache: Loaded boot cache 0.09s 78MB C:/Users/julia/AppData/Local/UnrealEngine/4.24/DerivedDataCache/Boot.ddc.
[2020.05.07-18.45.57:224][  0]LogDerivedDataCache: Display: Loaded Boot cache: C:/Users/julia/AppData/Local/UnrealEngine/4.24/DerivedDataCache/Boot.ddc
[2020.05.07-18.45.57:224][  0]LogDerivedDataCache: FDerivedDataBackendGraph:  Pak pak cache file ../../../../../../Users/julia/Documents/UnrealEngineProject/ProjectUE4Game/Project/DerivedDataCache/DDC.ddp not found, will not use a pak cache.
[2020.05.07-18.45.57:224][  0]LogDerivedDataCache: Unable to find inner node Pak for hierarchical cache Hierarchy.
[2020.05.07-18.45.57:225][  0]LogDerivedDataCache: FDerivedDataBackendGraph:  CompressedPak pak cache file ../../../../../../Users/julia/Documents/UnrealEngineProject/ProjectUE4Game/Project/DerivedDataCache/Compressed.ddp not found, will not use a pak cache.
[2020.05.07-18.45.57:225][  0]LogDerivedDataCache: Unable to find inner node CompressedPak for hierarchical cache Hierarchy.
[2020.05.07-18.45.57:245][  0]LogDerivedDataCache: Display: Pak cache opened for reading ../../../Engine/DerivedDataCache/Compressed.ddp.
[2020.05.07-18.45.57:246][  0]LogDerivedDataCache: FDerivedDataBackendGraph:  EnterprisePak pak cache file ../../../Enterprise/DerivedDataCache/Compressed.ddp not found, will not use a pak cache.
[2020.05.07-18.45.57:246][  0]LogDerivedDataCache: Unable to find inner node EnterprisePak for hierarchical cache Hierarchy.
[2020.05.07-18.45.57:251][  0]LogDerivedDataCache: Using Local data cache path C:/Users/julia/AppData/Local/UnrealEngine/Common/DerivedDataCache: Writable
[2020.05.07-18.45.57:251][  0]LogDerivedDataCache: Shared data cache path not found in *engine.ini, will not use an Shared cache.
[2020.05.07-18.45.57:251][  0]LogDerivedDataCache: Unable to find inner node Shared for hierarchical cache Hierarchy.
[2020.05.07-18.45.57:308][  0]LogMaterial: Verifying Global Shaders for PCD3D_SM5
[2020.05.07-18.45.57:314][  0]LogSlate: Using FreeType 2.10.0
[2020.05.07-18.45.57:316][  0]LogSlate: SlateFontServices - WITH_FREETYPE: 1, WITH_HARFBUZZ: 1
[2020.05.07-18.45.57:424][  0]LogAssetRegistry: FAssetRegistry took 0.0100 seconds to start up
[2020.05.07-18.45.58:014][  0]LogInit: Selected Device Profile: [Windows]
[2020.05.07-18.45.58:287][  0]LogMeshReduction: Using QuadricMeshReduction for automatic static mesh reduction
[2020.05.07-18.45.58:287][  0]LogMeshReduction: Using SimplygonMeshReduction for automatic skeletal mesh reduction
[2020.05.07-18.45.58:287][  0]LogMeshReduction: Using ProxyLODMeshReduction for automatic mesh merging
[2020.05.07-18.45.58:287][  0]LogMeshReduction: No distributed automatic mesh merging module available
[2020.05.07-18.45.58:287][  0]LogMeshMerging: No distributed automatic mesh merging module available
[2020.05.07-18.45.58:307][  0]LogNetVersion: Project 1.0.0, NetCL: 10570792, EngineNetVer: 13, GameNetVer: 0 (Checksum: 2973166357)
[2020.05.07-18.46.00:072][  0]LogPackageLocalizationCache: Processed 10 localized package path(s) for 1 prioritized culture(s) in 0.067172 seconds
[2020.05.07-18.46.00:094][  0]LogUObjectArray: 46750 objects as part of root set at end of initial load.
[2020.05.07-18.46.00:096][  0]LogUObjectAllocator: 8137160 out of 0 bytes used by permanent object pool.
[2020.05.07-18.46.00:097][  0]LogUObjectArray: CloseDisregardForGC: 0/0 objects in disregard for GC pool
[2020.05.07-18.46.00:941][  0]LogTcpMessaging: Initializing TcpMessaging bridge
[2020.05.07-18.46.00:948][  0]LogUdpMessaging: Initializing bridge on interface 0.0.0.0:0 to multicast group 230.0.0.1:6666.
[2020.05.07-18.46.01:080][  0]SourceControl: Source control is disabled
[2020.05.07-18.46.01:080][  0]SourceControl: Source control is disabled
[2020.05.07-18.46.01:085][  0]SourceControl: Source control is disabled
[2020.05.07-18.46.01:088][  0]SourceControl: Source control is disabled
[2020.05.07-18.46.01:091][  0]SourceControl: Source control is disabled
[2020.05.07-18.46.01:301][  0]LogAndroidPermission: UAndroidPermissionCallbackProxy::GetInstance
[2020.05.07-18.46.01:330][  0]LogAudioCaptureCore: Display: No Audio Capture implementations found. Audio input will be silent.
[2020.05.07-18.46.01:330][  0]LogAudioCaptureCore: Display: No Audio Capture implementations found. Audio input will be silent.
[2020.05.07-18.46.01:521][  0]LogOcInput: OculusInput pre-init called
[2020.05.07-18.46.01:544][  0]LogWindows: Failed to load 'OVRPlugin.dll' (GetLastError=126)
[2020.05.07-18.46.01:544][  0]LogWindows: File 'OVRPlugin.dll' does not exist
[2020.05.07-18.46.01:717][  0]LogEngine: Initializing Engine...
[2020.05.07-18.46.01:719][  0]LogHMD: Failed to initialize OpenVR with code 110
[2020.05.07-18.46.01:721][  0]LogStats: UGameplayTagsManager::InitializeManager -  0.000 s
[2020.05.07-18.46.02:292][  0]LogInit: Initializing FReadOnlyCVARCache
[2020.05.07-18.46.02:308][  0]LogAIModule: Creating AISystem for world Untitled
[2020.05.07-18.46.02:330][  0]LogAudioMixer: Display: Audio Mixer Platform Settings:
[2020.05.07-18.46.02:330][  0]LogAudioMixer: Display: 	Sample Rate:						  48000
[2020.05.07-18.46.02:333][  0]LogAudioMixer: Display: 	Callback Buffer Frame Size Requested: 1024
[2020.05.07-18.46.02:334][  0]LogAudioMixer: Display: 	Callback Buffer Frame Size To Use:	  1024
[2020.05.07-18.46.02:334][  0]LogAudioMixer: Display: 	Number of buffers to queue:			  2
[2020.05.07-18.46.02:334][  0]LogAudioMixer: Display: 	Max Channels (voices):				  32
[2020.05.07-18.46.02:334][  0]LogAudioMixer: Display: 	Number of Async Source Workers:		  0
[2020.05.07-18.46.02:334][  0]LogAudio: Display: AudioDevice MaxSources: 32
[2020.05.07-18.46.02:335][  0]LogAudio: Display: Using built-in audio occlusion.
[2020.05.07-18.46.02:338][  0]LogAudioMixer: Display: Initializing audio mixer.
[2020.05.07-18.46.02:364][  0]LogAudioMixer: Display: Audio Device Output Speaker Info:
[2020.05.07-18.46.02:364][  0]LogAudioMixer: Display: Name: Speakers (2- Realtek High Definition Audio)
[2020.05.07-18.46.02:364][  0]LogAudioMixer: Display: Is Default: Yes
[2020.05.07-18.46.02:364][  0]LogAudioMixer: Display: Sample Rate: 48000
[2020.05.07-18.46.02:364][  0]LogAudioMixer: Display: Channel Count Used: 2
[2020.05.07-18.46.02:364][  0]LogAudioMixer: Display: Device Channel Count: 2
[2020.05.07-18.46.02:364][  0]LogAudioMixer: Display: Channel Order:
[2020.05.07-18.46.02:365][  0]LogAudioMixer: Display: 0: FrontLeft
[2020.05.07-18.46.02:365][  0]LogAudioMixer: Display: 1: FrontRight
[2020.05.07-18.46.02:889][  0]LogAudioMixer: Display: Using Audio Device Speakers (2- Realtek High Definition Audio)
[2020.05.07-18.46.03:024][  0]LogInit: FAudioDevice initialized.
[2020.05.07-18.46.03:025][  0]LogNetVersion: Set ProjectVersion to 1.0.0.0. Version Checksum will be recalculated on next use.
[2020.05.07-18.46.03:112][  0]LogDerivedDataCache: Saved boot cache 0.09s 78MB C:/Users/julia/AppData/Local/UnrealEngine/4.24/DerivedDataCache/Boot.ddc.
[2020.05.07-18.46.03:120][  0]LogInit: Texture streaming: Enabled
[2020.05.07-18.46.03:153][  0]LogEngineSessionManager: EngineSessionManager initialized
[2020.05.07-18.46.03:153][  0]LogEditorSessionSummary: Verbose: Initializing EditorSessionSummaryWriter for editor session tracking
[2020.05.07-18.46.03:156][  0]LogEditorSessionSummary: EditorSessionSummaryWriter initialized
[2020.05.07-18.46.03:266][  0]LogInit: Transaction tracking system initialized
[2020.05.07-18.46.03:312][  0]BlueprintLog: New page: Editor Load
[2020.05.07-18.46.03:410][  0]LocalizationService: Localization service is disabled
[2020.05.07-18.46.04:063][  0]LogFileCache: Scanning file cache for directory 'C:/Users/julia/Documents/UnrealEngineProject/ProjectUE4Game/Project/Content/' took 0.01s
[2020.05.07-18.46.04:063][  0]LogCook: Display: Max memory allowance for cook 16384mb min free memory 0mb
[2020.05.07-18.46.04:063][  0]LogCook: Display: Mobile HDR setting 1
[2020.05.07-18.46.05:315][  0]SourceControl: Source control is disabled
[2020.05.07-18.46.05:315][  0]Cmd: MAP LOAD FILE="../../../../../../Users/julia/Documents/UnrealEngineProject/ProjectUE4Game/Project/Content/Phil/Levels/Hub.umap" TEMPLATE=0 SHOWPROGRESS=1 FEATURELEVEL=3
[2020.05.07-18.46.05:316][  0]LightingResults: New page: Lighting Build
[2020.05.07-18.46.05:318][  0]LogWorld: UWorld::CleanupWorld for Untitled, bSessionEnded=true, bCleanupResources=true
[2020.05.07-18.46.05:318][  0]LogSlate: InvalidateAllWidgets triggered.  All widgets were invalidated
[2020.05.07-18.46.05:319][  0]MapCheck: New page: Map Check
[2020.05.07-18.46.05:319][  0]LightingResults: New page: Lighting Build
[2020.05.07-18.46.05:349][  0]LogUObjectHash: Compacting FUObjectHashTables data took   2.46ms
[2020.05.07-18.46.05:457][  0]LogLinker: Warning: While loading '../../../../../../Users/julia/Documents/UnrealEngineProject/ProjectUE4Game/Project/Content/Phil/Levels/Hub.umap' failed to load '/Game/Phil/Levels/Hub_BuiltData': Can't find file.
[2020.05.07-18.46.05:457][  0]LogLinker: Warning: While loading '../../../../../../Users/julia/Documents/UnrealEngineProject/ProjectUE4Game/Project/Content/Phil/Levels/Hub.umap' failed to load '/Game/Phil/Levels/Hub_BuiltData': Can't find file.
[2020.05.07-18.46.05:463][  0]LogLinker: Warning: While loading '../../../../../../Users/julia/Documents/UnrealEngineProject/ProjectUE4Game/Project/Content/Phil/Levels/Hub.umap' failed to load '/Game/Phil/Levels/Hub_BuiltData': Can't find file.
[2020.05.07-18.46.05:463][  0]LogLinker: Warning: While loading '../../../../../../Users/julia/Documents/UnrealEngineProject/ProjectUE4Game/Project/Content/Phil/Levels/Hub.umap' failed to load '/Game/Phil/Levels/Hub_BuiltData': Can't find file.
[2020.05.07-18.46.05:474][  0]LogLinker: Warning: While loading '../../../../../../Users/julia/Documents/UnrealEngineProject/ProjectUE4Game/Project/Content/Phil/Levels/Hub.umap' failed to load '/Game/Phil/Levels/Hub_BuiltData': Can't find file.
[2020.05.07-18.46.05:474][  0]LoadErrors: Failed to load /Game/Phil/Levels/Hub_BuiltData.Hub_BuiltData Referenced by PersistentLevel
[2020.05.07-18.46.05:475][  0]LogLinker: Warning: While loading '../../../../../../Users/julia/Documents/UnrealEngineProject/ProjectUE4Game/Project/Content/Phil/Levels/Hub.umap' failed to load '/Game/Phil/Levels/Hub_BuiltData': Can't find file.
[2020.05.07-18.46.05:475][  0]LoadErrors: Failed to load /Game/Phil/Levels/Hub_BuiltData.Hub_BuiltData Referenced by PersistentLevel
[2020.05.07-18.46.05:552][  0]LogAIModule: Creating AISystem for world Hub
[2020.05.07-18.46.05:562][  0]LogEditorServer: Finished looking for orphan Actors (0.000 secs)
[2020.05.07-18.46.05:605][  0]LogUObjectHash: Compacting FUObjectHashTables data took   6.06ms
[2020.05.07-18.46.05:606][  0]Cmd: MAP CHECKDEP NOCLEARLOG
[2020.05.07-18.46.05:606][  0]MapCheck: Map check complete: 0 Error(s), 0 Warning(s), took 0.241ms to complete.
[2020.05.07-18.46.05:606][  0]LogFileHelpers: Loading map 'Hub' took 0.291
[2020.05.07-18.46.05:858][  0]LogSlate: Updating window title bar state: overlay mode, drag disabled, window buttons hidden, title bar hidden
[2020.05.07-18.46.05:873][  0]LogSlate: Updating window title bar state: overlay mode, drag disabled, window buttons hidden, title bar hidden
[2020.05.07-18.46.05:887][  0]LogSlate: Updating window title bar state: overlay mode, drag disabled, window buttons hidden, title bar hidden
[2020.05.07-18.46.05:904][  0]LogSlate: Updating window title bar state: overlay mode, drag disabled, window buttons hidden, title bar hidden
[2020.05.07-18.46.05:916][  0]LogCollectionManager: Loaded 0 collections in 0.003538 seconds
[2020.05.07-18.46.05:952][  0]LogFileCache: Scanning file cache for directory 'C:/Users/julia/Documents/UnrealEngineProject/ProjectUE4Game/Project/Saved/Collections/' took 0.00s
[2020.05.07-18.46.05:952][  0]LogFileCache: Scanning file cache for directory 'C:/Users/julia/Documents/UnrealEngineProject/ProjectUE4Game/Project/Content/Developers/julia/Collections/' took 0.00s
[2020.05.07-18.46.05:952][  0]LogFileCache: Scanning file cache for directory 'C:/Users/julia/Documents/UnrealEngineProject/ProjectUE4Game/Project/Content/Collections/' took 0.00s
[2020.05.07-18.46.05:953][  0]LogContentBrowser: Native class hierarchy populated in 0.0186 seconds. Added 3023 classes and 719 folders.
[2020.05.07-18.46.05:961][  0]LogContentBrowser: Native class hierarchy updated for 'WidgetCarousel' in 0.0005 seconds. Added 0 classes and 0 folders.
[2020.05.07-18.46.06:056][  0]LogContentBrowser: Native class hierarchy updated for 'AddContentDialog' in 0.0006 seconds. Added 0 classes and 0 folders.
[2020.05.07-18.46.06:065][  0]LogContentBrowser: Native class hierarchy updated for 'SceneOutliner' in 0.0006 seconds. Added 2 classes and 3 folders.
[2020.05.07-18.46.06:260][  0]LogSlate: Took 0.000354 seconds to synchronously load lazily loaded font '../../../Engine/Content/Slate/Fonts/Roboto-Regular.ttf' (155K)
[2020.05.07-18.46.06:265][  0]LogSlate: Took 0.000260 seconds to synchronously load lazily loaded font '../../../Engine/Content/Slate/Fonts/Roboto-Bold.ttf' (160K)
[2020.05.07-18.46.06:277][  0]LogSlate: Took 0.000260 seconds to synchronously load lazily loaded font '../../../Engine/Content/Editor/Slate/Fonts/FontAwesome.ttf' (139K)
[2020.05.07-18.46.06:404][  0]LogRenderer: Reallocating scene render targets to support 1124x324 Format 10 NumSamples 1 (Frame:1).
[2020.05.07-18.46.06:479][  0]LogSlate: Took 0.000223 seconds to synchronously load lazily loaded font '../../../Engine/Content/Slate/Fonts/Roboto-Light.ttf' (167K)
[2020.05.07-18.46.06:812][  0]LogContentBrowser: Native class hierarchy updated for 'HierarchicalLODOutliner' in 0.0006 seconds. Added 0 classes and 0 folders.
[2020.05.07-18.46.06:812][  0]LogLoad: (Engine Initialization) Total time: 19.66 seconds
[2020.05.07-18.46.06:813][  0]LogLoad: (Engine Initialization) Total Blueprint compile time: 0.00 seconds
[2020.05.07-18.46.06:884][  0]LogContentStreaming: Texture pool size now 1000 MB
[2020.05.07-18.46.07:132][  1]LogAssetRegistry: Asset discovery search completed in 9.7143 seconds
[2020.05.07-18.46.07:152][  1]LogCollectionManager: Fixed up redirectors for 0 collections in 0.000011 seconds (updated 0 objects)
[2020.05.07-18.46.18:231][578]LogSlate: Window 'Message Log' being destroyed
[2020.05.07-18.46.18:235][578]LogSlate: Window 'Message Log' being destroyed
[2020.05.07-18.46.20:268][693]LogTemp: Repeating last play command: Selected Viewport
[2020.05.07-18.46.20:303][693]LogPlayLevel: PlayLevel: No blueprints needed recompiling
[2020.05.07-18.46.20:308][693]PIE: New page: PIE session: Hub (May 7, 2020, 10:46:20 a.m.)
[2020.05.07-18.46.20:312][693]LogOnline: OSS: Creating online subsystem instance for: NULL
[2020.05.07-18.46.20:316][693]LogOnline: OSS: TryLoadSubsystemAndSetDefault: Loaded subsystem for module [NULL]
[2020.05.07-18.46.20:316][693]LogPlayLevel: Creating play world package: /Game/Phil/Levels/UEDPIE_0_Hub
[2020.05.07-18.46.20:326][693]LogPlayLevel: PIE: StaticDuplicateObject took: (0.009712s)
[2020.05.07-18.46.20:328][693]LogAIModule: Creating AISystem for world Hub
[2020.05.07-18.46.20:329][693]LogPlayLevel: PIE: World Init took: (0.002148s)
[2020.05.07-18.46.20:329][693]LogPlayLevel: PIE: Created PIE world by copying editor world from /Game/Phil/Levels/Hub.Hub to /Game/Phil/Levels/UEDPIE_0_Hub.Hub (0.012628s)
[2020.05.07-18.46.20:359][693]LogUObjectHash: Compacting FUObjectHashTables data took   2.75ms
[2020.05.07-18.46.20:362][693]LogAudioMixer: Display: Audio Mixer Platform Settings:
[2020.05.07-18.46.20:368][693]LogAudioMixer: Display: 	Sample Rate:						  48000
[2020.05.07-18.46.20:368][693]LogAudioMixer: Display: 	Callback Buffer Frame Size Requested: 1024
[2020.05.07-18.46.20:368][693]LogAudioMixer: Display: 	Callback Buffer Frame Size To Use:	  1024
[2020.05.07-18.46.20:368][693]LogAudioMixer: Display: 	Number of buffers to queue:			  2
[2020.05.07-18.46.20:368][693]LogAudioMixer: Display: 	Max Channels (voices):				  32
[2020.05.07-18.46.20:369][693]LogAudioMixer: Display: 	Number of Async Source Workers:		  0
[2020.05.07-18.46.20:369][693]LogAudio: Display: AudioDevice MaxSources: 32
[2020.05.07-18.46.20:369][693]LogAudio: Display: Using built-in audio occlusion.
[2020.05.07-18.46.20:370][693]LogAudioMixer: Display: Initializing audio mixer.
[2020.05.07-18.46.20:378][693]LogAudioMixer: Display: Audio Device Output Speaker Info:
[2020.05.07-18.46.20:378][693]LogAudioMixer: Display: Name: Speakers (2- Realtek High Definition Audio)
[2020.05.07-18.46.20:379][693]LogAudioMixer: Display: Is Default: Yes
[2020.05.07-18.46.20:379][693]LogAudioMixer: Display: Sample Rate: 48000
[2020.05.07-18.46.20:379][693]LogAudioMixer: Display: Channel Count Used: 2
[2020.05.07-18.46.20:380][693]LogAudioMixer: Display: Device Channel Count: 2
[2020.05.07-18.46.20:380][693]LogAudioMixer: Display: Channel Order:
[2020.05.07-18.46.20:381][693]LogAudioMixer: Display: 0: FrontLeft
[2020.05.07-18.46.20:381][693]LogAudioMixer: Display: 1: FrontRight
[2020.05.07-18.46.20:548][693]LogAudioMixer: Display: Using Audio Device Speakers (2- Realtek High Definition Audio)
[2020.05.07-18.46.20:552][693]LogInit: FAudioDevice initialized.
[2020.05.07-18.46.20:569][693]LogLoad: Game class is 'GameModeBase'
[2020.05.07-18.46.20:571][693]LogWorld: Bringing World /Game/Phil/Levels/UEDPIE_0_Hub.Hub up for play (max tick rate 60) at 2020.05.07-14.46.20
[2020.05.07-18.46.20:571][693]LogWorld: Bringing up level for play took: 0.001328
[2020.05.07-18.46.20:572][693]LogOnline: OSS: Creating online subsystem instance for: :Context_1
[2020.05.07-18.46.20:582][693]LogContentBrowser: Native class hierarchy updated for 'MovieSceneCapture' in 0.0008 seconds. Added 20 classes and 0 folders.
[2020.05.07-18.46.20:584][693]PIE: Play in editor start time for /Game/Phil/Levels/UEDPIE_0_Hub 0.503
[2020.05.07-18.46.25:823][991]LogAudioMixer: Display: No commands were queued while flushing the source manager.
[2020.05.07-18.46.25:823][991]LogAudioMixer: Display: No commands were queued while flushing the source manager.
[2020.05.07-18.46.25:824][991]LogSlate: Updating window title bar state: overlay mode, drag disabled, window buttons hidden, title bar hidden
[2020.05.07-18.46.25:824][991]LogWorld: BeginTearingDown for /Game/Phil/Levels/UEDPIE_0_Hub
[2020.05.07-18.46.25:824][991]LogAudioMixer: Display: No commands were queued while flushing the source manager.
[2020.05.07-18.46.25:824][991]LogWorld: UWorld::CleanupWorld for Hub, bSessionEnded=true, bCleanupResources=true
[2020.05.07-18.46.25:825][991]LogSlate: InvalidateAllWidgets triggered.  All widgets were invalidated
[2020.05.07-18.46.25:838][991]LogPlayLevel: Display: Shutting down PIE online subsystems
[2020.05.07-18.46.25:843][991]LogSlate: InvalidateAllWidgets triggered.  All widgets were invalidated
[2020.05.07-18.46.25:873][991]LogAudioMixer: Display: No commands were queued while flushing the source manager.
[2020.05.07-18.46.25:879][991]LogSlate: Updating window title bar state: overlay mode, drag disabled, window buttons hidden, title bar hidden
[2020.05.07-18.46.25:883][991]LogUObjectHash: Compacting FUObjectHashTables data took   2.06ms
[2020.05.07-18.46.25:957][993]LogPlayLevel: Display: Destroying online subsystem :Context_1
[2020.05.07-18.46.33:702][443]LogSlate: Took 0.000196 seconds to synchronously load lazily loaded font '../../../Engine/Content/Slate/Fonts/Roboto-Light.ttf' (167K)
[2020.05.07-18.46.33:727][443]LogAssetEditorSubsystem: Opening Asset editor for Class /Script/Project.ParentPlayer
[2020.05.07-18.50.52:967][ 42]LogTemp: Repeating last play command: Selected Viewport
[2020.05.07-18.50.52:989][ 42]LogPlayLevel: PlayLevel: No blueprints needed recompiling
[2020.05.07-18.50.52:989][ 42]PIE: New page: PIE session: Hub (May 7, 2020, 10:50:52 a.m.)
[2020.05.07-18.50.52:989][ 42]LogPlayLevel: Creating play world package: /Game/Phil/Levels/UEDPIE_0_Hub
[2020.05.07-18.50.52:999][ 42]LogPlayLevel: PIE: StaticDuplicateObject took: (0.010090s)
[2020.05.07-18.50.53:001][ 42]LogAIModule: Creating AISystem for world Hub
[2020.05.07-18.50.53:002][ 42]LogPlayLevel: PIE: World Init took: (0.002609s)
[2020.05.07-18.50.53:003][ 42]LogPlayLevel: PIE: Created PIE world by copying editor world from /Game/Phil/Levels/Hub.Hub to /Game/Phil/Levels/UEDPIE_0_Hub.Hub (0.013889s)
[2020.05.07-18.50.53:034][ 42]LogUObjectHash: Compacting FUObjectHashTables data took   2.77ms
[2020.05.07-18.50.53:036][ 42]LogAudioMixer: Display: Audio Mixer Platform Settings:
[2020.05.07-18.50.53:036][ 42]LogAudioMixer: Display: 	Sample Rate:						  48000
[2020.05.07-18.50.53:036][ 42]LogAudioMixer: Display: 	Callback Buffer Frame Size Requested: 1024
[2020.05.07-18.50.53:036][ 42]LogAudioMixer: Display: 	Callback Buffer Frame Size To Use:	  1024
[2020.05.07-18.50.53:037][ 42]LogAudioMixer: Display: 	Number of buffers to queue:			  2
[2020.05.07-18.50.53:038][ 42]LogAudioMixer: Display: 	Max Channels (voices):				  32
[2020.05.07-18.50.53:038][ 42]LogAudioMixer: Display: 	Number of Async Source Workers:		  0
[2020.05.07-18.50.53:038][ 42]LogAudio: Display: AudioDevice MaxSources: 32
[2020.05.07-18.50.53:039][ 42]LogAudio: Display: Using built-in audio occlusion.
[2020.05.07-18.50.53:039][ 42]LogAudioMixer: Display: Initializing audio mixer.
[2020.05.07-18.50.53:046][ 42]LogAudioMixer: Display: Audio Device Output Speaker Info:
[2020.05.07-18.50.53:046][ 42]LogAudioMixer: Display: Name: Speakers (2- Realtek High Definition Audio)
[2020.05.07-18.50.53:046][ 42]LogAudioMixer: Display: Is Default: Yes
[2020.05.07-18.50.53:046][ 42]LogAudioMixer: Display: Sample Rate: 48000
[2020.05.07-18.50.53:047][ 42]LogAudioMixer: Display: Channel Count Used: 2
[2020.05.07-18.50.53:047][ 42]LogAudioMixer: Display: Device Channel Count: 2
[2020.05.07-18.50.53:047][ 42]LogAudioMixer: Display: Channel Order:
[2020.05.07-18.50.53:047][ 42]LogAudioMixer: Display: 0: FrontLeft
[2020.05.07-18.50.53:047][ 42]LogAudioMixer: Display: 1: FrontRight
[2020.05.07-18.50.53:198][ 42]LogAudioMixer: Display: Using Audio Device Speakers (2- Realtek High Definition Audio)
[2020.05.07-18.50.53:202][ 42]LogInit: FAudioDevice initialized.
[2020.05.07-18.50.53:214][ 42]LogLoad: Game class is 'GameModeBase'
[2020.05.07-18.50.53:216][ 42]LogWorld: Bringing World /Game/Phil/Levels/UEDPIE_0_Hub.Hub up for play (max tick rate 60) at 2020.05.07-14.50.53
[2020.05.07-18.50.53:216][ 42]LogWorld: Bringing up level for play took: 0.001266
[2020.05.07-18.50.53:216][ 42]LogOnline: OSS: Creating online subsystem instance for: :Context_2
[2020.05.07-18.50.53:221][ 42]PIE: Play in editor start time for /Game/Phil/Levels/UEDPIE_0_Hub 1.14
[2020.05.07-18.51.35:570][563]LogAudioMixer: Display: No commands were queued while flushing the source manager.
[2020.05.07-18.51.35:570][563]LogAudioMixer: Display: No commands were queued while flushing the source manager.
[2020.05.07-18.51.35:571][563]LogSlate: Updating window title bar state: overlay mode, drag disabled, window buttons hidden, title bar hidden
[2020.05.07-18.51.35:571][563]LogWorld: BeginTearingDown for /Game/Phil/Levels/UEDPIE_0_Hub
[2020.05.07-18.51.35:571][563]LogAudioMixer: Display: No commands were queued while flushing the source manager.
[2020.05.07-18.51.35:571][563]LogWorld: UWorld::CleanupWorld for Hub, bSessionEnded=true, bCleanupResources=true
[2020.05.07-18.51.35:572][563]LogSlate: InvalidateAllWidgets triggered.  All widgets were invalidated
[2020.05.07-18.51.35:583][563]LogPlayLevel: Display: Shutting down PIE online subsystems
[2020.05.07-18.51.35:586][563]LogSlate: InvalidateAllWidgets triggered.  All widgets were invalidated
[2020.05.07-18.51.35:606][563]LogAudioMixer: Display: No commands were queued while flushing the source manager.
[2020.05.07-18.51.35:612][563]LogSlate: Updating window title bar state: overlay mode, drag disabled, window buttons hidden, title bar hidden
[2020.05.07-18.51.35:614][563]LogUObjectHash: Compacting FUObjectHashTables data took   1.48ms
[2020.05.07-18.51.35:681][566]LogPlayLevel: Display: Destroying online subsystem :Context_2
[2020.05.07-20.49.39:334][679]LogSlate: WidgetSwitcher ('None') active index changed to -1
[2020.05.07-20.49.39:336][679]LogSlate: WidgetSwitcher ('None') active index changed to 0
[2020.05.07-20.49.39:428][679]LogSlate: Took 0.011573 seconds to synchronously load lazily loaded font '../../../Engine/Content/Slate/Fonts/Roboto-BoldCondensed.ttf' (158K)
[2020.05.07-20.49.47:589][114]LogSlate: WidgetSwitcher ('None') active index changed to 1
[2020.05.07-20.51.31:816][ 94]Candidate modules for hot reload:
[2020.05.07-20.51.31:816][ 94]  Project
[2020.05.07-20.51.31:817][ 94]Launching UnrealBuildTool... [C:/Program Files/Epic Games/UE_4.24/Engine/Binaries/DotNET/UnrealBuildTool.exe  -ModuleWithSuffix=Project,4697 Win64 Development -TargetType=Editor -Project="C:/Users/julia/Documents/UnrealEngineProject/ProjectUE4Game/Project/Project.uproject" "C:/Users/julia/Documents/UnrealEngineProject/ProjectUE4Game/Project/Project.uproject"  -IgnoreJunk]
[2020.05.07-20.52.38:918][ 94]CompilerResultsLog: New page: Compilation - May 7, 2020, 12:52:38 p.m.
[2020.05.07-20.52.38:919][ 94]CompilerResultsLog: Using 'git status' to determine working set for adaptive non-unity build (C:\Users\julia\Documents\UnrealEngineProject\ProjectUE4Game).
[2020.05.07-20.52.38:919][ 94]CompilerResultsLog: Invalidating makefile for ProjectEditor (directory added)
[2020.05.07-20.52.38:919][ 94]CompilerResultsLog: Parsing headers for ProjectEditor
[2020.05.07-20.52.38:920][ 94]CompilerResultsLog:   Running UnrealHeaderTool "C:\Users\julia\Documents\UnrealEngineProject\ProjectUE4Game\Project\Project.uproject" "C:\Users\julia\Documents\UnrealEngineProject\ProjectUE4Game\Project\Intermediate\Build\Win64\ProjectEditor\Development\ProjectEditor.uhtmanifest" -LogCmds="loginit warning, logexit warning, logdatabase error" -Unattended -WarningsAsErrors -installed
[2020.05.07-20.52.38:920][ 94]CompilerResultsLog: Reflection code generated for ProjectEditor in 28.879524 seconds
[2020.05.07-20.52.38:920][ 94]CompilerResultsLog: Building ProjectEditor...
[2020.05.07-20.52.38:921][ 94]CompilerResultsLog: Using Visual Studio 2019 14.25.28614 toolchain (C:\Program Files (x86)\Microsoft Visual Studio\2019\Community\VC\Tools\MSVC\14.25.28610) and Windows 10.0.18362.0 SDK (C:\Program Files (x86)\Windows Kits\10).
[2020.05.07-20.52.38:921][ 94]CompilerResultsLog: Building 23 actions with 4 processes...
[2020.05.07-20.52.38:921][ 94]CompilerResultsLog:   [1/23] CustomGameInstance.cpp
[2020.05.07-20.52.38:922][ 94]CompilerResultsLog:   [2/23] PRJGameModeBase.cpp
[2020.05.07-20.52.38:922][ 94]CompilerResultsLog:   [3/23] LevelLoader.cpp
[2020.05.07-20.52.38:923][ 94]CompilerResultsLog:   [4/23] ParentPlayer.cpp
[2020.05.07-20.52.38:923][ 94]CompilerResultsLog:   [5/23] ParentWeapon.cpp
[2020.05.07-20.52.38:923][ 94]CompilerResultsLog:   [6/23] Project.cpp
[2020.05.07-20.52.38:924][ 94]CompilerResultsLog:   [7/23] HealthPickup.cpp
[2020.05.07-20.52.38:924][ 94]CompilerResultsLog:   [8/23] TwinStickShooterPlayer.cpp
[2020.05.07-20.52.38:925][ 94]CompilerResultsLog:   [9/23] TwinStickShooterPlayer.gen.cpp
[2020.05.07-20.52.38:925][ 94]CompilerResultsLog:   [10/23] ProjectGameModeBase.cpp
[2020.05.07-20.52.38:925][ 94]CompilerResultsLog:   [11/23] CustomGameInstance.gen.cpp
[2020.05.07-20.52.38:926][ 94]CompilerResultsLog:   [12/23] LevelLoader.gen.cpp
[2020.05.07-20.52.38:926][ 94]CompilerResultsLog:   [13/23] ParentWeapon.gen.cpp
[2020.05.07-20.52.38:927][ 94]CompilerResultsLog:   [14/23] ParentPlayer.gen.cpp
[2020.05.07-20.52.38:927][ 94]CompilerResultsLog:   [15/23] PRJGameModeBase.gen.cpp
[2020.05.07-20.52.38:927][ 94]CompilerResultsLog:   [16/23] Project.init.gen.cpp
[2020.05.07-20.52.38:927][ 94]CompilerResultsLog:   [17/23] ProjectGameModeBase.gen.cpp
[2020.05.07-20.52.38:928][ 94]CompilerResultsLog:   [18/23] HealthPickup.gen.cpp
[2020.05.07-20.52.38:928][ 94]CompilerResultsLog:   [19/23] TSHUD.cpp
[2020.05.07-20.52.38:929][ 94]CompilerResultsLog:   [20/23] TSHUD.gen.cpp
[2020.05.07-20.52.38:929][ 94]CompilerResultsLog:   [21/23] UE4Editor-Project-4697.lib
[2020.05.07-20.52.38:929][ 94]CompilerResultsLog:      Creating library C:\Users\julia\Documents\UnrealEngineProject\ProjectUE4Game\Project\Intermediate\Build\Win64\UE4Editor\Development\Project\UE4Editor-Project-4697.lib and object C:\Users\julia\Documents\UnrealEngineProject\ProjectUE4Game\Project\Intermediate\Build\Win64\UE4Editor\Development\Project\UE4Editor-Project-4697.exp
[2020.05.07-20.52.38:929][ 94]CompilerResultsLog:   [22/23] UE4Editor-Project-4697.dll
[2020.05.07-20.52.38:930][ 94]CompilerResultsLog:      Creating library C:\Users\julia\Documents\UnrealEngineProject\ProjectUE4Game\Project\Intermediate\Build\Win64\UE4Editor\Development\Project\UE4Editor-Project-4697.suppressed.lib and object C:\Users\julia\Documents\UnrealEngineProject\ProjectUE4Game\Project\Intermediate\Build\Win64\UE4Editor\Development\Project\UE4Editor-Project-4697.suppressed.exp
[2020.05.07-20.52.38:931][ 94]CompilerResultsLog:   [23/23] ProjectEditor.target
[2020.05.07-20.52.38:931][ 94]CompilerResultsLog: Total time in Parallel executor: 31.57 seconds
[2020.05.07-20.52.38:931][ 94]CompilerResultsLog: Total execution time: 66.92 seconds
[2020.05.07-20.52.38:932][ 94]LogMainFrame: MainFrame: Module compiling took 67.135 seconds
[2020.05.07-20.52.39:085][ 94]LogUObjectHash: Compacting FUObjectHashTables data took  16.67ms
[2020.05.07-20.52.39:209][ 94]LogClass: Could not find existing class PRJGameModeBase in package /Script/Project for HotReload, assuming new class
[2020.05.07-20.52.39:236][ 94]LogContentBrowser: Native class hierarchy updated for 'Project' in 0.0019 seconds. Added 9 classes and 3 folders.
[2020.05.07-20.52.39:239][ 94]Display: HotReload successful (5 functions remapped  0 scriptstructs remapped)
[2020.05.07-20.52.39:440][ 94]LogUObjectHash: Compacting FUObjectHashTables data took   1.66ms
[2020.05.07-20.52.39:465][ 94]LogContentBrowser: Native class hierarchy populated in 0.0129 seconds. Added 3026 classes and 723 folders.
[2020.05.07-20.52.39:467][ 94]Display: HotReload took 67.7s.
[2020.05.07-20.52.39:476][ 94]Warning: HotReload operation took 67.7s.
[2020.05.07-20.52.42:183][ 94]LogSlate: Window 'Add C++ Class' being destroyed
[2020.05.07-20.52.42:238][ 94]LogHotReload: New module detected: UE4Editor-Project-4697.dll
[2020.05.07-20.52.42:584][ 95]LogHotReload: Starting Hot-Reload from IDE
[2020.05.07-20.52.42:686][ 95]LogUObjectHash: Compacting FUObjectHashTables data took   1.22ms
[2020.05.07-20.52.42:694][ 95]LogContentBrowser: Native class hierarchy updated for 'Project' in 0.0008 seconds. Added 9 classes and 3 folders.
[2020.05.07-20.52.42:699][ 95]Display: HotReload successful (0 functions remapped  0 scriptstructs remapped)
[2020.05.07-20.52.42:746][ 95]LogUObjectHash: Compacting FUObjectHashTables data took   1.15ms
[2020.05.07-20.52.42:778][ 95]LogContentBrowser: Native class hierarchy populated in 0.0184 seconds. Added 3026 classes and 723 folders.
[2020.05.07-20.52.42:800][ 95]Display: HotReload took  0.2s.
[2020.05.07-20.58.08:240][420]LogSlate: WidgetSwitcher ('None') active index changed to -1
[2020.05.07-20.58.08:240][420]LogSlate: WidgetSwitcher ('None') active index changed to 0
[2020.05.07-20.58.11:937][607]LogSlate: WidgetSwitcher ('None') active index changed to 1
[2020.05.07-20.58.48:420][152]Candidate modules for hot reload:
[2020.05.07-20.58.48:421][152]  Project
[2020.05.07-20.58.48:421][152]Launching UnrealBuildTool... [C:/Program Files/Epic Games/UE_4.24/Engine/Binaries/DotNET/UnrealBuildTool.exe  -ModuleWithSuffix=Project,8986 Win64 Development -TargetType=Editor -Project="C:/Users/julia/Documents/UnrealEngineProject/ProjectUE4Game/Project/Project.uproject" "C:/Users/julia/Documents/UnrealEngineProject/ProjectUE4Game/Project/Project.uproject"  -IgnoreJunk]
[2020.05.07-20.59.10:823][152]CompilerResultsLog: New page: Compilation - May 7, 2020, 12:59:10 p.m.
[2020.05.07-20.59.10:823][152]CompilerResultsLog: Using 'git status' to determine working set for adaptive non-unity build (C:\Users\julia\Documents\UnrealEngineProject\ProjectUE4Game).
[2020.05.07-20.59.10:823][152]CompilerResultsLog: Invalidating makefile for ProjectEditor (source file added)
[2020.05.07-20.59.10:823][152]CompilerResultsLog: Parsing headers for ProjectEditor
[2020.05.07-20.59.10:823][152]CompilerResultsLog:   Running UnrealHeaderTool "C:\Users\julia\Documents\UnrealEngineProject\ProjectUE4Game\Project\Project.uproject" "C:\Users\julia\Documents\UnrealEngineProject\ProjectUE4Game\Project\Intermediate\Build\Win64\ProjectEditor\Development\ProjectEditor.uhtmanifest" -LogCmds="loginit warning, logexit warning, logdatabase error" -Unattended -WarningsAsErrors -installed
[2020.05.07-20.59.10:824][152]CompilerResultsLog: Reflection code generated for ProjectEditor in 13.155373 seconds
[2020.05.07-20.59.10:824][152]CompilerResultsLog: Building ProjectEditor...
[2020.05.07-20.59.10:824][152]CompilerResultsLog: Using Visual Studio 2019 14.25.28614 toolchain (C:\Program Files (x86)\Microsoft Visual Studio\2019\Community\VC\Tools\MSVC\14.25.28610) and Windows 10.0.18362.0 SDK (C:\Program Files (x86)\Windows Kits\10).
[2020.05.07-20.59.10:824][152]CompilerResultsLog: Building 6 actions with 4 processes...
[2020.05.07-20.59.10:824][152]CompilerResultsLog:   [1/6] PRJPawn.cpp
[2020.05.07-20.59.10:824][152]CompilerResultsLog:   [2/6] Project.init.gen.cpp
[2020.05.07-20.59.10:825][152]CompilerResultsLog:   [3/6] PRJPawn.gen.cpp
[2020.05.07-20.59.10:825][152]CompilerResultsLog:   [4/6] UE4Editor-Project-8986.lib
[2020.05.07-20.59.10:825][152]CompilerResultsLog:      Creating library C:\Users\julia\Documents\UnrealEngineProject\ProjectUE4Game\Project\Intermediate\Build\Win64\UE4Editor\Development\Project\UE4Editor-Project-8986.lib and object C:\Users\julia\Documents\UnrealEngineProject\ProjectUE4Game\Project\Intermediate\Build\Win64\UE4Editor\Development\Project\UE4Editor-Project-8986.exp
[2020.05.07-20.59.10:825][152]CompilerResultsLog:   [5/6] UE4Editor-Project-8986.dll
[2020.05.07-20.59.10:825][152]CompilerResultsLog:      Creating library C:\Users\julia\Documents\UnrealEngineProject\ProjectUE4Game\Project\Intermediate\Build\Win64\UE4Editor\Development\Project\UE4Editor-Project-8986.suppressed.lib and object C:\Users\julia\Documents\UnrealEngineProject\ProjectUE4Game\Project\Intermediate\Build\Win64\UE4Editor\Development\Project\UE4Editor-Project-8986.suppressed.exp
[2020.05.07-20.59.10:825][152]CompilerResultsLog:   [6/6] ProjectEditor.target
[2020.05.07-20.59.10:825][152]CompilerResultsLog: Total time in Parallel executor: 2.94 seconds
[2020.05.07-20.59.10:827][152]CompilerResultsLog: Total execution time: 22.28 seconds
[2020.05.07-20.59.10:827][152]LogMainFrame: MainFrame: Module compiling took 22.419 seconds
[2020.05.07-20.59.10:868][152]LogUObjectHash: Compacting FUObjectHashTables data took   1.33ms
[2020.05.07-20.59.10:921][152]LogClass: Could not find existing class PRJPawn in package /Script/Project for HotReload, assuming new class
[2020.05.07-20.59.10:935][152]LogContentBrowser: Native class hierarchy updated for 'Project' in 0.0005 seconds. Added 10 classes and 3 folders.
[2020.05.07-20.59.10:938][152]Display: HotReload successful (5 functions remapped  0 scriptstructs remapped)
[2020.05.07-20.59.11:044][152]LogUObjectHash: Compacting FUObjectHashTables data took   2.29ms
[2020.05.07-20.59.11:065][152]LogContentBrowser: Native class hierarchy populated in 0.0132 seconds. Added 3027 classes and 723 folders.
[2020.05.07-20.59.11:065][152]Display: HotReload took 22.7s.
[2020.05.07-20.59.11:077][152]Warning: HotReload operation took 22.7s.
[2020.05.07-20.59.11:682][152]LogSlate: Window 'Add C++ Class' being destroyed
[2020.05.07-20.59.11:695][152]LogHotReload: New module detected: UE4Editor-Project-8986.dll
[2020.05.07-20.59.11:833][153]LogHotReload: Starting Hot-Reload from IDE
[2020.05.07-20.59.11:935][153]LogUObjectHash: Compacting FUObjectHashTables data took   1.14ms
[2020.05.07-20.59.11:941][153]LogContentBrowser: Native class hierarchy updated for 'Project' in 0.0007 seconds. Added 10 classes and 3 folders.
[2020.05.07-20.59.11:947][153]Display: HotReload successful (0 functions remapped  0 scriptstructs remapped)
[2020.05.07-20.59.11:998][153]LogUObjectHash: Compacting FUObjectHashTables data took   1.16ms
[2020.05.07-20.59.12:041][153]LogContentBrowser: Native class hierarchy populated in 0.0220 seconds. Added 3027 classes and 723 folders.
[2020.05.07-20.59.12:060][153]Display: HotReload took  0.2s.
[2020.05.07-21.00.09:313][593]LogSlate: WidgetSwitcher ('None') active index changed to -1
[2020.05.07-21.00.09:314][593]LogSlate: WidgetSwitcher ('None') active index changed to 0
[2020.05.07-21.00.13:158][794]LogSlate: WidgetSwitcher ('None') active index changed to 1
[2020.05.07-21.00.44:317][949]Candidate modules for hot reload:
[2020.05.07-21.00.44:317][949]  Project
[2020.05.07-21.00.44:317][949]Launching UnrealBuildTool... [C:/Program Files/Epic Games/UE_4.24/Engine/Binaries/DotNET/UnrealBuildTool.exe  -ModuleWithSuffix=Project,9285 Win64 Development -TargetType=Editor -Project="C:/Users/julia/Documents/UnrealEngineProject/ProjectUE4Game/Project/Project.uproject" "C:/Users/julia/Documents/UnrealEngineProject/ProjectUE4Game/Project/Project.uproject"  -IgnoreJunk]
[2020.05.07-21.01.03:577][949]CompilerResultsLog: New page: Compilation - May 7, 2020, 1:01:03 p.m.
[2020.05.07-21.01.03:578][949]CompilerResultsLog: Using 'git status' to determine working set for adaptive non-unity build (C:\Users\julia\Documents\UnrealEngineProject\ProjectUE4Game).
[2020.05.07-21.01.03:578][949]CompilerResultsLog: Invalidating makefile for ProjectEditor (source file added)
[2020.05.07-21.01.03:578][949]CompilerResultsLog: Parsing headers for ProjectEditor
[2020.05.07-21.01.03:578][949]CompilerResultsLog:   Running UnrealHeaderTool "C:\Users\julia\Documents\UnrealEngineProject\ProjectUE4Game\Project\Project.uproject" "C:\Users\julia\Documents\UnrealEngineProject\ProjectUE4Game\Project\Intermediate\Build\Win64\ProjectEditor\Development\ProjectEditor.uhtmanifest" -LogCmds="loginit warning, logexit warning, logdatabase error" -Unattended -WarningsAsErrors -installed
[2020.05.07-21.01.03:578][949]CompilerResultsLog: Reflection code generated for ProjectEditor in 9.9885415 seconds
[2020.05.07-21.01.03:579][949]CompilerResultsLog: Building ProjectEditor...
[2020.05.07-21.01.03:579][949]CompilerResultsLog: Using Visual Studio 2019 14.25.28614 toolchain (C:\Program Files (x86)\Microsoft Visual Studio\2019\Community\VC\Tools\MSVC\14.25.28610) and Windows 10.0.18362.0 SDK (C:\Program Files (x86)\Windows Kits\10).
[2020.05.07-21.01.03:579][949]CompilerResultsLog: Building 6 actions with 4 processes...
[2020.05.07-21.01.03:579][949]CompilerResultsLog:   [1/6] PRJEndPoint.cpp
[2020.05.07-21.01.03:579][949]CompilerResultsLog:   [2/6] Project.init.gen.cpp
[2020.05.07-21.01.03:579][949]CompilerResultsLog:   [3/6] PRJEndPoint.gen.cpp
[2020.05.07-21.01.03:579][949]CompilerResultsLog:   [4/6] UE4Editor-Project-9285.lib
[2020.05.07-21.01.03:579][949]CompilerResultsLog:      Creating library C:\Users\julia\Documents\UnrealEngineProject\ProjectUE4Game\Project\Intermediate\Build\Win64\UE4Editor\Development\Project\UE4Editor-Project-9285.lib and object C:\Users\julia\Documents\UnrealEngineProject\ProjectUE4Game\Project\Intermediate\Build\Win64\UE4Editor\Development\Project\UE4Editor-Project-9285.exp
[2020.05.07-21.01.03:580][949]CompilerResultsLog:   [5/6] UE4Editor-Project-9285.dll
[2020.05.07-21.01.03:580][949]CompilerResultsLog:      Creating library C:\Users\julia\Documents\UnrealEngineProject\ProjectUE4Game\Project\Intermediate\Build\Win64\UE4Editor\Development\Project\UE4Editor-Project-9285.suppressed.lib and object C:\Users\julia\Documents\UnrealEngineProject\ProjectUE4Game\Project\Intermediate\Build\Win64\UE4Editor\Development\Project\UE4Editor-Project-9285.suppressed.exp
[2020.05.07-21.01.03:580][949]CompilerResultsLog:   [6/6] ProjectEditor.target
[2020.05.07-21.01.03:580][949]CompilerResultsLog: Total time in Parallel executor: 4.74 seconds
[2020.05.07-21.01.03:580][949]CompilerResultsLog: Total execution time: 19.12 seconds
[2020.05.07-21.01.03:580][949]LogMainFrame: MainFrame: Module compiling took 19.275 seconds
[2020.05.07-21.01.03:651][949]LogUObjectHash: Compacting FUObjectHashTables data took   1.48ms
[2020.05.07-21.01.03:724][949]LogClass: Could not find existing class PRJEndPoint in package /Script/Project for HotReload, assuming new class
[2020.05.07-21.01.03:760][949]LogContentBrowser: Native class hierarchy updated for 'Project' in 0.0009 seconds. Added 11 classes and 3 folders.
[2020.05.07-21.01.03:764][949]Display: HotReload successful (5 functions remapped  0 scriptstructs remapped)
[2020.05.07-21.01.03:919][949]LogUObjectHash: Compacting FUObjectHashTables data took   2.27ms
[2020.05.07-21.01.03:947][949]LogContentBrowser: Native class hierarchy populated in 0.0186 seconds. Added 3028 classes and 723 folders.
[2020.05.07-21.01.03:948][949]Display: HotReload took 19.7s.
[2020.05.07-21.01.03:959][949]Warning: HotReload operation took 19.7s.
[2020.05.07-21.01.04:521][949]LogSlate: Window 'Add C++ Class' being destroyed
[2020.05.07-21.01.04:532][949]LogHotReload: New module detected: UE4Editor-Project-9285.dll
[2020.05.07-21.01.04:628][950]LogHotReload: Starting Hot-Reload from IDE
[2020.05.07-21.01.04:710][950]LogUObjectHash: Compacting FUObjectHashTables data took   1.59ms
[2020.05.07-21.01.04:715][950]LogContentBrowser: Native class hierarchy updated for 'Project' in 0.0005 seconds. Added 11 classes and 3 folders.
[2020.05.07-21.01.04:720][950]Display: HotReload successful (0 functions remapped  0 scriptstructs remapped)
[2020.05.07-21.01.04:768][950]LogUObjectHash: Compacting FUObjectHashTables data took   1.09ms
[2020.05.07-21.01.04:799][950]LogContentBrowser: Native class hierarchy populated in 0.0191 seconds. Added 3028 classes and 723 folders.
[2020.05.07-21.01.04:835][950]Display: HotReload took  0.2s.
[2020.05.07-21.01.20:166][270]LogSlate: WidgetSwitcher ('None') active index changed to -1
[2020.05.07-21.01.20:166][270]LogSlate: WidgetSwitcher ('None') active index changed to 0
[2020.05.07-21.01.24:601][503]LogSlate: WidgetSwitcher ('None') active index changed to 1
[2020.05.07-21.01.36:706][206]Candidate modules for hot reload:
[2020.05.07-21.01.36:706][206]  Project
[2020.05.07-21.01.36:707][206]Launching UnrealBuildTool... [C:/Program Files/Epic Games/UE_4.24/Engine/Binaries/DotNET/UnrealBuildTool.exe  -ModuleWithSuffix=Project,385 Win64 Development -TargetType=Editor -Project="C:/Users/julia/Documents/UnrealEngineProject/ProjectUE4Game/Project/Project.uproject" "C:/Users/julia/Documents/UnrealEngineProject/ProjectUE4Game/Project/Project.uproject"  -IgnoreJunk]
[2020.05.07-21.01.54:601][206]CompilerResultsLog: New page: Compilation - May 7, 2020, 1:01:54 p.m.
[2020.05.07-21.01.54:601][206]CompilerResultsLog: Using 'git status' to determine working set for adaptive non-unity build (C:\Users\julia\Documents\UnrealEngineProject\ProjectUE4Game).
[2020.05.07-21.01.54:601][206]CompilerResultsLog: Invalidating makefile for ProjectEditor (source file added)
[2020.05.07-21.01.54:601][206]CompilerResultsLog: Parsing headers for ProjectEditor
[2020.05.07-21.01.54:602][206]CompilerResultsLog:   Running UnrealHeaderTool "C:\Users\julia\Documents\UnrealEngineProject\ProjectUE4Game\Project\Project.uproject" "C:\Users\julia\Documents\UnrealEngineProject\ProjectUE4Game\Project\Intermediate\Build\Win64\ProjectEditor\Development\ProjectEditor.uhtmanifest" -LogCmds="loginit warning, logexit warning, logdatabase error" -Unattended -WarningsAsErrors -installed
[2020.05.07-21.01.54:602][206]CompilerResultsLog: Reflection code generated for ProjectEditor in 10.5608027 seconds
[2020.05.07-21.01.54:603][206]CompilerResultsLog: Building ProjectEditor...
[2020.05.07-21.01.54:603][206]CompilerResultsLog: Using Visual Studio 2019 14.25.28614 toolchain (C:\Program Files (x86)\Microsoft Visual Studio\2019\Community\VC\Tools\MSVC\14.25.28610) and Windows 10.0.18362.0 SDK (C:\Program Files (x86)\Windows Kits\10).
[2020.05.07-21.01.54:603][206]CompilerResultsLog: Building 6 actions with 4 processes...
[2020.05.07-21.01.54:603][206]CompilerResultsLog:   [1/6] PRJObstacle.cpp
[2020.05.07-21.01.54:604][206]CompilerResultsLog:   [2/6] Project.init.gen.cpp
[2020.05.07-21.01.54:604][206]CompilerResultsLog:   [3/6] PRJObstacle.gen.cpp
[2020.05.07-21.01.54:605][206]CompilerResultsLog:   [4/6] UE4Editor-Project-0385.lib
[2020.05.07-21.01.54:605][206]CompilerResultsLog:      Creating library C:\Users\julia\Documents\UnrealEngineProject\ProjectUE4Game\Project\Intermediate\Build\Win64\UE4Editor\Development\Project\UE4Editor-Project-0385.lib and object C:\Users\julia\Documents\UnrealEngineProject\ProjectUE4Game\Project\Intermediate\Build\Win64\UE4Editor\Development\Project\UE4Editor-Project-0385.exp
[2020.05.07-21.01.54:605][206]CompilerResultsLog:   [5/6] UE4Editor-Project-0385.dll
[2020.05.07-21.01.54:605][206]CompilerResultsLog:      Creating library C:\Users\julia\Documents\UnrealEngineProject\ProjectUE4Game\Project\Intermediate\Build\Win64\UE4Editor\Development\Project\UE4Editor-Project-0385.suppressed.lib and object C:\Users\julia\Documents\UnrealEngineProject\ProjectUE4Game\Project\Intermediate\Build\Win64\UE4Editor\Development\Project\UE4Editor-Project-0385.suppressed.exp
[2020.05.07-21.01.54:606][206]CompilerResultsLog:   [6/6] ProjectEditor.target
[2020.05.07-21.01.54:606][206]CompilerResultsLog: Total time in Parallel executor: 2.79 seconds
[2020.05.07-21.01.54:606][206]CompilerResultsLog: Total execution time: 17.75 seconds
[2020.05.07-21.01.54:606][206]LogMainFrame: MainFrame: Module compiling took 17.913 seconds
[2020.05.07-21.01.54:672][206]LogUObjectHash: Compacting FUObjectHashTables data took   0.93ms
[2020.05.07-21.01.54:692][206]LogContentBrowser: Native class hierarchy populated in 0.0121 seconds. Added 3028 classes and 723 folders.
[2020.05.07-21.01.54:692][206]Display: HotReload took 18.0s.
[2020.05.07-21.01.54:711][206]Warning: HotReload operation took 18.0s.
[2020.05.07-21.01.55:197][206]LogSlate: Window 'Add C++ Class' being destroyed
[2020.05.07-21.01.55:211][206]LogHotReload: New module detected: UE4Editor-Project-0385.dll
[2020.05.07-21.01.55:298][207]LogHotReload: Starting Hot-Reload from IDE
[2020.05.07-21.01.55:425][207]LogUObjectHash: Compacting FUObjectHashTables data took   0.86ms
[2020.05.07-21.01.55:516][207]LogClass: Could not find existing class PRJObstacle in package /Script/Project for HotReload, assuming new class
[2020.05.07-21.01.55:543][207]LogContentBrowser: Native class hierarchy updated for 'Project' in 0.0019 seconds. Added 12 classes and 3 folders.
[2020.05.07-21.01.55:547][207]Display: HotReload successful (5 functions remapped  0 scriptstructs remapped)
[2020.05.07-21.01.55:717][207]LogUObjectHash: Compacting FUObjectHashTables data took   2.04ms
[2020.05.07-21.01.55:747][207]LogContentBrowser: Native class hierarchy populated in 0.0184 seconds. Added 3029 classes and 723 folders.
[2020.05.07-21.01.55:764][207]Display: HotReload took  0.5s.
[2020.05.07-21.21.31:172][849]Candidate modules for hot reload:
[2020.05.07-21.21.31:172][849]  Project
[2020.05.07-21.21.31:173][849]Launching UnrealBuildTool... [C:/Program Files/Epic Games/UE_4.24/Engine/Binaries/DotNET/UnrealBuildTool.exe  -ModuleWithSuffix=Project,5487 Win64 Development -TargetType=Editor -Project="C:/Users/julia/Documents/UnrealEngineProject/ProjectUE4Game/Project/Project.uproject" "C:/Users/julia/Documents/UnrealEngineProject/ProjectUE4Game/Project/Project.uproject"  -IgnoreJunk]
[2020.05.07-21.21.31:175][849]Warning: Starting HotReload took  0.0s.
[2020.05.07-21.21.46:659][728]CompilerResultsLog: New page: Compilation - May 7, 2020, 1:21:46 p.m.
[2020.05.07-21.21.46:659][728]CompilerResultsLog: Using 'git status' to determine working set for adaptive non-unity build (C:\Users\julia\Documents\UnrealEngineProject\ProjectUE4Game).
[2020.05.07-21.21.46:659][728]CompilerResultsLog: Parsing headers for ProjectEditor
[2020.05.07-21.21.46:659][728]CompilerResultsLog:   Running UnrealHeaderTool "C:\Users\julia\Documents\UnrealEngineProject\ProjectUE4Game\Project\Project.uproject" "C:\Users\julia\Documents\UnrealEngineProject\ProjectUE4Game\Project\Intermediate\Build\Win64\ProjectEditor\Development\ProjectEditor.uhtmanifest" -LogCmds="loginit warning, logexit warning, logdatabase error" -Unattended -WarningsAsErrors -installed
[2020.05.07-21.21.46:659][728]CompilerResultsLog: Reflection code generated for ProjectEditor in 9.2557974 seconds
[2020.05.07-21.21.46:659][728]CompilerResultsLog: Building ProjectEditor...
[2020.05.07-21.21.46:659][728]CompilerResultsLog: Using Visual Studio 2019 14.25.28614 toolchain (C:\Program Files (x86)\Microsoft Visual Studio\2019\Community\VC\Tools\MSVC\14.25.28610) and Windows 10.0.18362.0 SDK (C:\Program Files (x86)\Windows Kits\10).
[2020.05.07-21.21.46:660][728]CompilerResultsLog: Building 6 actions with 4 processes...
[2020.05.07-21.21.46:660][728]CompilerResultsLog:   [1/6] PRJPawn.cpp
[2020.05.07-21.21.46:660][728]CompilerResultsLog:   [2/6] Project.init.gen.cpp
[2020.05.07-21.21.46:660][728]CompilerResultsLog:   [3/6] PRJPawn.gen.cpp
[2020.05.07-21.21.46:661][728]CompilerResultsLog:   [4/6] UE4Editor-Project-5487.lib
[2020.05.07-21.21.46:661][728]CompilerResultsLog:      Creating library C:\Users\julia\Documents\UnrealEngineProject\ProjectUE4Game\Project\Intermediate\Build\Win64\UE4Editor\Development\Project\UE4Editor-Project-5487.lib and object C:\Users\julia\Documents\UnrealEngineProject\ProjectUE4Game\Project\Intermediate\Build\Win64\UE4Editor\Development\Project\UE4Editor-Project-5487.exp
[2020.05.07-21.21.46:661][728]CompilerResultsLog:   [5/6] UE4Editor-Project-5487.dll
[2020.05.07-21.21.46:661][728]CompilerResultsLog:      Creating library C:\Users\julia\Documents\UnrealEngineProject\ProjectUE4Game\Project\Intermediate\Build\Win64\UE4Editor\Development\Project\UE4Editor-Project-5487.suppressed.lib and object C:\Users\julia\Documents\UnrealEngineProject\ProjectUE4Game\Project\Intermediate\Build\Win64\UE4Editor\Development\Project\UE4Editor-Project-5487.suppressed.exp
[2020.05.07-21.21.46:661][728]CompilerResultsLog:   [6/6] ProjectEditor.target
[2020.05.07-21.21.46:661][728]CompilerResultsLog: Total time in Parallel executor: 4.14 seconds
[2020.05.07-21.21.46:662][728]CompilerResultsLog: Total execution time: 15.38 seconds
[2020.05.07-21.21.46:662][728]LogMainFrame: MainFrame: Module compiling took 15.505 seconds
[2020.05.07-21.21.46:700][728]LogUObjectHash: Compacting FUObjectHashTables data took   1.18ms
[2020.05.07-21.21.46:770][728]LogClass: Could not find existing class PRJPawn in package /Script/Project for HotReload, assuming new class
[2020.05.07-21.21.46:791][728]LogHotReload: Re-instancing PRJPawn after hot-reload.
[2020.05.07-21.21.46:923][728]LogContentBrowser: Native class hierarchy updated for 'Project' in 0.0011 seconds. Added 12 classes and 3 folders.
[2020.05.07-21.21.46:929][728]Display: HotReload successful (5 functions remapped  0 scriptstructs remapped)
[2020.05.07-21.21.47:068][728]LogUObjectHash: Compacting FUObjectHashTables data took   1.61ms
[2020.05.07-21.21.47:087][728]LogContentBrowser: Native class hierarchy populated in 0.0112 seconds. Added 3029 classes and 723 folders.
[2020.05.07-21.21.47:088][728]Display: HotReload took 15.9s.
